2023.03.10 01:30:01 INFO  tracing is disabled for protocol LSP, to enable tracing of incoming and outgoing JSON messages create an empty file at c:\Users\Parth Panara\Desktop\NJIT Learning materials\DS 644 Introduction to Big Data\Projects\Project1\funsets\.metals\lsp.trace.json or C:\Users\Parth Panara\AppData\Local\scalameta\metals\cache\lsp.trace.json
2023.03.10 01:30:02 INFO  logging to file C:\Users\Parth Panara\Desktop\NJIT Learning materials\DS 644 Introduction to Big Data\Projects\Project1\funsets\.metals\metals.log
2023.03.10 01:30:02 INFO  Started: Metals version 0.11.9 in workspace 'C:\Users\Parth Panara\Desktop\NJIT Learning materials\DS 644 Introduction to Big Data\Projects\Project1\funsets' for client Visual Studio Code 1.74.3.
2023.03.10 01:30:04 INFO  time: initialize in 2.26s
2023.03.10 01:30:07 WARN  Build server is not auto-connectable.
2023.03.10 01:30:07 WARN  no build target for: C:\Users\Parth Panara\Desktop\NJIT Learning materials\DS 644 Introduction to Big Data\Projects\Project1\funsets\src\test\scala\funsets\FunSetsSuite.scala
2023.03.10 01:30:11 INFO  running 'C:\Program Files\Java\jdk-11\bin\java -Djline.terminal=jline.UnsupportedTerminal -Dsbt.log.noformat=true -Dfile.encoding=UTF-8 -Dsbt.version=1.7.1 -jar C:\Users\PARTHP~1\AppData\Local\Temp\metals3014407324217268974\sbt-launch.jar -Dbloop.export-jar-classifiers=sources bloopInstall'
2023.03.10 01:30:13 INFO  no build target found for C:\Users\Parth Panara\Desktop\NJIT Learning materials\DS 644 Introduction to Big Data\Projects\Project1\funsets\src\test\scala\funsets\FunSetsSuite.scala. Using presentation compiler with project's scala-library version: 3.2.0
2023.03.10 01:30:26 INFO  time: code lens generation in 18s
2023.03.10 01:30:26 INFO  time: code lens generation in 15s
2023.03.10 01:30:27 INFO  [info] Updated file C:\Users\Parth Panara\Desktop\NJIT Learning materials\DS 644 Introduction to Big Data\Projects\Project1\funsets\project\build.properties: set sbt.version to 1.7.1
2023.03.10 01:30:27 INFO  [info] welcome to sbt 1.7.1 (Oracle Corporation Java 11.0.18)
2023.03.10 01:30:33 INFO  [info] loading settings for project funsets-build-build from metals.sbt ...
2023.03.10 01:30:34 INFO  [info] loading project definition from C:\Users\Parth Panara\Desktop\NJIT Learning materials\DS 644 Introduction to Big Data\Projects\Project1\funsets\project\project
2023.03.10 01:30:41 INFO  [info] loading settings for project funsets-build from metals.sbt ...
2023.03.10 01:30:41 INFO  [info] loading project definition from C:\Users\Parth Panara\Desktop\NJIT Learning materials\DS 644 Introduction to Big Data\Projects\Project1\funsets\project
2023.03.10 01:30:47 INFO  [success] Generated .bloop\funsets-build.json
2023.03.10 01:30:49 INFO  [success] Total time: 8 s, completed Mar 10, 2023, 1:30:49 AM
2023.03.10 01:30:52 INFO  [info] loading settings for project funsets from build.sbt ...
2023.03.10 01:30:52 INFO  [info] set current project to funsets (in build file:/C:/Users/Parth%20Panara/Desktop/NJIT%20Learning%20materials/DS%20644%20Introduction%20to%20Big%20Data/Projects/Project1/funsets/)
2023.03.10 01:30:53 INFO  [success] Generated .bloop\funsets.json
2023.03.10 01:30:53 INFO  [success] Generated .bloop\funsets-test.json
2023.03.10 01:30:53 INFO  [success] Total time: 1 s, completed Mar 10, 2023, 1:30:54 AM
2023.03.10 01:30:54 INFO  time: ran 'sbt bloopInstall' in 43s
2023.03.10 01:30:54 INFO  Attempting to connect to the build server...
2023.03.10 01:30:54 INFO  Bloop uses C:\Program Files\Java\jdk-11 defined at C:\Users\Parth Panara\.bloop\bloop.json
2023.03.10 01:30:54 INFO  tracing is disabled for protocol BSP, to enable tracing of incoming and outgoing JSON messages create an empty file at C:\Users\Parth Panara\Desktop\NJIT Learning materials\DS 644 Introduction to Big Data\Projects\Project1\funsets\.metals\bsp.trace.json or C:\Users\Parth Panara\AppData\Local\scalameta\metals\cache\bsp.trace.json
2023.03.10 01:30:54 INFO  Attempting to connect to the build server...
2023.03.10 01:30:54 INFO  Bloop uses C:\Program Files\Java\jdk-11 defined at C:\Users\Parth Panara\.bloop\bloop.json
2023.03.10 01:30:54 INFO  tracing is disabled for protocol BSP, to enable tracing of incoming and outgoing JSON messages create an empty file at C:\Users\Parth Panara\Desktop\NJIT Learning materials\DS 644 Introduction to Big Data\Projects\Project1\funsets\project\.metals\bsp.trace.json or C:\Users\Parth Panara\AppData\Local\scalameta\metals\cache\bsp.trace.json
2023.03.10 01:30:54 INFO  time: Connected to build server in 0.31s
2023.03.10 01:30:54 INFO  Connected to Build server: Bloop v1.5.4
2023.03.10 01:30:54 INFO  time: Imported build in 0.2s
2023.03.10 01:31:02 INFO  time: indexed workspace in 8.26s
2023.03.10 01:31:03 INFO  compiling funsets (3 scala sources)
2023.03.10 01:31:16 INFO  time: compiled funsets in 12s
2023.03.10 01:31:16 INFO  compiling funsets-test (1 scala source)
2023.03.10 01:31:19 INFO  time: compiled funsets-test in 2.97s
2023.03.10 01:51:41 INFO  time: evaluated worksheet 'Work.worksheet.sc' in 5.79s
2023.03.10 01:51:55 INFO  time: evaluated worksheet 'Work.worksheet.sc' in 0.98s
Mar 10, 2023 1:52:14 AM scala.meta.internal.pc.CompilerAccess retryWithCleanCompiler
INFO: compiler crashed due to an error in the Scala compiler, retrying with new compiler instance.
Mar 10, 2023 1:52:14 AM scala.meta.internal.pc.CompilerAccess handleError
SEVERE: Index 4 out of bounds for length 4
java.lang.ArrayIndexOutOfBoundsException: Index 4 out of bounds for length 4
	at scala.reflect.internal.util.BatchSourceFile.findLine$1(SourceFile.scala:218)
	at scala.reflect.internal.util.BatchSourceFile.offsetToLine(SourceFile.scala:221)
	at scala.meta.internal.pc.MetalsGlobal$XtensionPositionMetals.toPos(MetalsGlobal.scala:615)
	at scala.meta.internal.pc.MetalsGlobal$XtensionPositionMetals.toLsp(MetalsGlobal.scala:628)
	at scala.meta.internal.pc.PcDocumentHighlightProvider.traverse$1(PcDocumentHighlightProvider.scala:221)
	at scala.meta.internal.pc.PcDocumentHighlightProvider.$anonfun$highlights$20(PcDocumentHighlightProvider.scala:308)
	at scala.collection.LinearSeqOps.foldLeft(LinearSeq.scala:169)
	at scala.collection.LinearSeqOps.foldLeft$(LinearSeq.scala:165)
	at scala.collection.immutable.List.foldLeft(List.scala:79)
	at scala.meta.internal.pc.PcDocumentHighlightProvider.traverse$1(PcDocumentHighlightProvider.scala:308)
	at scala.meta.internal.pc.PcDocumentHighlightProvider.$anonfun$highlights$15(PcDocumentHighlightProvider.scala:274)
	at scala.collection.LinearSeqOps.foldLeft(LinearSeq.scala:169)
	at scala.collection.LinearSeqOps.foldLeft$(LinearSeq.scala:165)
	at scala.collection.immutable.List.foldLeft(List.scala:79)
	at scala.meta.internal.pc.PcDocumentHighlightProvider.traverse$1(PcDocumentHighlightProvider.scala:274)
	at scala.meta.internal.pc.PcDocumentHighlightProvider.$anonfun$highlights$20(PcDocumentHighlightProvider.scala:308)
	at scala.collection.LinearSeqOps.foldLeft(LinearSeq.scala:169)
	at scala.collection.LinearSeqOps.foldLeft$(LinearSeq.scala:165)
	at scala.collection.immutable.List.foldLeft(List.scala:79)
	at scala.meta.internal.pc.PcDocumentHighlightProvider.traverse$1(PcDocumentHighlightProvider.scala:308)
	at scala.meta.internal.pc.PcDocumentHighlightProvider.$anonfun$highlights$15(PcDocumentHighlightProvider.scala:274)
	at scala.collection.LinearSeqOps.foldLeft(LinearSeq.scala:169)
	at scala.collection.LinearSeqOps.foldLeft$(LinearSeq.scala:165)
	at scala.collection.immutable.List.foldLeft(List.scala:79)
	at scala.meta.internal.pc.PcDocumentHighlightProvider.traverse$1(PcDocumentHighlightProvider.scala:274)
	at scala.meta.internal.pc.PcDocumentHighlightProvider.$anonfun$highlights$20(PcDocumentHighlightProvider.scala:308)
	at scala.collection.LinearSeqOps.foldLeft(LinearSeq.scala:169)
	at scala.collection.LinearSeqOps.foldLeft$(LinearSeq.scala:165)
	at scala.collection.immutable.List.foldLeft(List.scala:79)
	at scala.meta.internal.pc.PcDocumentHighlightProvider.traverse$1(PcDocumentHighlightProvider.scala:308)
	at scala.meta.internal.pc.PcDocumentHighlightProvider.$anonfun$highlights$15(PcDocumentHighlightProvider.scala:274)
	at scala.collection.LinearSeqOps.foldLeft(LinearSeq.scala:169)
	at scala.collection.LinearSeqOps.foldLeft$(LinearSeq.scala:165)
	at scala.collection.immutable.List.foldLeft(List.scala:79)
	at scala.meta.internal.pc.PcDocumentHighlightProvider.traverse$1(PcDocumentHighlightProvider.scala:274)
	at scala.meta.internal.pc.PcDocumentHighlightProvider.$anonfun$highlights$15(PcDocumentHighlightProvider.scala:274)
	at scala.collection.LinearSeqOps.foldLeft(LinearSeq.scala:169)
	at scala.collection.LinearSeqOps.foldLeft$(LinearSeq.scala:165)
	at scala.collection.immutable.List.foldLeft(List.scala:79)
	at scala.meta.internal.pc.PcDocumentHighlightProvider.traverse$1(PcDocumentHighlightProvider.scala:274)
	at scala.meta.internal.pc.PcDocumentHighlightProvider.highlights(PcDocumentHighlightProvider.scala:311)

Mar 10, 2023 1:52:27 AM scala.meta.internal.pc.CompilerAccess handleError
SEVERE: null
java.lang.NullPointerException
	at java.base/java.util.Arrays.sort(Arrays.java:1441)
	at scala.tools.nsc.classpath.JFileDirectoryLookup.listChildren(DirectoryClassPath.scala:118)
	at scala.tools.nsc.classpath.JFileDirectoryLookup.listChildren$(DirectoryClassPath.scala:102)
	at scala.tools.nsc.classpath.DirectoryClassPath.listChildren(DirectoryClassPath.scala:293)
	at scala.tools.nsc.classpath.DirectoryClassPath.listChildren(DirectoryClassPath.scala:293)
	at scala.tools.nsc.classpath.DirectoryLookup.list(DirectoryClassPath.scala:83)
	at scala.tools.nsc.classpath.DirectoryLookup.list$(DirectoryClassPath.scala:78)
	at scala.tools.nsc.classpath.DirectoryClassPath.list(DirectoryClassPath.scala:293)
	at scala.tools.nsc.classpath.AggregateClassPath.$anonfun$list$3(AggregateClassPath.scala:106)
	at scala.collection.immutable.Vector.foreach(Vector.scala:1856)
	at scala.tools.nsc.classpath.AggregateClassPath.list(AggregateClassPath.scala:102)
	at scala.tools.nsc.util.ClassPath.list(ClassPath.scala:35)
	at scala.tools.nsc.util.ClassPath.list$(ClassPath.scala:35)
	at scala.tools.nsc.classpath.AggregateClassPath.list(AggregateClassPath.scala:31)
	at scala.tools.nsc.symtab.SymbolLoaders$PackageLoader.doComplete(SymbolLoaders.scala:297)
	at scala.tools.nsc.symtab.SymbolLoaders$SymbolLoader.$anonfun$complete$2(SymbolLoaders.scala:249)
	at scala.tools.nsc.symtab.SymbolLoaders$SymbolLoader.complete(SymbolLoaders.scala:247)
	at scala.tools.nsc.symtab.SymbolLoaders$SymbolLoader.load(SymbolLoaders.scala:268)
	at scala.reflect.internal.Symbols$Symbol.$anonfun$typeParams$1(Symbols.scala:1800)
	at scala.reflect.internal.Symbols$Symbol.completeTypeParams$1(Symbols.scala:1800)
	at scala.reflect.internal.Symbols$Symbol.typeParams(Symbols.scala:1807)
	at scala.reflect.internal.Types$NoArgsTypeRef.typeParams(Types.scala:2160)
	at scala.reflect.internal.Symbols$Symbol.typeParams(Symbols.scala:1807)
	at scala.meta.internal.pc.MetalsGlobal$XtensionSymbolMetals.hasTypeParams(MetalsGlobal.scala:838)
	at scala.meta.internal.pc.CompletionProvider.$anonfun$completions$1(CompletionProvider.scala:118)
	at scala.collection.Iterator$$anon$9.next(Iterator.scala:577)
	at scala.collection.immutable.List.prependedAll(List.scala:156)
	at scala.collection.immutable.List$.from(List.scala:684)
	at scala.collection.immutable.List$.from(List.scala:681)
	at scala.collection.SeqFactory$Delegate.from(Factory.scala:306)
	at scala.collection.immutable.Seq$.from(Seq.scala:42)
	at scala.collection.IterableOnceOps.toSeq(IterableOnce.scala:1263)
	at scala.collection.IterableOnceOps.toSeq$(IterableOnce.scala:1263)
	at scala.collection.AbstractIterator.toSeq(Iterator.scala:1293)
	at scala.meta.internal.pc.CompletionProvider.completions(CompletionProvider.scala:260)

[31merror[39m: src\test\scala\funsets\Work.worksheet.sc:3:1: illegal start of simple expression
def singletonSet(n:Int): Intset 
^^^
2023.03.10 01:54:15 INFO  time: evaluated worksheet 'Work.worksheet.sc' in 0.23s
Mar 10, 2023 2:12:37 AM org.eclipse.lsp4j.jsonrpc.RemoteEndpoint handleCancellation
WARNING: Unmatched cancel notification for request id 323
Mar 10, 2023 2:17:29 AM scala.meta.internal.pc.CompilerAccess retryWithCleanCompiler
INFO: compiler crashed due to an error in the Scala compiler, retrying with new compiler instance.
Mar 10, 2023 2:17:29 AM scala.meta.internal.pc.CompilerAccess handleError
SEVERE: Index 7 out of bounds for length 7
java.lang.ArrayIndexOutOfBoundsException: Index 7 out of bounds for length 7
	at scala.reflect.internal.util.BatchSourceFile.findLine$1(SourceFile.scala:218)
	at scala.reflect.internal.util.BatchSourceFile.offsetToLine(SourceFile.scala:221)
	at scala.meta.internal.pc.MetalsGlobal$XtensionPositionMetals.toPos(MetalsGlobal.scala:615)
	at scala.meta.internal.pc.MetalsGlobal$XtensionPositionMetals.toLsp(MetalsGlobal.scala:628)
	at scala.meta.internal.pc.PcDocumentHighlightProvider.traverse$1(PcDocumentHighlightProvider.scala:221)
	at scala.meta.internal.pc.PcDocumentHighlightProvider.$anonfun$highlights$20(PcDocumentHighlightProvider.scala:308)
	at scala.collection.LinearSeqOps.foldLeft(LinearSeq.scala:169)
	at scala.collection.LinearSeqOps.foldLeft$(LinearSeq.scala:165)
	at scala.collection.immutable.List.foldLeft(List.scala:79)
	at scala.meta.internal.pc.PcDocumentHighlightProvider.traverse$1(PcDocumentHighlightProvider.scala:308)
	at scala.meta.internal.pc.PcDocumentHighlightProvider.$anonfun$highlights$15(PcDocumentHighlightProvider.scala:274)
	at scala.collection.LinearSeqOps.foldLeft(LinearSeq.scala:169)
	at scala.collection.LinearSeqOps.foldLeft$(LinearSeq.scala:165)
	at scala.collection.immutable.List.foldLeft(List.scala:79)
	at scala.meta.internal.pc.PcDocumentHighlightProvider.traverse$1(PcDocumentHighlightProvider.scala:274)
	at scala.meta.internal.pc.PcDocumentHighlightProvider.$anonfun$highlights$20(PcDocumentHighlightProvider.scala:308)
	at scala.collection.LinearSeqOps.foldLeft(LinearSeq.scala:169)
	at scala.collection.LinearSeqOps.foldLeft$(LinearSeq.scala:165)
	at scala.collection.immutable.List.foldLeft(List.scala:79)
	at scala.meta.internal.pc.PcDocumentHighlightProvider.traverse$1(PcDocumentHighlightProvider.scala:308)
	at scala.meta.internal.pc.PcDocumentHighlightProvider.$anonfun$highlights$15(PcDocumentHighlightProvider.scala:274)
	at scala.collection.LinearSeqOps.foldLeft(LinearSeq.scala:169)
	at scala.collection.LinearSeqOps.foldLeft$(LinearSeq.scala:165)
	at scala.collection.immutable.List.foldLeft(List.scala:79)
	at scala.meta.internal.pc.PcDocumentHighlightProvider.traverse$1(PcDocumentHighlightProvider.scala:274)
	at scala.meta.internal.pc.PcDocumentHighlightProvider.$anonfun$highlights$20(PcDocumentHighlightProvider.scala:308)
	at scala.collection.LinearSeqOps.foldLeft(LinearSeq.scala:169)
	at scala.collection.LinearSeqOps.foldLeft$(LinearSeq.scala:165)
	at scala.collection.immutable.List.foldLeft(List.scala:79)
	at scala.meta.internal.pc.PcDocumentHighlightProvider.traverse$1(PcDocumentHighlightProvider.scala:308)
	at scala.meta.internal.pc.PcDocumentHighlightProvider.$anonfun$highlights$15(PcDocumentHighlightProvider.scala:274)
	at scala.collection.LinearSeqOps.foldLeft(LinearSeq.scala:169)
	at scala.collection.LinearSeqOps.foldLeft$(LinearSeq.scala:165)
	at scala.collection.immutable.List.foldLeft(List.scala:79)
	at scala.meta.internal.pc.PcDocumentHighlightProvider.traverse$1(PcDocumentHighlightProvider.scala:274)
	at scala.meta.internal.pc.PcDocumentHighlightProvider.$anonfun$highlights$15(PcDocumentHighlightProvider.scala:274)
	at scala.collection.LinearSeqOps.foldLeft(LinearSeq.scala:169)
	at scala.collection.LinearSeqOps.foldLeft$(LinearSeq.scala:165)
	at scala.collection.immutable.List.foldLeft(List.scala:79)
	at scala.meta.internal.pc.PcDocumentHighlightProvider.traverse$1(PcDocumentHighlightProvider.scala:274)
	at scala.meta.internal.pc.PcDocumentHighlightProvider.highlights(PcDocumentHighlightProvider.scala:311)

[31merror[39m: src\test\scala\funsets\Work.worksheet.sc:6:26: not found: type Intset
def singletonSet(n:Int): Intset => Boolean = { 
                         ^^^^^^
[31merror[39m: src\test\scala\funsets\Work.worksheet.sc:12:27: not found: value X
    (x:Int) => (s(x) || t(X))
                          ^
2023.03.10 02:34:39 INFO  time: evaluated worksheet 'Work.worksheet.sc' in 0.42s
[31merror[39m: src\test\scala\funsets\Work.worksheet.sc:6:26: not found: type Intset
def singletonSet(n:Int): Intset => Boolean = { 
                         ^^^^^^
2023.03.10 02:35:38 INFO  time: evaluated worksheet 'Work.worksheet.sc' in 0.3s
[31merror[39m: src\test\scala\funsets\Work.worksheet.sc:6:26: not found: type Intset
def singletonSet(n:Int): Intset => Boolean = { 
                         ^^^^^^
2023.03.10 02:38:58 INFO  time: evaluated worksheet 'Work.worksheet.sc' in 0.3s
[31merror[39m: src\test\scala\funsets\Work.worksheet.sc:7:26: not found: type Intset
def singletonSet(n:Int): Intset => Boolean = { 
                         ^^^^^^
2023.03.10 02:58:53 INFO  time: evaluated worksheet 'Work.worksheet.sc' in 0.26s
[31merror[39m: src\test\scala\funsets\Work.worksheet.sc:8:26: not found: type Intset
def singletonSet(n:Int): Intset => Boolean = { 
                         ^^^^^^
2023.03.10 03:01:03 INFO  time: evaluated worksheet 'Work.worksheet.sc' in 0.24s
[31merror[39m: src\test\scala\funsets\Work.worksheet.sc:8:26: not found: type Intset
def singletonSet(n:Int): Intset => Boolean = { 
                         ^^^^^^
2023.03.10 03:01:19 INFO  time: evaluated worksheet 'Work.worksheet.sc' in 0.26s
[31merror[39m: src\test\scala\funsets\Work.worksheet.sc:8:26: not found: type Intset
def singletonSet(n:Int): Intset => Boolean = { 
                         ^^^^^^
2023.03.10 03:01:23 INFO  time: evaluated worksheet 'Work.worksheet.sc' in 0.32s
Mar 10, 2023 3:03:32 AM org.eclipse.lsp4j.jsonrpc.RemoteEndpoint handleNotification
WARNING: Notification threw an exception: {
  "jsonrpc": "2.0",
  "method": "textDocument/didOpen",
  "params": {
    "textDocument": {
      "uri": "jar:file%3A///C%3A/Users/Parth%20Panara/AppData/Local/Coursier/cache/v1/https/repo1.maven.org/maven2/org/scala-lang/scala-library/2.13.8/scala-library-2.13.8-sources.jar%21/scala/Boolean.scala",
      "languageId": "scala",
      "version": 1,
      "text": "/*\n * Scala (https://www.scala-lang.org)\n *\n * Copyright EPFL and Lightbend, Inc.\n *\n * Licensed under Apache License 2.0\n * (http://www.apache.org/licenses/LICENSE-2.0).\n *\n * See the NOTICE file distributed with this work for\n * additional information regarding copyright ownership.\n */\n\n// DO NOT EDIT, CHANGES WILL BE LOST\n// This auto-generated code can be modified in \"project/GenerateAnyVals.scala\".\n// Afterwards, running \"sbt generateSources\" regenerates this source file.\n\npackage scala\n\n/** `Boolean` (equivalent to Java\u0027s `boolean` primitive type) is a\n *  subtype of [[scala.AnyVal]]. Instances of `Boolean` are not\n *  represented by an object in the underlying runtime system.\n *\n *  There is an implicit conversion from [[scala.Boolean]] \u003d\u003e [[scala.runtime.RichBoolean]]\n *  which provides useful non-primitive operations.\n */\nfinal abstract class Boolean private extends AnyVal {\n  /** Negates a Boolean expression.\n    *\n    * - `!a` results in `false` if and only if `a` evaluates to `true` and\n    * - `!a` results in `true` if and only if `a` evaluates to `false`.\n    *\n    * @return the negated expression\n    */\n  def unary_! : Boolean\n\n  /** Compares two Boolean expressions and returns `true` if they evaluate to the same value.\n    *\n    * `a \u003d\u003d b` returns `true` if and only if\n    *  - `a` and `b` are `true` or\n    *  - `a` and `b` are `false`.\n    */\n  def \u003d\u003d(x: Boolean): Boolean\n\n  /**\n    * Compares two Boolean expressions and returns `true` if they evaluate to a different value.\n    *\n    * `a !\u003d b` returns `true` if and only if\n    *  - `a` is `true` and `b` is `false` or\n    *  - `a` is `false` and `b` is `true`.\n    */\n  def !\u003d(x: Boolean): Boolean\n\n  /** Compares two Boolean expressions and returns `true` if one or both of them evaluate to true.\n    *\n    * `a || b` returns `true` if and only if\n    *  - `a` is `true` or\n    *  - `b` is `true` or\n    *  - `a` and `b` are `true`.\n    *\n    * @note This method uses \u0027short-circuit\u0027 evaluation and\n    *       behaves as if it was declared as `def ||(x: \u003d\u003e Boolean): Boolean`.\n    *       If `a` evaluates to `true`, `true` is returned without evaluating `b`.\n    */\n  def ||(x: Boolean): Boolean\n\n  /** Compares two Boolean expressions and returns `true` if both of them evaluate to true.\n    *\n    * `a \u0026\u0026 b` returns `true` if and only if\n    *  - `a` and `b` are `true`.\n    *\n    * @note This method uses \u0027short-circuit\u0027 evaluation and\n    *       behaves as if it was declared as `def \u0026\u0026(x: \u003d\u003e Boolean): Boolean`.\n    *       If `a` evaluates to `false`, `false` is returned without evaluating `b`.\n    */\n  def \u0026\u0026(x: Boolean): Boolean\n\n  // Compiler won\u0027t build with these seemingly more accurate signatures\n  // def ||(x: \u003d\u003e Boolean): Boolean\n  // def \u0026\u0026(x: \u003d\u003e Boolean): Boolean\n\n  /** Compares two Boolean expressions and returns `true` if one or both of them evaluate to true.\n    *\n    * `a | b` returns `true` if and only if\n    *  - `a` is `true` or\n    *  - `b` is `true` or\n    *  - `a` and `b` are `true`.\n    *\n    * @note This method evaluates both `a` and `b`, even if the result is already determined after evaluating `a`.\n    */\n  def |(x: Boolean): Boolean\n\n  /** Compares two Boolean expressions and returns `true` if both of them evaluate to true.\n    *\n    * `a \u0026 b` returns `true` if and only if\n    *  - `a` and `b` are `true`.\n    *\n    * @note This method evaluates both `a` and `b`, even if the result is already determined after evaluating `a`.\n    */\n  def \u0026(x: Boolean): Boolean\n\n  /** Compares two Boolean expressions and returns `true` if they evaluate to a different value.\n    *\n    * `a ^ b` returns `true` if and only if\n    *  - `a` is `true` and `b` is `false` or\n    *  - `a` is `false` and `b` is `true`.\n    */\n  def ^(x: Boolean): Boolean\n\n  // Provide a more specific return type for Scaladoc\n  override def getClass(): Class[Boolean] \u003d ???\n}\n\nobject Boolean extends AnyValCompanion {\n\n  /** Transform a value type into a boxed reference type.\n   *\n   *  Runtime implementation determined by `scala.runtime.BoxesRunTime.boxToBoolean`. See [[https://github.com/scala/scala src/library/scala/runtime/BoxesRunTime.java]].\n   *\n   *  @param  x   the Boolean to be boxed\n   *  @return     a java.lang.Boolean offering `x` as its underlying value.\n   */\n  def box(x: Boolean): java.lang.Boolean \u003d ???\n\n  /** Transform a boxed type into a value type.  Note that this\n   *  method is not typesafe: it accepts any Object, but will throw\n   *  an exception if the argument is not a java.lang.Boolean.\n   *\n   *  Runtime implementation determined by `scala.runtime.BoxesRunTime.unboxToBoolean`. See [[https://github.com/scala/scala src/library/scala/runtime/BoxesRunTime.java]].\n   *\n   *  @param  x   the java.lang.Boolean to be unboxed.\n   *  @throws     ClassCastException  if the argument is not a java.lang.Boolean\n   *  @return     the Boolean resulting from calling booleanValue() on `x`\n   */\n  def unbox(x: java.lang.Object): Boolean \u003d ???\n\n  /** The String representation of the scala.Boolean companion object. */\n  override def toString \u003d \"object scala.Boolean\"\n\n}\n\n"
    }
  }
}
java.lang.RuntimeException: java.lang.reflect.InvocationTargetException
	at org.eclipse.lsp4j.jsonrpc.services.GenericEndpoint.lambda$null$0(GenericEndpoint.java:67)
	at org.eclipse.lsp4j.jsonrpc.services.GenericEndpoint.notify(GenericEndpoint.java:152)
	at org.eclipse.lsp4j.jsonrpc.RemoteEndpoint.handleNotification(RemoteEndpoint.java:220)
	at org.eclipse.lsp4j.jsonrpc.RemoteEndpoint.consume(RemoteEndpoint.java:187)
	at org.eclipse.lsp4j.jsonrpc.json.StreamMessageProducer.handleMessage(StreamMessageProducer.java:194)
	at org.eclipse.lsp4j.jsonrpc.json.StreamMessageProducer.listen(StreamMessageProducer.java:94)
	at org.eclipse.lsp4j.jsonrpc.json.ConcurrentMessageProcessor.run(ConcurrentMessageProcessor.java:113)
	at java.base/java.util.concurrent.Executors$RunnableAdapter.call(Executors.java:515)
	at java.base/java.util.concurrent.FutureTask.run(FutureTask.java:264)
	at java.base/java.util.concurrent.ThreadPoolExecutor.runWorker(ThreadPoolExecutor.java:1128)
	at java.base/java.util.concurrent.ThreadPoolExecutor$Worker.run(ThreadPoolExecutor.java:628)
	at java.base/java.lang.Thread.run(Thread.java:834)
Caused by: java.lang.reflect.InvocationTargetException
	at java.base/jdk.internal.reflect.NativeMethodAccessorImpl.invoke0(Native Method)
	at java.base/jdk.internal.reflect.NativeMethodAccessorImpl.invoke(NativeMethodAccessorImpl.java:62)
	at java.base/jdk.internal.reflect.DelegatingMethodAccessorImpl.invoke(DelegatingMethodAccessorImpl.java:43)
	at java.base/java.lang.reflect.Method.invoke(Method.java:566)
	at org.eclipse.lsp4j.jsonrpc.services.GenericEndpoint.lambda$null$0(GenericEndpoint.java:65)
	... 11 more
Caused by: java.lang.IllegalArgumentException: Illegal character in opaque part at index 26: jar:file:///C:/Users/Parth Panara/AppData/Local/Coursier/cache/v1/https/repo1.maven.org/maven2/org/scala-lang/scala-library/2.13.8/scala-library-2.13.8-sources.jar!/scala/Boolean.scala
	at java.base/java.net.URI.create(URI.java:883)
	at scala.meta.internal.mtags.MtagsEnrichments$XtensionStringMtags.toAbsolutePath(MtagsEnrichments.scala:139)
	at scala.meta.internal.mtags.MtagsEnrichments$XtensionStringMtags.toAbsolutePath(MtagsEnrichments.scala:137)
	at scala.meta.internal.metals.MetalsEnrichments$XtensionString.toAbsolutePath(MetalsEnrichments.scala:609)
	at scala.meta.internal.metals.MetalsEnrichments$XtensionString.toAbsolutePath(MetalsEnrichments.scala:606)
	at scala.meta.internal.metals.MetalsLanguageServer.didOpen(MetalsLanguageServer.scala:1077)
	... 16 more
Caused by: java.net.URISyntaxException: Illegal character in opaque part at index 26: jar:file:///C:/Users/Parth Panara/AppData/Local/Coursier/cache/v1/https/repo1.maven.org/maven2/org/scala-lang/scala-library/2.13.8/scala-library-2.13.8-sources.jar!/scala/Boolean.scala
	at java.base/java.net.URI$Parser.fail(URI.java:2913)
	at java.base/java.net.URI$Parser.checkChars(URI.java:3084)
	at java.base/java.net.URI$Parser.parse(URI.java:3120)
	at java.base/java.net.URI.<init>(URI.java:600)
	at java.base/java.net.URI.create(URI.java:881)
	... 21 more

Mar 10, 2023 3:03:32 AM org.eclipse.lsp4j.jsonrpc.RemoteEndpoint handleNotification
WARNING: Notification threw an exception: {
  "jsonrpc": "2.0",
  "method": "textDocument/didClose",
  "params": {
    "textDocument": {
      "uri": "jar:file%3A///C%3A/Users/Parth%20Panara/AppData/Local/Coursier/cache/v1/https/repo1.maven.org/maven2/org/scala-lang/scala-library/2.13.8/scala-library-2.13.8-sources.jar%21/scala/Boolean.scala"
    }
  }
}
java.lang.RuntimeException: java.lang.reflect.InvocationTargetException
	at org.eclipse.lsp4j.jsonrpc.services.GenericEndpoint.lambda$null$0(GenericEndpoint.java:67)
	at org.eclipse.lsp4j.jsonrpc.services.GenericEndpoint.notify(GenericEndpoint.java:152)
	at org.eclipse.lsp4j.jsonrpc.RemoteEndpoint.handleNotification(RemoteEndpoint.java:220)
	at org.eclipse.lsp4j.jsonrpc.RemoteEndpoint.consume(RemoteEndpoint.java:187)
	at org.eclipse.lsp4j.jsonrpc.json.StreamMessageProducer.handleMessage(StreamMessageProducer.java:194)
	at org.eclipse.lsp4j.jsonrpc.json.StreamMessageProducer.listen(StreamMessageProducer.java:94)
	at org.eclipse.lsp4j.jsonrpc.json.ConcurrentMessageProcessor.run(ConcurrentMessageProcessor.java:113)
	at java.base/java.util.concurrent.Executors$RunnableAdapter.call(Executors.java:515)
	at java.base/java.util.concurrent.FutureTask.run(FutureTask.java:264)
	at java.base/java.util.concurrent.ThreadPoolExecutor.runWorker(ThreadPoolExecutor.java:1128)
	at java.base/java.util.concurrent.ThreadPoolExecutor$Worker.run(ThreadPoolExecutor.java:628)
	at java.base/java.lang.Thread.run(Thread.java:834)
Caused by: java.lang.reflect.InvocationTargetException
	at java.base/jdk.internal.reflect.NativeMethodAccessorImpl.invoke0(Native Method)
	at java.base/jdk.internal.reflect.NativeMethodAccessorImpl.invoke(NativeMethodAccessorImpl.java:62)
	at java.base/jdk.internal.reflect.DelegatingMethodAccessorImpl.invoke(DelegatingMethodAccessorImpl.java:43)
	at java.base/java.lang.reflect.Method.invoke(Method.java:566)
	at org.eclipse.lsp4j.jsonrpc.services.GenericEndpoint.lambda$null$0(GenericEndpoint.java:65)
	... 11 more
Caused by: java.lang.IllegalArgumentException: Illegal character in opaque part at index 26: jar:file:///C:/Users/Parth Panara/AppData/Local/Coursier/cache/v1/https/repo1.maven.org/maven2/org/scala-lang/scala-library/2.13.8/scala-library-2.13.8-sources.jar!/scala/Boolean.scala
	at java.base/java.net.URI.create(URI.java:883)
	at scala.meta.internal.mtags.MtagsEnrichments$XtensionStringMtags.toAbsolutePath(MtagsEnrichments.scala:139)
	at scala.meta.internal.mtags.MtagsEnrichments$XtensionStringMtags.toAbsolutePath(MtagsEnrichments.scala:137)
	at scala.meta.internal.metals.MetalsEnrichments$XtensionString.toAbsolutePath(MetalsEnrichments.scala:609)
	at scala.meta.internal.metals.MetalsEnrichments$XtensionString.toAbsolutePath(MetalsEnrichments.scala:606)
	at scala.meta.internal.metals.MetalsLanguageServer.didClose(MetalsLanguageServer.scala:1253)
	... 16 more
Caused by: java.net.URISyntaxException: Illegal character in opaque part at index 26: jar:file:///C:/Users/Parth Panara/AppData/Local/Coursier/cache/v1/https/repo1.maven.org/maven2/org/scala-lang/scala-library/2.13.8/scala-library-2.13.8-sources.jar!/scala/Boolean.scala
	at java.base/java.net.URI$Parser.fail(URI.java:2913)
	at java.base/java.net.URI$Parser.checkChars(URI.java:3084)
	at java.base/java.net.URI$Parser.parse(URI.java:3120)
	at java.base/java.net.URI.<init>(URI.java:600)
	at java.base/java.net.URI.create(URI.java:881)
	... 21 more

[31merror[39m: src\test\scala\funsets\Work.worksheet.sc:8:26: not found: type Intset
def singletonSet(n:Int): Intset => Boolean = { 
                         ^^^^^^
2023.03.10 03:03:33 INFO  time: evaluated worksheet 'Work.worksheet.sc' in 0.28s
[31merror[39m: src\test\scala\funsets\Work.worksheet.sc:8:26: not found: type Intset
def singletonSet(n:Int): Intset => Boolean = { 
                         ^^^^^^
2023.03.10 03:06:21 INFO  time: evaluated worksheet 'Work.worksheet.sc' in 0.33s
[31merror[39m: src\test\scala\funsets\Work.worksheet.sc:8:26: not found: type Intset
def singletonSet(n:Int): Intset => Boolean = { 
                         ^^^^^^
2023.03.10 03:07:17 INFO  time: evaluated worksheet 'Work.worksheet.sc' in 0.18s
2023.03.10 03:08:14 INFO  shutting down Metals
2023.03.10 03:08:14 INFO  Shut down connection with build server.
2023.03.10 03:08:14 INFO  Shut down connection with build server.
2023.03.11 00:43:36 INFO  tracing is disabled for protocol LSP, to enable tracing of incoming and outgoing JSON messages create an empty file at c:\Users\Parth Panara\Desktop\NJIT Learning materials\DS 644 Introduction to Big Data\Projects\Project1\funsets\.metals\lsp.trace.json or C:\Users\Parth Panara\AppData\Local\scalameta\metals\cache\lsp.trace.json
2023.03.11 00:43:41 INFO  logging to file C:\Users\Parth Panara\Desktop\NJIT Learning materials\DS 644 Introduction to Big Data\Projects\Project1\funsets\.metals\metals.log
2023.03.11 00:43:41 INFO  Started: Metals version 0.11.9 in workspace 'C:\Users\Parth Panara\Desktop\NJIT Learning materials\DS 644 Introduction to Big Data\Projects\Project1\funsets' for client Visual Studio Code 1.74.3.
2023.03.11 00:43:47 INFO  time: initialize in 6.02s
2023.03.11 00:43:50 INFO  Attempting to connect to the build server...
2023.03.11 00:43:50 INFO  Bloop uses C:\Program Files\Java\jdk-11 defined at C:\Users\Parth Panara\.bloop\bloop.json
2023.03.11 00:43:50 INFO  skipping build import with status 'Installed'
2023.03.11 00:44:12 INFO  no build target found for C:\Users\Parth Panara\Desktop\NJIT Learning materials\DS 644 Introduction to Big Data\Projects\Project1\funsets\src\test\scala\funsets\Work.worksheet.sc. Using presentation compiler with project's scala-library version: 3.2.0
2023.03.11 00:44:20 INFO  tracing is disabled for protocol BSP, to enable tracing of incoming and outgoing JSON messages create an empty file at C:\Users\Parth Panara\Desktop\NJIT Learning materials\DS 644 Introduction to Big Data\Projects\Project1\funsets\.metals\bsp.trace.json or C:\Users\Parth Panara\AppData\Local\scalameta\metals\cache\bsp.trace.json
2023.03.11 00:44:20 INFO  Attempting to connect to the build server...
2023.03.11 00:44:20 INFO  Bloop uses C:\Program Files\Java\jdk-11 defined at C:\Users\Parth Panara\.bloop\bloop.json
2023.03.11 00:44:20 INFO  tracing is disabled for protocol BSP, to enable tracing of incoming and outgoing JSON messages create an empty file at C:\Users\Parth Panara\Desktop\NJIT Learning materials\DS 644 Introduction to Big Data\Projects\Project1\funsets\project\.metals\bsp.trace.json or C:\Users\Parth Panara\AppData\Local\scalameta\metals\cache\bsp.trace.json
2023.03.11 00:44:21 INFO  time: Connected to build server in 31s
2023.03.11 00:44:21 INFO  Connected to Build server: Bloop v1.5.4
2023.03.11 00:44:21 INFO  time: Imported build in 0.53s
2023.03.11 00:44:24 INFO  time: code lens generation in 33s
2023.03.11 00:44:44 INFO  time: indexed workspace in 22s
2023.03.11 00:45:23 INFO  time: code lens generation in 1.1s
[31merror[39m: src\test\scala\funsets\Work.worksheet.sc:8:26: not found: type Intset
def singletonSet(n:Int): Intset => Boolean = { 
                         ^^^^^^
2023.03.11 00:48:58 INFO  time: evaluated worksheet 'Work.worksheet.sc' in 12s
[31merror[39m: src\test\scala\funsets\Work.worksheet.sc:8:26: not found: type Intset
def singletonSet(n:Int): Intset => Boolean = { 
                         ^^^^^^
2023.03.11 00:48:59 INFO  time: evaluated worksheet 'Work.worksheet.sc' in 0.49s
Exception in thread "pool-10-thread-1" java.lang.InterruptedException
	at scala.meta.internal.metals.FutureCancelToken.checkCanceled(FutureCancelToken.scala:29)
	at scala.meta.internal.pc.CompilerAccess.$anonfun$onCompilerJobQueue$1(CompilerAccess.scala:195)
	at scala.meta.internal.pc.CompilerJobQueue$Job.run(CompilerJobQueue.scala:152)
	at java.base/java.util.concurrent.ThreadPoolExecutor.runWorker(ThreadPoolExecutor.java:1128)
	at java.base/java.util.concurrent.ThreadPoolExecutor$Worker.run(ThreadPoolExecutor.java:628)
	at java.base/java.lang.Thread.run(Thread.java:834)
Exception in thread "pool-10-thread-2" java.lang.InterruptedException
	at scala.meta.internal.metals.FutureCancelToken.checkCanceled(FutureCancelToken.scala:29)
	at scala.meta.internal.pc.CompilerAccess.$anonfun$onCompilerJobQueue$1(CompilerAccess.scala:195)
	at scala.meta.internal.pc.CompilerJobQueue$Job.run(CompilerJobQueue.scala:152)
	at java.base/java.util.concurrent.ThreadPoolExecutor.runWorker(ThreadPoolExecutor.java:1128)
	at java.base/java.util.concurrent.ThreadPoolExecutor$Worker.run(ThreadPoolExecutor.java:628)
	at java.base/java.lang.Thread.run(Thread.java:834)
[31merror[39m: src\test\scala\funsets\Work.worksheet.sc:8:26: not found: type Intset
def singletonSet(n:Int): Intset => Boolean = { 
                         ^^^^^^
2023.03.11 00:57:42 INFO  time: evaluated worksheet 'Work.worksheet.sc' in 0.6s
[31merror[39m: src\test\scala\funsets\Work.worksheet.sc:8:26: not found: type Intset
def singletonSet(n:Int): Intset = 
                         ^^^^^^
2023.03.11 00:59:03 INFO  time: evaluated worksheet 'Work.worksheet.sc' in 0.49s
[31merror[39m: src\test\scala\funsets\Work.worksheet.sc:8:26: not found: type Intset
def singletonSet(n:Int): Intset = 
                         ^^^^^^
2023.03.11 00:59:23 INFO  time: evaluated worksheet 'Work.worksheet.sc' in 0.48s
[31merror[39m: src\test\scala\funsets\Work.worksheet.sc:8:26: not found: type Intset
def singletonSet(n:Int): Intset = 
                         ^^^^^^
2023.03.11 00:59:26 INFO  time: evaluated worksheet 'Work.worksheet.sc' in 0.37s
[31merror[39m: src\test\scala\funsets\Work.worksheet.sc:8:26: not found: type Intset
def singletonSet(n:Int): Intset => Boolean = { 
                         ^^^^^^
2023.03.11 00:59:36 INFO  time: evaluated worksheet 'Work.worksheet.sc' in 0.54s
[31merror[39m: src\test\scala\funsets\Work.worksheet.sc:8:26: not found: type Intset
def singletonSet(n:Int): Intset => Boolean = { 
                         ^^^^^^
[31merror[39m: src\test\scala\funsets\Work.worksheet.sc:43:52: type mismatch;
 found   : Unit
 required: Boolean
def forall(s: IntSet, p: Int => Boolean): Boolean ={
                                                   ^
[31merror[39m: src\test\scala\funsets\Work.worksheet.sc:49:1: method forall is defined twice;
  the conflicting method forall was defined at line 45:5
def forall(s: IntSet, p: Int => Boolean): Boolean = {
^
2023.03.11 01:11:17 INFO  time: evaluated worksheet 'Work.worksheet.sc' in 0.52s
Mar 11, 2023 1:16:17 AM org.eclipse.lsp4j.jsonrpc.RemoteEndpoint handleCancellation
WARNING: Unmatched cancel notification for request id 497
Mar 11, 2023 1:21:25 AM org.eclipse.lsp4j.jsonrpc.RemoteEndpoint handleCancellation
WARNING: Unmatched cancel notification for request id 689
[31merror[39m: Work.worksheet.sc:9 (mdoc generated code) illegal start of simple expression
val res0 = package funsets
           ^

2023.03.11 01:21:42 INFO  time: evaluated worksheet 'Work.worksheet.sc' in 0.39s
[31merror[39m: src\test\scala\funsets\Work.worksheet.sc:12:26: not found: type Intset
def singletonSet(n:Int): Intset => Boolean = { 
                         ^^^^^^
2023.03.11 01:21:57 INFO  time: evaluated worksheet 'Work.worksheet.sc' in 0.38s
[31merror[39m: src\test\scala\funsets\Work.worksheet.sc:11:26: not found: type Intset
def singletonSet(n:Int): Intset => Boolean = { 
                         ^^^^^^
2023.03.11 01:22:08 INFO  time: evaluated worksheet 'Work.worksheet.sc' in 0.38s
[31merror[39m: src\test\scala\funsets\Work.worksheet.sc:8:27: not found: type Intset
 def singletonSet(n:Int): Intset => Boolean = { 
                          ^^^^^^
2023.03.11 01:23:08 INFO  time: evaluated worksheet 'Work.worksheet.sc' in 0.35s
[31merror[39m: src\test\scala\funsets\Work.worksheet.sc:9:5: type mismatch;
 found   : Int => Boolean
 required: repl.MdocSession.MdocApp.FunSets.IntSet => Boolean
    (which expands to)  (Int => Boolean) => Boolean
    (m : Int)  => (m == n)
    ^^^^^^^^^^^^^^^^^^^^^^
2023.03.11 01:23:24 INFO  time: evaluated worksheet 'Work.worksheet.sc' in 0.32s
[31merror[39m: src\test\scala\funsets\Work.worksheet.sc:9:5: type mismatch;
 found   : Int => Boolean
 required: repl.MdocSession.MdocApp.FunSets.IntSet => Boolean
    (which expands to)  (Int => Boolean) => Boolean
    (m : Int)  => (m == n)
    ^^^^^^^^^^^^^^^^^^^^^^
2023.03.11 01:24:16 INFO  time: evaluated worksheet 'Work.worksheet.sc' in 0.4s
Mar 11, 2023 1:24:34 AM org.eclipse.lsp4j.jsonrpc.RemoteEndpoint handleCancellation
WARNING: Unmatched cancel notification for request id 919
[33mwarning[39m: src\test\scala\funsets\Work.worksheet.sc:9:11: Int => Boolean and Int are unrelated: they will most likely never compare equal
    (m => m == n)}
          ^^^^^^
2023.03.11 01:24:52 INFO  time: evaluated worksheet 'Work.worksheet.sc' in 1.74s
[33mwarning[39m: src\test\scala\funsets\Work.worksheet.sc:9:11: Int => Boolean and Int are unrelated: they will most likely never compare equal
    (m => m == n)
          ^^^^^^
2023.03.11 01:26:07 INFO  time: evaluated worksheet 'Work.worksheet.sc' in 1.26s
[33mwarning[39m: src\test\scala\funsets\Work.worksheet.sc:9:11: Int => Boolean and Int are unrelated: they will most likely never compare equal
    (m => m == n)}
          ^^^^^^
2023.03.11 01:27:54 INFO  time: evaluated worksheet 'Work.worksheet.sc' in 0.78s
[33mwarning[39m: src\test\scala\funsets\Work.worksheet.sc:9:11: Int => Boolean and Int are unrelated: they will most likely never compare equal
    (m => m == n)}
          ^^^^^^
2023.03.11 01:29:34 INFO  time: evaluated worksheet 'Work.worksheet.sc' in 0.98s
[33mwarning[39m: src\test\scala\funsets\Work.worksheet.sc:9:11: Int => Boolean and Int are unrelated: they will most likely never compare equal
    (m => m == n)}
          ^^^^^^
2023.03.11 01:29:37 INFO  time: evaluated worksheet 'Work.worksheet.sc' in 0.66s
[33mwarning[39m: src\test\scala\funsets\Work.worksheet.sc:9:11: Int => Boolean and Int are unrelated: they will most likely never compare equal
    (m => m == n)}
          ^^^^^^
2023.03.11 01:48:54 INFO  time: evaluated worksheet 'Work.worksheet.sc' in 0.65s
[33mwarning[39m: src\test\scala\funsets\Work.worksheet.sc:11:11: Int => Boolean and Int are unrelated: they will most likely never compare equal
    (m => m == n)}
          ^^^^^^
2023.03.11 01:52:15 INFO  time: evaluated worksheet 'Work.worksheet.sc' in 0.59s
[33mwarning[39m: src\test\scala\funsets\Work.worksheet.sc:11:11: Int => Boolean and Int are unrelated: they will most likely never compare equal
    (m => m == n)}
          ^^^^^^
2023.03.11 01:52:20 INFO  time: evaluated worksheet 'Work.worksheet.sc' in 0.49s
Mar 11, 2023 1:52:37 AM org.eclipse.lsp4j.jsonrpc.RemoteEndpoint handleCancellation
WARNING: Unmatched cancel notification for request id 1304
[33mwarning[39m: src\test\scala\funsets\Work.worksheet.sc:11:11: Int => Boolean and Int are unrelated: they will most likely never compare equal
    (x => x == n)}
          ^^^^^^
2023.03.11 01:52:42 INFO  time: evaluated worksheet 'Work.worksheet.sc' in 0.53s
[33mwarning[39m: src\test\scala\funsets\Work.worksheet.sc:11:11: Int => Boolean and Int are unrelated: they will most likely never compare equal
    (m => m == n)}
          ^^^^^^
2023.03.11 01:52:48 INFO  time: evaluated worksheet 'Work.worksheet.sc' in 0.5s
[33mwarning[39m: src\test\scala\funsets\Work.worksheet.sc:11:11: Int => Boolean and Int are unrelated: they will most likely never compare equal
    (m => m == n)}
          ^^^^^^
2023.03.11 01:52:51 INFO  time: evaluated worksheet 'Work.worksheet.sc' in 0.7s
[33mwarning[39m: src\test\scala\funsets\Work.worksheet.sc:11:11: Int => Boolean and Int are unrelated: they will most likely never compare equal
    (m => m == n)}
          ^^^^^^
2023.03.11 01:52:56 INFO  time: evaluated worksheet 'Work.worksheet.sc' in 0.48s
[33mwarning[39m: src\test\scala\funsets\Work.worksheet.sc:11:11: Int => Boolean and Int are unrelated: they will most likely never compare equal
    (m => m == n)}
          ^^^^^^
2023.03.11 01:53:58 INFO  time: evaluated worksheet 'Work.worksheet.sc' in 0.42s
[33mwarning[39m: src\test\scala\funsets\Work.worksheet.sc:11:11: Int => Boolean and Int are unrelated: they will most likely never compare equal
    (m => m == n)}
          ^^^^^^
2023.03.11 01:55:33 INFO  time: evaluated worksheet 'Work.worksheet.sc' in 0.69s
[33mwarning[39m: src\test\scala\funsets\Work.worksheet.sc:11:11: Int => Boolean and Int are unrelated: they will most likely never compare equal
    (m => m == n)}
          ^^^^^^
2023.03.11 01:55:34 INFO  time: evaluated worksheet 'Work.worksheet.sc' in 0.52s
[33mwarning[39m: src\test\scala\funsets\Work.worksheet.sc:11:11: Int => Boolean and Int are unrelated: they will most likely never compare equal
    (m => m == n)}
          ^^^^^^
2023.03.11 01:57:20 INFO  time: evaluated worksheet 'Work.worksheet.sc' in 0.35s
2023.03.11 01:57:38 INFO  shutting down Metals
2023.03.11 01:57:38 INFO  Shut down connection with build server.
2023.03.11 01:57:38 INFO  Shut down connection with build server.
2023.03.11 02:32:19 INFO  tracing is disabled for protocol LSP, to enable tracing of incoming and outgoing JSON messages create an empty file at c:\Users\Parth Panara\Desktop\NJIT Learning materials\DS 644 Introduction to Big Data\Projects\Project1\funsets\.metals\lsp.trace.json or C:\Users\Parth Panara\AppData\Local\scalameta\metals\cache\lsp.trace.json
2023.03.11 02:32:28 INFO  logging to file C:\Users\Parth Panara\Desktop\NJIT Learning materials\DS 644 Introduction to Big Data\Projects\Project1\funsets\.metals\metals.log
2023.03.11 02:32:28 INFO  Started: Metals version 0.11.9 in workspace 'C:\Users\Parth Panara\Desktop\NJIT Learning materials\DS 644 Introduction to Big Data\Projects\Project1\funsets' for client Visual Studio Code 1.74.3.
2023.03.11 02:32:36 INFO  time: initialize in 7.47s
2023.03.11 02:32:41 INFO  Attempting to connect to the build server...
2023.03.11 02:32:41 INFO  Bloop uses C:\Program Files\Java\jdk-11 defined at C:\Users\Parth Panara\.bloop\bloop.json
2023.03.11 02:32:41 INFO  skipping build import with status 'Installed'
2023.03.11 02:33:15 ERROR Starting the bsp launcher for bloop...
2023.03.11 02:33:15 ERROR Opening a bsp server connection with 'bsp --protocol tcp --port 32264'...
2023.03.11 02:33:15 ERROR Waiting for the bsp connection to come up...
2023.03.11 02:33:15 ERROR Waiting for the bsp connection to come up...
2023.03.11 02:33:15 ERROR Waiting for the bsp connection to come up...
2023.03.11 02:33:15 ERROR Waiting for the bsp connection to come up...
2023.03.11 02:33:15 ERROR Waiting for the bsp connection to come up...
2023.03.11 02:33:15 ERROR Waiting for the bsp connection to come up...
2023.03.11 02:33:15 ERROR Waiting for the bsp connection to come up...
2023.03.11 02:33:15 ERROR Waiting for the bsp connection to come up...
2023.03.11 02:33:15 ERROR Waiting for the bsp connection to come up...
2023.03.11 02:33:15 ERROR Waiting for the bsp connection to come up...
2023.03.11 02:33:15 ERROR Waiting for the bsp connection to come up...
2023.03.11 02:33:15 ERROR Waiting for the bsp connection to come up...
2023.03.11 02:33:15 ERROR Waiting for the bsp connection to come up...
2023.03.11 02:33:15 ERROR Waiting for the bsp connection to come up...
2023.03.11 02:33:15 ERROR Waiting for the bsp connection to come up...
2023.03.11 02:33:15 ERROR Waiting for the bsp connection to come up...
2023.03.11 02:33:15 ERROR Waiting for the bsp connection to come up...
2023.03.11 02:33:15 ERROR Waiting for the bsp connection to come up...
2023.03.11 02:33:15 ERROR Waiting for the bsp connection to come up...
2023.03.11 02:33:15 ERROR Waiting for the bsp connection to come up...
2023.03.11 02:33:15 ERROR Waiting for the bsp connection to come up...
2023.03.11 02:33:15 ERROR Waiting for the bsp connection to come up...
2023.03.11 02:33:15 ERROR Waiting for the bsp connection to come up...
2023.03.11 02:33:15 ERROR Waiting for the bsp connection to come up...
2023.03.11 02:33:15 ERROR Waiting for the bsp connection to come up...
2023.03.11 02:33:15 ERROR Waiting for the bsp connection to come up...
2023.03.11 02:33:15 ERROR Waiting for the bsp connection to come up...
2023.03.11 02:33:15 ERROR Waiting for the bsp connection to come up...
2023.03.11 02:33:15 ERROR Waiting for the bsp connection to come up...
2023.03.11 02:33:15 ERROR Waiting for the bsp connection to come up...
2023.03.11 02:33:15 ERROR Waiting for the bsp connection to come up...
2023.03.11 02:33:15 ERROR error: Giving up on waiting for a connection, printing embedded bloop logs:
2023.03.11 02:33:15 ERROR > No server running at 127.0.0.1:8212, let's fire one...
2023.03.11 02:33:15 ERROR > Resolving ch.epfl.scala:bloop-frontend_2.12:1.5.4...
2023.03.11 02:33:15 ERROR > Attempting a connection to the server...
2023.03.11 02:33:15 ERROR > Starting bloop server at 127.0.0.1:8212...
2023.03.11 02:33:15 ERROR > Attempting a connection to the server...
2023.03.11 02:33:15 ERROR > Attempting a connection to the server...
2023.03.11 02:33:15 ERROR > Attempting a connection to the server...
2023.03.11 02:33:15 ERROR > Attempting a connection to the server...
2023.03.11 02:33:15 ERROR > Attempting a connection to the server...
2023.03.11 02:33:15 ERROR > Attempting a connection to the server...
2023.03.11 02:33:15 ERROR > Attempting a connection to the server...
2023.03.11 02:33:15 ERROR > Attempting a connection to the server...
2023.03.11 02:33:15 ERROR > Attempting a connection to the server...
2023.03.11 02:33:15 ERROR > Attempting a connection to the server...
2023.03.11 02:33:15 ERROR > Attempting a connection to the server...
2023.03.11 02:33:15 ERROR > Attempting a connection to the server...
2023.03.11 02:33:15 ERROR > Attempting a connection to the server...
2023.03.11 02:33:15 ERROR > Attempting a connection to the server...
2023.03.11 02:33:15 ERROR > Attempting a connection to the server...
2023.03.11 02:33:15 ERROR > Attempting a connection to the server...
2023.03.11 02:33:15 ERROR > Attempting a connection to the server...
2023.03.11 02:33:15 ERROR > Attempting a connection to the server...
2023.03.11 02:33:15 ERROR > Attempting a connection to the server...
2023.03.11 02:33:15 ERROR > Attempting a connection to the server...
2023.03.11 02:33:15 ERROR > Attempting a connection to the server...
2023.03.11 02:33:15 ERROR > Attempting a connection to the server...
2023.03.11 02:33:15 ERROR > Attempting a connection to the server...
2023.03.11 02:33:15 ERROR > Attempting a connection to the server...
2023.03.11 02:33:15 ERROR > Attempting a connection to the server...
2023.03.11 02:33:15 ERROR > Attempting a connection to the server...
2023.03.11 02:33:15 ERROR > Attempting a connection to the server...
2023.03.11 02:33:15 ERROR > Attempting a connection to the server...
2023.03.11 02:33:15 ERROR > Attempting a connection to the server...
2023.03.11 02:33:15 ERROR > Attempting a connection to the server...
2023.03.11 02:33:15 ERROR > Attempting a connection to the server...
2023.03.11 02:33:15 ERROR > Attempting a connection to the server...
2023.03.11 02:33:15 ERROR > Attempting a connection to the server...
2023.03.11 02:33:15 ERROR > Attempting a connection to the server...
2023.03.11 02:33:15 ERROR > Attempting a connection to the server...
2023.03.11 02:33:15 ERROR > Attempting a connection to the server...
2023.03.11 02:33:15 ERROR > Attempting a connection to the server...
2023.03.11 02:33:15 ERROR > Attempting a connection to the server...
2023.03.11 02:33:15 ERROR > Attempting a connection to the server...
2023.03.11 02:33:15 ERROR > Attempting a connection to the server...
2023.03.11 02:33:15 ERROR > Attempting a connection to the server...
2023.03.11 02:33:15 ERROR > Attempting a connection to the server...
2023.03.11 02:33:15 ERROR > Attempting a connection to the server...
2023.03.11 02:33:15 ERROR > Attempting a connection to the server...
2023.03.11 02:33:15 ERROR > Attempting a connection to the server...
2023.03.11 02:33:15 ERROR > Attempting a connection to the server...
2023.03.11 02:33:15 ERROR > Attempting a connection to the server...
2023.03.11 02:33:15 ERROR > Attempting a connection to the server...
2023.03.11 02:33:15 ERROR > Attempting a connection to the server...
2023.03.11 02:33:15 ERROR > Attempting a connection to the server...
2023.03.11 02:33:15 ERROR > Attempting a connection to the server...
2023.03.11 02:33:15 ERROR > Attempting a connection to the server...
2023.03.11 02:33:15 ERROR > Attempting a connection to the server...
2023.03.11 02:33:15 ERROR > Attempting a connection to the server...
2023.03.11 02:33:15 ERROR > Attempting a connection to the server...
2023.03.11 02:33:15 ERROR > Attempting a connection to the server...
2023.03.11 02:33:15 ERROR > Attempting a connection to the server...
2023.03.11 02:33:15 ERROR > Attempting a connection to the server...
2023.03.11 02:33:15 ERROR > Attempting a connection to the server...
2023.03.11 02:33:15 ERROR > Attempting a connection to the server...
2023.03.11 02:33:15 ERROR > Attempting a connection to the server...
2023.03.11 02:33:15 ERROR > Attempting a connection to the server...
2023.03.11 02:33:15 ERROR > Attempting a connection to the server...
2023.03.11 02:33:15 ERROR > Attempting a connection to the server...
2023.03.11 02:33:15 ERROR > Attempting a connection to the server...
2023.03.11 02:33:15 ERROR > Attempting a connection to the server...
2023.03.11 02:33:15 ERROR > Attempting a connection to the server...
2023.03.11 02:33:15 ERROR > Attempting a connection to the server...
2023.03.11 02:33:15 ERROR > Attempting a connection to the server...
2023.03.11 02:33:15 ERROR > Attempting a connection to the server...
2023.03.11 02:33:15 ERROR > Attempting a connection to the server...
2023.03.11 02:33:15 ERROR > Attempting a connection to the server...
2023.03.11 02:33:15 ERROR > Attempting a connection to the server...
2023.03.11 02:33:15 ERROR > Attempting a connection to the server...
2023.03.11 02:33:15 ERROR > Attempting a connection to the server...
2023.03.11 02:33:15 ERROR > Attempting a connection to the server...
2023.03.11 02:33:15 ERROR > Attempting a connection to the server...
2023.03.11 02:33:15 ERROR > Attempting a connection to the server...
2023.03.11 02:33:15 ERROR > Attempting a connection to the server...
2023.03.11 02:33:15 ERROR > Attempting a connection to the server...
2023.03.11 02:33:15 ERROR > Attempting a connection to the server...
2023.03.11 02:33:15 ERROR > Attempting a connection to the server...
2023.03.11 02:33:15 ERROR > Attempting a connection to the server...
2023.03.11 02:33:15 ERROR > Attempting a connection to the server...
2023.03.11 02:33:15 ERROR > Attempting a connection to the server...
2023.03.11 02:33:15 ERROR > Attempting a connection to the server...
2023.03.11 02:33:15 ERROR > Attempting a connection to the server...
2023.03.11 02:33:15 ERROR > Attempting a connection to the server...
2023.03.11 02:33:15 ERROR > Attempting a connection to the server...
2023.03.11 02:33:15 ERROR > [0m[32m[D][0m Loading workspace settings from bloop.settings.json
2023.03.11 02:33:15 ERROR > [0m[32m[D][0m Loading 2 projects from 'c:\Users\Parth Panara\Desktop\NJIT Learning materials\DS 644 Introduction to Big Data\Projects\Project1\funsets\.bloop'...
2023.03.11 02:33:15 ERROR > [0m[32m[D][0m Loading project from 'c:\Users\Parth Panara\Desktop\NJIT Learning materials\DS 644 Introduction to Big Data\Projects\Project1\funsets\.bloop\funsets.json'
2023.03.11 02:33:15 ERROR > [0m[32m[D][0m Loading project from 'c:\Users\Parth Panara\Desktop\NJIT Learning materials\DS 644 Introduction to Big Data\Projects\Project1\funsets\.bloop\funsets-test.json'
2023.03.11 02:33:15 ERROR > [0m[32m[D][0m Cache miss for scala instance org.scala-lang:scala-compiler:2.13.8.
2023.03.11 02:33:15 ERROR > [0m[32m[D][0m   => C:\Users\Parth Panara\AppData\Local\Coursier\Cache\v1\https\repo1.maven.org\maven2\net\java\dev\jna\jna\5.9.0\jna-5.9.0.jar
2023.03.11 02:33:15 ERROR > [0m[32m[D][0m   => C:\Users\Parth Panara\AppData\Local\Coursier\Cache\v1\https\repo1.maven.org\maven2\org\jline\jline\3.21.0\jline-3.21.0.jar
2023.03.11 02:33:15 ERROR > [0m[32m[D][0m   => C:\Users\Parth Panara\AppData\Local\Coursier\Cache\v1\https\repo1.maven.org\maven2\org\scala-lang\scala-compiler\2.13.8\scala-compiler-2.13.8.jar
2023.03.11 02:33:15 ERROR > [0m[32m[D][0m   => C:\Users\Parth Panara\AppData\Local\Coursier\Cache\v1\https\repo1.maven.org\maven2\org\scala-lang\scala-library\2.13.8\scala-library-2.13.8.jar
2023.03.11 02:33:15 ERROR > [0m[32m[D][0m   => C:\Users\Parth Panara\AppData\Local\Coursier\Cache\v1\https\repo1.maven.org\maven2\org\scala-lang\scala-reflect\2.13.8\scala-reflect-2.13.8.jar
2023.03.11 02:33:15 ERROR > [0m[32m[D][0m Configured Java SemanticDB in projects 'funsets', 'funsets-test'
2023.03.11 02:33:15 ERROR > [0m[32m[D][0m Configured Scala SemanticDB in projects 'funsets', 'funsets-test'
2023.03.11 02:33:15 ERROR error: The launcher failed to establish a bsp connection, aborting...
2023.03.11 02:33:15 ERROR Failed to connect with build server, no functionality will work.java.lang.RuntimeException: The server did not start, got FailedToOpenBspConnection
	at bloop.launcher.LauncherMain.failPromise$1(Launcher.scala:92)
	at bloop.launcher.LauncherMain.runLauncher(Launcher.scala:119)
	at scala.meta.internal.metals.BloopServers$$anon$2.run(BloopServers.scala:496)
	at java.util.concurrent.Executors$RunnableAdapter.call(Executors.java:515)
	at java.util.concurrent.FutureTask.run(FutureTask.java:264)
	at java.util.concurrent.ThreadPoolExecutor.runWorker(ThreadPoolExecutor.java:1128)
	at java.util.concurrent.ThreadPoolExecutor$Worker.run(ThreadPoolExecutor.java:628)
	at java.lang.Thread.run(Thread.java:834)

2023.03.11 02:33:21 INFO  no build target found for C:\Users\Parth Panara\Desktop\NJIT Learning materials\DS 644 Introduction to Big Data\Projects\Project1\funsets\src\test\scala\funsets\Work.worksheet.sc. Using presentation compiler with project's scala-library version: 3.2.0
2023.03.11 02:33:39 INFO  time: code lens generation in 57s
[31merror[39m: src\test\scala\funsets\Work.worksheet.sc:11:11: 
Values of types repl.MdocSession.MdocApp.FunSets.IntSet and Int cannot be compared with == or !=
    (m => m == n)}
          ^^^^^^
[33mwarning[39m: 
Work.worksheet.sc:23 (mdoc generated code) 
 Line is indented too far to the left, or a `}` is missing
    def union(s: IntSet, t: IntSet): IntSet ={


[33mwarning[39m: 
Work.worksheet.sc:40 (mdoc generated code) 
 Line is indented too far to the left, or a `}` is missing
    def filter(s: IntSet, p: Int => Boolean): IntSet ={


[33mwarning[39m: 
Work.worksheet.sc:47 (mdoc generated code) 
 Line is indented too far to the left, or a `}` is missing
    val bound  = 1000


[33mwarning[39m: 
Work.worksheet.sc:51 (mdoc generated code) 
 Line is indented too far to the left, or a `}` is missing
    def forall(s: IntSet, p: Int => Boolean): Boolean = {


[33mwarning[39m: 
Work.worksheet.sc:65 (mdoc generated code) 
 Line is indented too far to the left, or a `}` is missing
    def exists(s: IntSet, p: Int => Boolean): Boolean ={


[33mwarning[39m: 
Work.worksheet.sc:71 (mdoc generated code) 
 Line is indented too far to the left, or a `}` is missing
    def map(s: IntSet, f: Int => Int): IntSet = {(y => exists(s, x => y == f(x)))}


2023.03.11 02:33:43 INFO  no build target found for C:\Users\Parth Panara\Desktop\NJIT Learning materials\DS 644 Introduction to Big Data\Projects\Project1\funsets\src\test\scala\funsets\Work.worksheet.sc. Using presentation compiler with project's scala-library version: 3.2.0
2023.03.11 02:33:43 INFO  time: evaluated worksheet 'Work.worksheet.sc' in 27s
2023.03.11 02:33:44 INFO  shutting down Metals
2023.03.12 16:22:20 INFO  tracing is disabled for protocol LSP, to enable tracing of incoming and outgoing JSON messages create an empty file at c:\Users\Parth Panara\Desktop\NJIT Learning materials\DS 644 Introduction to Big Data\Projects\Project1\funsets\.metals\lsp.trace.json or C:\Users\Parth Panara\AppData\Local\scalameta\metals\cache\lsp.trace.json
2023.03.12 16:22:26 INFO  logging to file C:\Users\Parth Panara\Desktop\NJIT Learning materials\DS 644 Introduction to Big Data\Projects\Project1\funsets\.metals\metals.log
2023.03.12 16:22:26 INFO  Started: Metals version 0.11.9 in workspace 'C:\Users\Parth Panara\Desktop\NJIT Learning materials\DS 644 Introduction to Big Data\Projects\Project1\funsets' for client Visual Studio Code 1.74.3.
2023.03.12 16:22:41 INFO  time: initialize in 14s
2023.03.12 16:22:46 INFO  Attempting to connect to the build server...
2023.03.12 16:22:46 INFO  Bloop uses C:\Program Files\Java\jdk-11 defined at C:\Users\Parth Panara\.bloop\bloop.json
2023.03.12 16:22:48 INFO  skipping build import with status 'Installed'
2023.03.12 16:23:25 ERROR Starting the bsp launcher for bloop...
2023.03.12 16:23:25 ERROR Opening a bsp server connection with 'bsp --protocol tcp --port 37339'...
2023.03.12 16:23:25 ERROR Waiting for the bsp connection to come up...
2023.03.12 16:23:25 ERROR Waiting for the bsp connection to come up...
2023.03.12 16:23:25 ERROR Waiting for the bsp connection to come up...
2023.03.12 16:23:25 ERROR Waiting for the bsp connection to come up...
2023.03.12 16:23:25 ERROR Waiting for the bsp connection to come up...
2023.03.12 16:23:25 ERROR Waiting for the bsp connection to come up...
2023.03.12 16:23:25 ERROR Waiting for the bsp connection to come up...
2023.03.12 16:23:25 ERROR Waiting for the bsp connection to come up...
2023.03.12 16:23:25 ERROR Waiting for the bsp connection to come up...
2023.03.12 16:23:25 ERROR Waiting for the bsp connection to come up...
2023.03.12 16:23:25 ERROR Waiting for the bsp connection to come up...
2023.03.12 16:23:25 ERROR Waiting for the bsp connection to come up...
2023.03.12 16:23:25 ERROR Waiting for the bsp connection to come up...
2023.03.12 16:23:25 ERROR Waiting for the bsp connection to come up...
2023.03.12 16:23:25 ERROR Waiting for the bsp connection to come up...
2023.03.12 16:23:25 ERROR Waiting for the bsp connection to come up...
2023.03.12 16:23:25 ERROR Waiting for the bsp connection to come up...
2023.03.12 16:23:25 ERROR Waiting for the bsp connection to come up...
2023.03.12 16:23:25 ERROR Waiting for the bsp connection to come up...
2023.03.12 16:23:25 ERROR Waiting for the bsp connection to come up...
2023.03.12 16:23:25 ERROR Waiting for the bsp connection to come up...
2023.03.12 16:23:25 ERROR Waiting for the bsp connection to come up...
2023.03.12 16:23:25 ERROR Waiting for the bsp connection to come up...
2023.03.12 16:23:25 ERROR Waiting for the bsp connection to come up...
2023.03.12 16:23:25 ERROR Waiting for the bsp connection to come up...
2023.03.12 16:23:25 ERROR Waiting for the bsp connection to come up...
2023.03.12 16:23:25 ERROR Waiting for the bsp connection to come up...
2023.03.12 16:23:25 ERROR Waiting for the bsp connection to come up...
2023.03.12 16:23:25 ERROR Waiting for the bsp connection to come up...
2023.03.12 16:23:25 ERROR Waiting for the bsp connection to come up...
2023.03.12 16:23:25 ERROR Waiting for the bsp connection to come up...
2023.03.12 16:23:25 ERROR error: Giving up on waiting for a connection, printing embedded bloop logs:
2023.03.12 16:23:25 ERROR > No server running at 127.0.0.1:8212, let's fire one...
2023.03.12 16:23:25 ERROR > Resolving ch.epfl.scala:bloop-frontend_2.12:1.5.4...
2023.03.12 16:23:25 ERROR > Attempting a connection to the server...
2023.03.12 16:23:25 ERROR > Attempting a connection to the server...
2023.03.12 16:23:25 ERROR > Attempting a connection to the server...
2023.03.12 16:23:25 ERROR > Attempting a connection to the server...
2023.03.12 16:23:25 ERROR > Attempting a connection to the server...
2023.03.12 16:23:25 ERROR > Attempting a connection to the server...
2023.03.12 16:23:25 ERROR > Attempting a connection to the server...
2023.03.12 16:23:25 ERROR > Starting bloop server at 127.0.0.1:8212...
2023.03.12 16:23:25 ERROR > Attempting a connection to the server...
2023.03.12 16:23:25 ERROR > Attempting a connection to the server...
2023.03.12 16:23:25 ERROR > Attempting a connection to the server...
2023.03.12 16:23:25 ERROR > Attempting a connection to the server...
2023.03.12 16:23:25 ERROR > Attempting a connection to the server...
2023.03.12 16:23:25 ERROR > Attempting a connection to the server...
2023.03.12 16:23:25 ERROR > Attempting a connection to the server...
2023.03.12 16:23:25 ERROR > Attempting a connection to the server...
2023.03.12 16:23:25 ERROR > Attempting a connection to the server...
2023.03.12 16:23:25 ERROR > Attempting a connection to the server...
2023.03.12 16:23:25 ERROR > Attempting a connection to the server...
2023.03.12 16:23:25 ERROR > Attempting a connection to the server...
2023.03.12 16:23:25 ERROR > Attempting a connection to the server...
2023.03.12 16:23:25 ERROR > Attempting a connection to the server...
2023.03.12 16:23:25 ERROR > Attempting a connection to the server...
2023.03.12 16:23:25 ERROR > Attempting a connection to the server...
2023.03.12 16:23:25 ERROR > Attempting a connection to the server...
2023.03.12 16:23:25 ERROR > Attempting a connection to the server...
2023.03.12 16:23:25 ERROR > Attempting a connection to the server...
2023.03.12 16:23:25 ERROR > Attempting a connection to the server...
2023.03.12 16:23:25 ERROR > Attempting a connection to the server...
2023.03.12 16:23:25 ERROR > Attempting a connection to the server...
2023.03.12 16:23:25 ERROR > Attempting a connection to the server...
2023.03.12 16:23:25 ERROR > Attempting a connection to the server...
2023.03.12 16:23:25 ERROR > Attempting a connection to the server...
2023.03.12 16:23:25 ERROR > Attempting a connection to the server...
2023.03.12 16:23:25 ERROR > Attempting a connection to the server...
2023.03.12 16:23:25 ERROR > Attempting a connection to the server...
2023.03.12 16:23:25 ERROR > Attempting a connection to the server...
2023.03.12 16:23:25 ERROR > Attempting a connection to the server...
2023.03.12 16:23:25 ERROR > Attempting a connection to the server...
2023.03.12 16:23:25 ERROR > Attempting a connection to the server...
2023.03.12 16:23:25 ERROR > Attempting a connection to the server...
2023.03.12 16:23:25 ERROR > Attempting a connection to the server...
2023.03.12 16:23:25 ERROR > Attempting a connection to the server...
2023.03.12 16:23:25 ERROR > Attempting a connection to the server...
2023.03.12 16:23:25 ERROR > Attempting a connection to the server...
2023.03.12 16:23:25 ERROR > Attempting a connection to the server...
2023.03.12 16:23:25 ERROR > Attempting a connection to the server...
2023.03.12 16:23:25 ERROR > Attempting a connection to the server...
2023.03.12 16:23:25 ERROR > Attempting a connection to the server...
2023.03.12 16:23:25 ERROR > Attempting a connection to the server...
2023.03.12 16:23:25 ERROR > Attempting a connection to the server...
2023.03.12 16:23:25 ERROR > Attempting a connection to the server...
2023.03.12 16:23:25 ERROR > Attempting a connection to the server...
2023.03.12 16:23:25 ERROR > Attempting a connection to the server...
2023.03.12 16:23:25 ERROR > Attempting a connection to the server...
2023.03.12 16:23:25 ERROR > Attempting a connection to the server...
2023.03.12 16:23:25 ERROR > Attempting a connection to the server...
2023.03.12 16:23:25 ERROR > Attempting a connection to the server...
2023.03.12 16:23:25 ERROR > Attempting a connection to the server...
2023.03.12 16:23:25 ERROR > Attempting a connection to the server...
2023.03.12 16:23:25 ERROR > Attempting a connection to the server...
2023.03.12 16:23:25 ERROR > Attempting a connection to the server...
2023.03.12 16:23:25 ERROR > Attempting a connection to the server...
2023.03.12 16:23:25 ERROR > Attempting a connection to the server...
2023.03.12 16:23:25 ERROR > Attempting a connection to the server...
2023.03.12 16:23:25 ERROR > Attempting a connection to the server...
2023.03.12 16:23:25 ERROR > Attempting a connection to the server...
2023.03.12 16:23:25 ERROR > Attempting a connection to the server...
2023.03.12 16:23:25 ERROR > Attempting a connection to the server...
2023.03.12 16:23:25 ERROR > Attempting a connection to the server...
2023.03.12 16:23:25 ERROR > Attempting a connection to the server...
2023.03.12 16:23:25 ERROR > Attempting a connection to the server...
2023.03.12 16:23:25 ERROR > Attempting a connection to the server...
2023.03.12 16:23:25 ERROR > Attempting a connection to the server...
2023.03.12 16:23:25 ERROR > Attempting a connection to the server...
2023.03.12 16:23:25 ERROR > Attempting a connection to the server...
2023.03.12 16:23:25 ERROR > Attempting a connection to the server...
2023.03.12 16:23:25 ERROR > Attempting a connection to the server...
2023.03.12 16:23:25 ERROR > Attempting a connection to the server...
2023.03.12 16:23:25 ERROR > Attempting a connection to the server...
2023.03.12 16:23:25 ERROR > Attempting a connection to the server...
2023.03.12 16:23:25 ERROR > Attempting a connection to the server...
2023.03.12 16:23:25 ERROR > [0m[32m[D][0m Loading workspace settings from bloop.settings.json
2023.03.12 16:23:25 ERROR > [0m[32m[D][0m Loading 2 projects from 'c:\Users\Parth Panara\Desktop\NJIT Learning materials\DS 644 Introduction to Big Data\Projects\Project1\funsets\.bloop'...
2023.03.12 16:23:25 ERROR error: The launcher failed to establish a bsp connection, aborting...
2023.03.12 16:23:26 ERROR Failed to connect with build server, no functionality will work.java.lang.RuntimeException: The server did not start, got FailedToOpenBspConnection
	at bloop.launcher.LauncherMain.failPromise$1(Launcher.scala:92)
	at bloop.launcher.LauncherMain.runLauncher(Launcher.scala:119)
	at scala.meta.internal.metals.BloopServers$$anon$2.run(BloopServers.scala:496)
	at java.util.concurrent.Executors$RunnableAdapter.call(Executors.java:515)
	at java.util.concurrent.FutureTask.run(FutureTask.java:264)
	at java.util.concurrent.ThreadPoolExecutor.runWorker(ThreadPoolExecutor.java:1128)
	at java.util.concurrent.ThreadPoolExecutor$Worker.run(ThreadPoolExecutor.java:628)
	at java.lang.Thread.run(Thread.java:834)

2023.03.12 16:23:42 INFO  no build target found for C:\Users\Parth Panara\Desktop\NJIT Learning materials\DS 644 Introduction to Big Data\Projects\Project1\funsets\src\test\scala\funsets\Work.worksheet.sc. Using presentation compiler with project's scala-library version: 3.2.0
2023.03.12 16:24:04 INFO  time: code lens generation in 1m14s
[31merror[39m: src\test\scala\funsets\Work.worksheet.sc:11:11: 
Values of types repl.MdocSession.MdocApp.FunSets.IntSet and Int cannot be compared with == or !=
    (m => m == n)}
          ^^^^^^
[33mwarning[39m: 
Work.worksheet.sc:23 (mdoc generated code) 
 Line is indented too far to the left, or a `}` is missing
    def union(s: IntSet, t: IntSet): IntSet ={


[33mwarning[39m: 
Work.worksheet.sc:40 (mdoc generated code) 
 Line is indented too far to the left, or a `}` is missing
    def filter(s: IntSet, p: Int => Boolean): IntSet ={


[33mwarning[39m: 
Work.worksheet.sc:47 (mdoc generated code) 
 Line is indented too far to the left, or a `}` is missing
    val bound  = 1000


[33mwarning[39m: 
Work.worksheet.sc:51 (mdoc generated code) 
 Line is indented too far to the left, or a `}` is missing
    def forall(s: IntSet, p: Int => Boolean): Boolean = {


[33mwarning[39m: 
Work.worksheet.sc:65 (mdoc generated code) 
 Line is indented too far to the left, or a `}` is missing
    def exists(s: IntSet, p: Int => Boolean): Boolean ={


[33mwarning[39m: 
Work.worksheet.sc:71 (mdoc generated code) 
 Line is indented too far to the left, or a `}` is missing
    def map(s: IntSet, f: Int => Int): IntSet = {(y => exists(s, x => y == f(x)))}


2023.03.12 16:24:26 INFO  no build target found for C:\Users\Parth Panara\Desktop\NJIT Learning materials\DS 644 Introduction to Big Data\Projects\Project1\funsets\src\test\scala\funsets\Work.worksheet.sc. Using presentation compiler with project's scala-library version: 3.2.0
2023.03.12 16:24:26 INFO  time: evaluated worksheet 'Work.worksheet.sc' in 59s
[31merror[39m: src\test\scala\funsets\Work.worksheet.sc:11:11: 
Values of types repl.MdocSession.MdocApp.FunSets.IntSet and Int cannot be compared with == or !=
    (m => m == n)}
          ^^^^^^
[33mwarning[39m: 
Work.worksheet.sc:23 (mdoc generated code) 
 Line is indented too far to the left, or a `}` is missing
    def union(s: IntSet, t: IntSet): IntSet ={


[33mwarning[39m: 
Work.worksheet.sc:40 (mdoc generated code) 
 Line is indented too far to the left, or a `}` is missing
    def filter(s: IntSet, p: Int => Boolean): IntSet ={


[33mwarning[39m: 
Work.worksheet.sc:47 (mdoc generated code) 
 Line is indented too far to the left, or a `}` is missing
    val bound  = 1000


[33mwarning[39m: 
Work.worksheet.sc:51 (mdoc generated code) 
 Line is indented too far to the left, or a `}` is missing
    def forall(s: IntSet, p: Int => Boolean): Boolean = {


[33mwarning[39m: 
Work.worksheet.sc:65 (mdoc generated code) 
 Line is indented too far to the left, or a `}` is missing
    def exists(s: IntSet, p: Int => Boolean): Boolean ={


[33mwarning[39m: 
Work.worksheet.sc:71 (mdoc generated code) 
 Line is indented too far to the left, or a `}` is missing
    def map(s: IntSet, f: Int => Int): IntSet = {(y => exists(s, x => y == f(x)))}


2023.03.12 16:25:58 INFO  time: evaluated worksheet 'Work.worksheet.sc' in 1.79s
2023.03.12 16:27:09 WARN  no build target for: C:\Users\Parth Panara\Desktop\NJIT Learning materials\DS 644 Introduction to Big Data\Projects\Project1\funsets\src\test\scala\funsets\FunSetsSuite.scala
Mar 12, 2023 4:30:43 PM org.eclipse.lsp4j.jsonrpc.RemoteEndpoint handleCancellation
WARNING: Unmatched cancel notification for request id 28
Mar 12, 2023 4:33:36 PM org.eclipse.lsp4j.jsonrpc.RemoteEndpoint handleCancellation
WARNING: Unmatched cancel notification for request id 105
[33mwarning[39m: 
Work.worksheet.sc:23 (mdoc generated code) 
 Line is indented too far to the left, or a `}` is missing
    def union(s: IntSet, t: IntSet): IntSet ={


[33mwarning[39m: 
Work.worksheet.sc:40 (mdoc generated code) 
 Line is indented too far to the left, or a `}` is missing
    def filter(s: IntSet, p: Int => Boolean): IntSet ={


[33mwarning[39m: 
Work.worksheet.sc:47 (mdoc generated code) 
 Line is indented too far to the left, or a `}` is missing
    val bound  = 1000


[33mwarning[39m: 
Work.worksheet.sc:51 (mdoc generated code) 
 Line is indented too far to the left, or a `}` is missing
    def forall(s: IntSet, p: Int => Boolean): Boolean = {


[33mwarning[39m: 
Work.worksheet.sc:65 (mdoc generated code) 
 Line is indented too far to the left, or a `}` is missing
    def exists(s: IntSet, p: Int => Boolean): Boolean ={


[33mwarning[39m: 
Work.worksheet.sc:71 (mdoc generated code) 
 Line is indented too far to the left, or a `}` is missing
    def map(s: IntSet, f: Int => Int): IntSet = {(y => exists(s, x => y == f(x)))}


2023.03.12 16:33:56 INFO  time: evaluated worksheet 'Work.worksheet.sc' in 2.27s
[31merror[39m: src\test\scala\funsets\Work.worksheet.sc:69:9: 
Not found: singletonSet
val s = singletonSet(3)
        ^^^^^^^^^^^^
[33mwarning[39m: 
Work.worksheet.sc:23 (mdoc generated code) 
 Line is indented too far to the left, or a `}` is missing
    def union(s: IntSet, t: IntSet): IntSet ={


[33mwarning[39m: 
Work.worksheet.sc:40 (mdoc generated code) 
 Line is indented too far to the left, or a `}` is missing
    def filter(s: IntSet, p: Int => Boolean): IntSet ={


[33mwarning[39m: 
Work.worksheet.sc:47 (mdoc generated code) 
 Line is indented too far to the left, or a `}` is missing
    val bound  = 1000


[33mwarning[39m: 
Work.worksheet.sc:51 (mdoc generated code) 
 Line is indented too far to the left, or a `}` is missing
    def forall(s: IntSet, p: Int => Boolean): Boolean = {


[33mwarning[39m: 
Work.worksheet.sc:65 (mdoc generated code) 
 Line is indented too far to the left, or a `}` is missing
    def exists(s: IntSet, p: Int => Boolean): Boolean ={


[33mwarning[39m: 
Work.worksheet.sc:71 (mdoc generated code) 
 Line is indented too far to the left, or a `}` is missing
    def map(s: IntSet, f: Int => Int): IntSet = {(y => exists(s, x => y == f(x)))}


2023.03.12 16:34:50 INFO  time: evaluated worksheet 'Work.worksheet.sc' in 0.79s
Mar 12, 2023 4:34:54 PM scala.meta.internal.pc.CompilerAccess handleError
SEVERE: NoDenotation.owner
java.lang.AssertionError: NoDenotation.owner
	at dotty.tools.dotc.core.SymDenotations$NoDenotation$.owner(SymDenotations.scala:2499)
	at scala.meta.internal.pc.PcDocumentHighlightProvider$.isForComprehensionOwner$1(PcDocumentHighlightProvider.scala:163)
	at scala.meta.internal.pc.PcDocumentHighlightProvider$.collectNames$1(PcDocumentHighlightProvider.scala:178)
	at scala.meta.internal.pc.PcDocumentHighlightProvider$.$anonfun$4(PcDocumentHighlightProvider.scala:275)
	at dotty.tools.dotc.ast.Trees$Instance$DeepFolder.apply(Trees.scala:1669)
	at dotty.tools.dotc.ast.Trees$Instance$TreeAccumulator.foldOver(Trees.scala:1554)
	at dotty.tools.dotc.ast.Trees$Instance$DeepFolder.apply(Trees.scala:1669)
	at dotty.tools.dotc.ast.Trees$Instance$TreeAccumulator.foldOver(Trees.scala:1619)
	at dotty.tools.dotc.ast.Trees$Instance$DeepFolder.apply(Trees.scala:1669)
	at dotty.tools.dotc.ast.Trees$Instance$TreeAccumulator.fold$1(Trees.scala:1535)
	at dotty.tools.dotc.ast.Trees$Instance$TreeAccumulator.apply(Trees.scala:1537)
	at dotty.tools.dotc.ast.Trees$Instance$TreeAccumulator.foldOver(Trees.scala:1630)
	at dotty.tools.dotc.ast.Trees$Instance$DeepFolder.apply(Trees.scala:1669)
	at dotty.tools.dotc.ast.Trees$Instance$TreeAccumulator.foldOver(Trees.scala:1627)
	at dotty.tools.dotc.ast.Trees$Instance$DeepFolder.apply(Trees.scala:1669)
	at dotty.tools.dotc.ast.Trees$Instance$TreeAccumulator.fold$1(Trees.scala:1535)
	at dotty.tools.dotc.ast.Trees$Instance$TreeAccumulator.apply(Trees.scala:1537)
	at dotty.tools.dotc.ast.Trees$Instance$TreeAccumulator.foldOver(Trees.scala:1636)
	at dotty.tools.dotc.ast.Trees$Instance$TreeAccumulator.foldOver(Trees.scala:1541)
	at dotty.tools.dotc.ast.Trees$Instance$DeepFolder.apply(Trees.scala:1669)
	at scala.meta.internal.pc.PcDocumentHighlightProvider$.highlights(PcDocumentHighlightProvider.scala:276)

[31merror[39m: src\test\scala\funsets\Work.worksheet.sc:69:9: 
Not found: singletonSet
val s = singletonSet(3)
        ^^^^^^^^^^^^
[33mwarning[39m: 
Work.worksheet.sc:23 (mdoc generated code) 
 Line is indented too far to the left, or a `}` is missing
    def union(s: IntSet, t: IntSet): IntSet ={


[33mwarning[39m: 
Work.worksheet.sc:40 (mdoc generated code) 
 Line is indented too far to the left, or a `}` is missing
    def filter(s: IntSet, p: Int => Boolean): IntSet ={


[33mwarning[39m: 
Work.worksheet.sc:47 (mdoc generated code) 
 Line is indented too far to the left, or a `}` is missing
    val bound  = 1000


[33mwarning[39m: 
Work.worksheet.sc:51 (mdoc generated code) 
 Line is indented too far to the left, or a `}` is missing
    def forall(s: IntSet, p: Int => Boolean): Boolean = {


[33mwarning[39m: 
Work.worksheet.sc:65 (mdoc generated code) 
 Line is indented too far to the left, or a `}` is missing
    def exists(s: IntSet, p: Int => Boolean): Boolean ={


[33mwarning[39m: 
Work.worksheet.sc:71 (mdoc generated code) 
 Line is indented too far to the left, or a `}` is missing
    def map(s: IntSet, f: Int => Int): IntSet = {(y => exists(s, x => y == f(x)))}


Mar 12, 2023 4:34:57 PM org.eclipse.lsp4j.jsonrpc.RemoteEndpoint handleNotification
WARNING: Notification threw an exception: {
  "jsonrpc": "2.0",
  "method": "textDocument/didOpen",
  "params": {
    "textDocument": {
      "uri": "jar:file%3A///C%3A/Users/Parth%20Panara/AppData/Local/Coursier/cache/v1/https/repo1.maven.org/maven2/org/scala-lang/scala-library/2.13.8/scala-library-2.13.8-sources.jar%21/scala/Int.scala",
      "languageId": "scala",
      "version": 1,
      "text": "/*\n * Scala (https://www.scala-lang.org)\n *\n * Copyright EPFL and Lightbend, Inc.\n *\n * Licensed under Apache License 2.0\n * (http://www.apache.org/licenses/LICENSE-2.0).\n *\n * See the NOTICE file distributed with this work for\n * additional information regarding copyright ownership.\n */\n\n// DO NOT EDIT, CHANGES WILL BE LOST\n// This auto-generated code can be modified in \"project/GenerateAnyVals.scala\".\n// Afterwards, running \"sbt generateSources\" regenerates this source file.\n\npackage scala\n\n/** `Int`, a 32-bit signed integer (equivalent to Java\u0027s `int` primitive type) is a\n *  subtype of [[scala.AnyVal]]. Instances of `Int` are not\n *  represented by an object in the underlying runtime system.\n *\n *  There is an implicit conversion from [[scala.Int]] \u003d\u003e [[scala.runtime.RichInt]]\n *  which provides useful non-primitive operations.\n */\nfinal abstract class Int private extends AnyVal {\n  def toByte: Byte\n  def toShort: Short\n  def toChar: Char\n  def toInt: Int\n  def toLong: Long\n  def toFloat: Float\n  def toDouble: Double\n\n  /**\n * Returns the bitwise negation of this value.\n * @example {{{\n * ~5 \u003d\u003d -6\n * // in binary: ~00000101 \u003d\u003d\n * //             11111010\n * }}}\n */\n  def unary_~ : Int\n  /** Returns this value, unmodified. */\n  def unary_+ : Int\n  /** Returns the negation of this value. */\n  def unary_- : Int\n\n  @deprecated(\"Adding a number and a String is deprecated. Use the string interpolation `s\\\"$num$str\\\"`\", \"2.13.0\")\n  def +(x: String): String\n\n  /**\n  * Returns this value bit-shifted left by the specified number of bits,\n  *         filling in the new right bits with zeroes.\n  * @example {{{ 6 \u003c\u003c 3 \u003d\u003d 48 // in binary: 0110 \u003c\u003c 3 \u003d\u003d 0110000 }}}\n  */\n  def \u003c\u003c(x: Int): Int\n  /**\n  * Returns this value bit-shifted left by the specified number of bits,\n  *         filling in the new right bits with zeroes.\n  * @example {{{ 6 \u003c\u003c 3 \u003d\u003d 48 // in binary: 0110 \u003c\u003c 3 \u003d\u003d 0110000 }}}\n  */\n  @deprecated(\"shifting a value by a `Long` argument is deprecated (except when the value is a `Long`).\\nCall `toInt` on the argument to maintain the current behavior and avoid the deprecation warning.\", \"2.12.7\")\n  def \u003c\u003c(x: Long): Int\n  /**\n  * Returns this value bit-shifted right by the specified number of bits,\n  *         filling the new left bits with zeroes.\n  * @example {{{ 21 \u003e\u003e\u003e 3 \u003d\u003d 2 // in binary: 010101 \u003e\u003e\u003e 3 \u003d\u003d 010 }}}\n  * @example {{{\n  * -21 \u003e\u003e\u003e 3 \u003d\u003d 536870909\n  * // in binary: 11111111 11111111 11111111 11101011 \u003e\u003e\u003e 3 \u003d\u003d\n  * //            00011111 11111111 11111111 11111101\n  * }}}\n  */\n  def \u003e\u003e\u003e(x: Int): Int\n  /**\n  * Returns this value bit-shifted right by the specified number of bits,\n  *         filling the new left bits with zeroes.\n  * @example {{{ 21 \u003e\u003e\u003e 3 \u003d\u003d 2 // in binary: 010101 \u003e\u003e\u003e 3 \u003d\u003d 010 }}}\n  * @example {{{\n  * -21 \u003e\u003e\u003e 3 \u003d\u003d 536870909\n  * // in binary: 11111111 11111111 11111111 11101011 \u003e\u003e\u003e 3 \u003d\u003d\n  * //            00011111 11111111 11111111 11111101\n  * }}}\n  */\n  @deprecated(\"shifting a value by a `Long` argument is deprecated (except when the value is a `Long`).\\nCall `toInt` on the argument to maintain the current behavior and avoid the deprecation warning.\", \"2.12.7\")\n  def \u003e\u003e\u003e(x: Long): Int\n  /**\n  * Returns this value bit-shifted right by the specified number of bits,\n  *         filling in the left bits with the same value as the left-most bit of this.\n  *         The effect of this is to retain the sign of the value.\n  * @example {{{\n  * -21 \u003e\u003e 3 \u003d\u003d -3\n  * // in binary: 11111111 11111111 11111111 11101011 \u003e\u003e 3 \u003d\u003d\n  * //            11111111 11111111 11111111 11111101\n  * }}}\n  */\n  def \u003e\u003e(x: Int): Int\n  /**\n  * Returns this value bit-shifted right by the specified number of bits,\n  *         filling in the left bits with the same value as the left-most bit of this.\n  *         The effect of this is to retain the sign of the value.\n  * @example {{{\n  * -21 \u003e\u003e 3 \u003d\u003d -3\n  * // in binary: 11111111 11111111 11111111 11101011 \u003e\u003e 3 \u003d\u003d\n  * //            11111111 11111111 11111111 11111101\n  * }}}\n  */\n  @deprecated(\"shifting a value by a `Long` argument is deprecated (except when the value is a `Long`).\\nCall `toInt` on the argument to maintain the current behavior and avoid the deprecation warning.\", \"2.12.7\")\n  def \u003e\u003e(x: Long): Int\n\n  /** Returns `true` if this value is equal to x, `false` otherwise. */\n  def \u003d\u003d(x: Byte): Boolean\n  /** Returns `true` if this value is equal to x, `false` otherwise. */\n  def \u003d\u003d(x: Short): Boolean\n  /** Returns `true` if this value is equal to x, `false` otherwise. */\n  def \u003d\u003d(x: Char): Boolean\n  /** Returns `true` if this value is equal to x, `false` otherwise. */\n  def \u003d\u003d(x: Int): Boolean\n  /** Returns `true` if this value is equal to x, `false` otherwise. */\n  def \u003d\u003d(x: Long): Boolean\n  /** Returns `true` if this value is equal to x, `false` otherwise. */\n  def \u003d\u003d(x: Float): Boolean\n  /** Returns `true` if this value is equal to x, `false` otherwise. */\n  def \u003d\u003d(x: Double): Boolean\n\n  /** Returns `true` if this value is not equal to x, `false` otherwise. */\n  def !\u003d(x: Byte): Boolean\n  /** Returns `true` if this value is not equal to x, `false` otherwise. */\n  def !\u003d(x: Short): Boolean\n  /** Returns `true` if this value is not equal to x, `false` otherwise. */\n  def !\u003d(x: Char): Boolean\n  /** Returns `true` if this value is not equal to x, `false` otherwise. */\n  def !\u003d(x: Int): Boolean\n  /** Returns `true` if this value is not equal to x, `false` otherwise. */\n  def !\u003d(x: Long): Boolean\n  /** Returns `true` if this value is not equal to x, `false` otherwise. */\n  def !\u003d(x: Float): Boolean\n  /** Returns `true` if this value is not equal to x, `false` otherwise. */\n  def !\u003d(x: Double): Boolean\n\n  /** Returns `true` if this value is less than x, `false` otherwise. */\n  def \u003c(x: Byte): Boolean\n  /** Returns `true` if this value is less than x, `false` otherwise. */\n  def \u003c(x: Short): Boolean\n  /** Returns `true` if this value is less than x, `false` otherwise. */\n  def \u003c(x: Char): Boolean\n  /** Returns `true` if this value is less than x, `false` otherwise. */\n  def \u003c(x: Int): Boolean\n  /** Returns `true` if this value is less than x, `false` otherwise. */\n  def \u003c(x: Long): Boolean\n  /** Returns `true` if this value is less than x, `false` otherwise. */\n  def \u003c(x: Float): Boolean\n  /** Returns `true` if this value is less than x, `false` otherwise. */\n  def \u003c(x: Double): Boolean\n\n  /** Returns `true` if this value is less than or equal to x, `false` otherwise. */\n  def \u003c\u003d(x: Byte): Boolean\n  /** Returns `true` if this value is less than or equal to x, `false` otherwise. */\n  def \u003c\u003d(x: Short): Boolean\n  /** Returns `true` if this value is less than or equal to x, `false` otherwise. */\n  def \u003c\u003d(x: Char): Boolean\n  /** Returns `true` if this value is less than or equal to x, `false` otherwise. */\n  def \u003c\u003d(x: Int): Boolean\n  /** Returns `true` if this value is less than or equal to x, `false` otherwise. */\n  def \u003c\u003d(x: Long): Boolean\n  /** Returns `true` if this value is less than or equal to x, `false` otherwise. */\n  def \u003c\u003d(x: Float): Boolean\n  /** Returns `true` if this value is less than or equal to x, `false` otherwise. */\n  def \u003c\u003d(x: Double): Boolean\n\n  /** Returns `true` if this value is greater than x, `false` otherwise. */\n  def \u003e(x: Byte): Boolean\n  /** Returns `true` if this value is greater than x, `false` otherwise. */\n  def \u003e(x: Short): Boolean\n  /** Returns `true` if this value is greater than x, `false` otherwise. */\n  def \u003e(x: Char): Boolean\n  /** Returns `true` if this value is greater than x, `false` otherwise. */\n  def \u003e(x: Int): Boolean\n  /** Returns `true` if this value is greater than x, `false` otherwise. */\n  def \u003e(x: Long): Boolean\n  /** Returns `true` if this value is greater than x, `false` otherwise. */\n  def \u003e(x: Float): Boolean\n  /** Returns `true` if this value is greater than x, `false` otherwise. */\n  def \u003e(x: Double): Boolean\n\n  /** Returns `true` if this value is greater than or equal to x, `false` otherwise. */\n  def \u003e\u003d(x: Byte): Boolean\n  /** Returns `true` if this value is greater than or equal to x, `false` otherwise. */\n  def \u003e\u003d(x: Short): Boolean\n  /** Returns `true` if this value is greater than or equal to x, `false` otherwise. */\n  def \u003e\u003d(x: Char): Boolean\n  /** Returns `true` if this value is greater than or equal to x, `false` otherwise. */\n  def \u003e\u003d(x: Int): Boolean\n  /** Returns `true` if this value is greater than or equal to x, `false` otherwise. */\n  def \u003e\u003d(x: Long): Boolean\n  /** Returns `true` if this value is greater than or equal to x, `false` otherwise. */\n  def \u003e\u003d(x: Float): Boolean\n  /** Returns `true` if this value is greater than or equal to x, `false` otherwise. */\n  def \u003e\u003d(x: Double): Boolean\n\n  /**\n  * Returns the bitwise OR of this value and `x`.\n  * @example {{{\n  * (0xf0 | 0xaa) \u003d\u003d 0xfa\n  * // in binary:   11110000\n  * //            | 10101010\n  * //              --------\n  * //              11111010\n  * }}}\n  */\n  def |(x: Byte): Int\n  /**\n  * Returns the bitwise OR of this value and `x`.\n  * @example {{{\n  * (0xf0 | 0xaa) \u003d\u003d 0xfa\n  * // in binary:   11110000\n  * //            | 10101010\n  * //              --------\n  * //              11111010\n  * }}}\n  */\n  def |(x: Short): Int\n  /**\n  * Returns the bitwise OR of this value and `x`.\n  * @example {{{\n  * (0xf0 | 0xaa) \u003d\u003d 0xfa\n  * // in binary:   11110000\n  * //            | 10101010\n  * //              --------\n  * //              11111010\n  * }}}\n  */\n  def |(x: Char): Int\n  /**\n  * Returns the bitwise OR of this value and `x`.\n  * @example {{{\n  * (0xf0 | 0xaa) \u003d\u003d 0xfa\n  * // in binary:   11110000\n  * //            | 10101010\n  * //              --------\n  * //              11111010\n  * }}}\n  */\n  def |(x: Int): Int\n  /**\n  * Returns the bitwise OR of this value and `x`.\n  * @example {{{\n  * (0xf0 | 0xaa) \u003d\u003d 0xfa\n  * // in binary:   11110000\n  * //            | 10101010\n  * //              --------\n  * //              11111010\n  * }}}\n  */\n  def |(x: Long): Long\n\n  /**\n  * Returns the bitwise AND of this value and `x`.\n  * @example {{{\n  * (0xf0 \u0026 0xaa) \u003d\u003d 0xa0\n  * // in binary:   11110000\n  * //            \u0026 10101010\n  * //              --------\n  * //              10100000\n  * }}}\n  */\n  def \u0026(x: Byte): Int\n  /**\n  * Returns the bitwise AND of this value and `x`.\n  * @example {{{\n  * (0xf0 \u0026 0xaa) \u003d\u003d 0xa0\n  * // in binary:   11110000\n  * //            \u0026 10101010\n  * //              --------\n  * //              10100000\n  * }}}\n  */\n  def \u0026(x: Short): Int\n  /**\n  * Returns the bitwise AND of this value and `x`.\n  * @example {{{\n  * (0xf0 \u0026 0xaa) \u003d\u003d 0xa0\n  * // in binary:   11110000\n  * //            \u0026 10101010\n  * //              --------\n  * //              10100000\n  * }}}\n  */\n  def \u0026(x: Char): Int\n  /**\n  * Returns the bitwise AND of this value and `x`.\n  * @example {{{\n  * (0xf0 \u0026 0xaa) \u003d\u003d 0xa0\n  * // in binary:   11110000\n  * //            \u0026 10101010\n  * //              --------\n  * //              10100000\n  * }}}\n  */\n  def \u0026(x: Int): Int\n  /**\n  * Returns the bitwise AND of this value and `x`.\n  * @example {{{\n  * (0xf0 \u0026 0xaa) \u003d\u003d 0xa0\n  * // in binary:   11110000\n  * //            \u0026 10101010\n  * //              --------\n  * //              10100000\n  * }}}\n  */\n  def \u0026(x: Long): Long\n\n  /**\n  * Returns the bitwise XOR of this value and `x`.\n  * @example {{{\n  * (0xf0 ^ 0xaa) \u003d\u003d 0x5a\n  * // in binary:   11110000\n  * //            ^ 10101010\n  * //              --------\n  * //              01011010\n  * }}}\n  */\n  def ^(x: Byte): Int\n  /**\n  * Returns the bitwise XOR of this value and `x`.\n  * @example {{{\n  * (0xf0 ^ 0xaa) \u003d\u003d 0x5a\n  * // in binary:   11110000\n  * //            ^ 10101010\n  * //              --------\n  * //              01011010\n  * }}}\n  */\n  def ^(x: Short): Int\n  /**\n  * Returns the bitwise XOR of this value and `x`.\n  * @example {{{\n  * (0xf0 ^ 0xaa) \u003d\u003d 0x5a\n  * // in binary:   11110000\n  * //            ^ 10101010\n  * //              --------\n  * //              01011010\n  * }}}\n  */\n  def ^(x: Char): Int\n  /**\n  * Returns the bitwise XOR of this value and `x`.\n  * @example {{{\n  * (0xf0 ^ 0xaa) \u003d\u003d 0x5a\n  * // in binary:   11110000\n  * //            ^ 10101010\n  * //              --------\n  * //              01011010\n  * }}}\n  */\n  def ^(x: Int): Int\n  /**\n  * Returns the bitwise XOR of this value and `x`.\n  * @example {{{\n  * (0xf0 ^ 0xaa) \u003d\u003d 0x5a\n  * // in binary:   11110000\n  * //            ^ 10101010\n  * //              --------\n  * //              01011010\n  * }}}\n  */\n  def ^(x: Long): Long\n\n  /** Returns the sum of this value and `x`. */\n  def +(x: Byte): Int\n  /** Returns the sum of this value and `x`. */\n  def +(x: Short): Int\n  /** Returns the sum of this value and `x`. */\n  def +(x: Char): Int\n  /** Returns the sum of this value and `x`. */\n  def +(x: Int): Int\n  /** Returns the sum of this value and `x`. */\n  def +(x: Long): Long\n  /** Returns the sum of this value and `x`. */\n  def +(x: Float): Float\n  /** Returns the sum of this value and `x`. */\n  def +(x: Double): Double\n\n  /** Returns the difference of this value and `x`. */\n  def -(x: Byte): Int\n  /** Returns the difference of this value and `x`. */\n  def -(x: Short): Int\n  /** Returns the difference of this value and `x`. */\n  def -(x: Char): Int\n  /** Returns the difference of this value and `x`. */\n  def -(x: Int): Int\n  /** Returns the difference of this value and `x`. */\n  def -(x: Long): Long\n  /** Returns the difference of this value and `x`. */\n  def -(x: Float): Float\n  /** Returns the difference of this value and `x`. */\n  def -(x: Double): Double\n\n  /** Returns the product of this value and `x`. */\n  def *(x: Byte): Int\n  /** Returns the product of this value and `x`. */\n  def *(x: Short): Int\n  /** Returns the product of this value and `x`. */\n  def *(x: Char): Int\n  /** Returns the product of this value and `x`. */\n  def *(x: Int): Int\n  /** Returns the product of this value and `x`. */\n  def *(x: Long): Long\n  /** Returns the product of this value and `x`. */\n  def *(x: Float): Float\n  /** Returns the product of this value and `x`. */\n  def *(x: Double): Double\n\n  /** Returns the quotient of this value and `x`. */\n  def /(x: Byte): Int\n  /** Returns the quotient of this value and `x`. */\n  def /(x: Short): Int\n  /** Returns the quotient of this value and `x`. */\n  def /(x: Char): Int\n  /** Returns the quotient of this value and `x`. */\n  def /(x: Int): Int\n  /** Returns the quotient of this value and `x`. */\n  def /(x: Long): Long\n  /** Returns the quotient of this value and `x`. */\n  def /(x: Float): Float\n  /** Returns the quotient of this value and `x`. */\n  def /(x: Double): Double\n\n  /** Returns the remainder of the division of this value by `x`. */\n  def %(x: Byte): Int\n  /** Returns the remainder of the division of this value by `x`. */\n  def %(x: Short): Int\n  /** Returns the remainder of the division of this value by `x`. */\n  def %(x: Char): Int\n  /** Returns the remainder of the division of this value by `x`. */\n  def %(x: Int): Int\n  /** Returns the remainder of the division of this value by `x`. */\n  def %(x: Long): Long\n  /** Returns the remainder of the division of this value by `x`. */\n  def %(x: Float): Float\n  /** Returns the remainder of the division of this value by `x`. */\n  def %(x: Double): Double\n\n  // Provide a more specific return type for Scaladoc\n  override def getClass(): Class[Int] \u003d ???\n}\n\nobject Int extends AnyValCompanion {\n  /** The smallest value representable as an Int. */\n  final val MinValue \u003d java.lang.Integer.MIN_VALUE\n\n  /** The largest value representable as an Int. */\n  final val MaxValue \u003d java.lang.Integer.MAX_VALUE\n\n  /** Transform a value type into a boxed reference type.\n   *\n   *  Runtime implementation determined by `scala.runtime.BoxesRunTime.boxToInteger`. See [[https://github.com/scala/scala src/library/scala/runtime/BoxesRunTime.java]].\n   *\n   *  @param  x   the Int to be boxed\n   *  @return     a java.lang.Integer offering `x` as its underlying value.\n   */\n  def box(x: Int): java.lang.Integer \u003d ???\n\n  /** Transform a boxed type into a value type.  Note that this\n   *  method is not typesafe: it accepts any Object, but will throw\n   *  an exception if the argument is not a java.lang.Integer.\n   *\n   *  Runtime implementation determined by `scala.runtime.BoxesRunTime.unboxToInt`. See [[https://github.com/scala/scala src/library/scala/runtime/BoxesRunTime.java]].\n   *\n   *  @param  x   the java.lang.Integer to be unboxed.\n   *  @throws     ClassCastException  if the argument is not a java.lang.Integer\n   *  @return     the Int resulting from calling intValue() on `x`\n   */\n  def unbox(x: java.lang.Object): Int \u003d ???\n\n  /** The String representation of the scala.Int companion object. */\n  override def toString \u003d \"object scala.Int\"\n  /** Language mandated coercions from Int to \"wider\" types. */\n  import scala.language.implicitConversions\n  @deprecated(\"Implicit conversion from Int to Float is dangerous because it loses precision. Write `.toFloat` instead.\", \"2.13.1\")\n  implicit def int2float(x: Int): Float \u003d x.toFloat\n  implicit def int2long(x: Int): Long \u003d x.toLong\n  implicit def int2double(x: Int): Double \u003d x.toDouble\n}\n\n"
    }
  }
}
java.lang.RuntimeException: java.lang.reflect.InvocationTargetException
	at org.eclipse.lsp4j.jsonrpc.services.GenericEndpoint.lambda$null$0(GenericEndpoint.java:67)
	at org.eclipse.lsp4j.jsonrpc.services.GenericEndpoint.notify(GenericEndpoint.java:152)
	at org.eclipse.lsp4j.jsonrpc.RemoteEndpoint.handleNotification(RemoteEndpoint.java:220)
	at org.eclipse.lsp4j.jsonrpc.RemoteEndpoint.consume(RemoteEndpoint.java:187)
	at org.eclipse.lsp4j.jsonrpc.json.StreamMessageProducer.handleMessage(StreamMessageProducer.java:194)
	at org.eclipse.lsp4j.jsonrpc.json.StreamMessageProducer.listen(StreamMessageProducer.java:94)
	at org.eclipse.lsp4j.jsonrpc.json.ConcurrentMessageProcessor.run(ConcurrentMessageProcessor.java:113)
	at java.base/java.util.concurrent.Executors$RunnableAdapter.call(Executors.java:515)
	at java.base/java.util.concurrent.FutureTask.run(FutureTask.java:264)
	at java.base/java.util.concurrent.ThreadPoolExecutor.runWorker(ThreadPoolExecutor.java:1128)
	at java.base/java.util.concurrent.ThreadPoolExecutor$Worker.run(ThreadPoolExecutor.java:628)
	at java.base/java.lang.Thread.run(Thread.java:834)
Caused by: java.lang.reflect.InvocationTargetException
	at java.base/jdk.internal.reflect.NativeMethodAccessorImpl.invoke0(Native Method)
	at java.base/jdk.internal.reflect.NativeMethodAccessorImpl.invoke(NativeMethodAccessorImpl.java:62)
	at java.base/jdk.internal.reflect.DelegatingMethodAccessorImpl.invoke(DelegatingMethodAccessorImpl.java:43)
	at java.base/java.lang.reflect.Method.invoke(Method.java:566)
	at org.eclipse.lsp4j.jsonrpc.services.GenericEndpoint.lambda$null$0(GenericEndpoint.java:65)
	... 11 more
Caused by: java.lang.IllegalArgumentException: Illegal character in opaque part at index 26: jar:file:///C:/Users/Parth Panara/AppData/Local/Coursier/cache/v1/https/repo1.maven.org/maven2/org/scala-lang/scala-library/2.13.8/scala-library-2.13.8-sources.jar!/scala/Int.scala
	at java.base/java.net.URI.create(URI.java:883)
	at scala.meta.internal.mtags.MtagsEnrichments$XtensionStringMtags.toAbsolutePath(MtagsEnrichments.scala:139)
	at scala.meta.internal.mtags.MtagsEnrichments$XtensionStringMtags.toAbsolutePath(MtagsEnrichments.scala:137)
	at scala.meta.internal.metals.MetalsEnrichments$XtensionString.toAbsolutePath(MetalsEnrichments.scala:609)
	at scala.meta.internal.metals.MetalsEnrichments$XtensionString.toAbsolutePath(MetalsEnrichments.scala:606)
	at scala.meta.internal.metals.MetalsLanguageServer.didOpen(MetalsLanguageServer.scala:1077)
	... 16 more
Caused by: java.net.URISyntaxException: Illegal character in opaque part at index 26: jar:file:///C:/Users/Parth Panara/AppData/Local/Coursier/cache/v1/https/repo1.maven.org/maven2/org/scala-lang/scala-library/2.13.8/scala-library-2.13.8-sources.jar!/scala/Int.scala
	at java.base/java.net.URI$Parser.fail(URI.java:2913)
	at java.base/java.net.URI$Parser.checkChars(URI.java:3084)
	at java.base/java.net.URI$Parser.parse(URI.java:3120)
	at java.base/java.net.URI.<init>(URI.java:600)
	at java.base/java.net.URI.create(URI.java:881)
	... 21 more

Mar 12, 2023 4:34:57 PM org.eclipse.lsp4j.jsonrpc.RemoteEndpoint handleNotification
WARNING: Notification threw an exception: {
  "jsonrpc": "2.0",
  "method": "textDocument/didClose",
  "params": {
    "textDocument": {
      "uri": "jar:file%3A///C%3A/Users/Parth%20Panara/AppData/Local/Coursier/cache/v1/https/repo1.maven.org/maven2/org/scala-lang/scala-library/2.13.8/scala-library-2.13.8-sources.jar%21/scala/Int.scala"
    }
  }
}
java.lang.RuntimeException: java.lang.reflect.InvocationTargetException
	at org.eclipse.lsp4j.jsonrpc.services.GenericEndpoint.lambda$null$0(GenericEndpoint.java:67)
	at org.eclipse.lsp4j.jsonrpc.services.GenericEndpoint.notify(GenericEndpoint.java:152)
	at org.eclipse.lsp4j.jsonrpc.RemoteEndpoint.handleNotification(RemoteEndpoint.java:220)
	at org.eclipse.lsp4j.jsonrpc.RemoteEndpoint.consume(RemoteEndpoint.java:187)
	at org.eclipse.lsp4j.jsonrpc.json.StreamMessageProducer.handleMessage(StreamMessageProducer.java:194)
	at org.eclipse.lsp4j.jsonrpc.json.StreamMessageProducer.listen(StreamMessageProducer.java:94)
	at org.eclipse.lsp4j.jsonrpc.json.ConcurrentMessageProcessor.run(ConcurrentMessageProcessor.java:113)
	at java.base/java.util.concurrent.Executors$RunnableAdapter.call(Executors.java:515)
	at java.base/java.util.concurrent.FutureTask.run(FutureTask.java:264)
	at java.base/java.util.concurrent.ThreadPoolExecutor.runWorker(ThreadPoolExecutor.java:1128)
	at java.base/java.util.concurrent.ThreadPoolExecutor$Worker.run(ThreadPoolExecutor.java:628)
	at java.base/java.lang.Thread.run(Thread.java:834)
Caused by: java.lang.reflect.InvocationTargetException
	at java.base/jdk.internal.reflect.NativeMethodAccessorImpl.invoke0(Native Method)
	at java.base/jdk.internal.reflect.NativeMethodAccessorImpl.invoke(NativeMethodAccessorImpl.java:62)
	at java.base/jdk.internal.reflect.DelegatingMethodAccessorImpl.invoke(DelegatingMethodAccessorImpl.java:43)
	at java.base/java.lang.reflect.Method.invoke(Method.java:566)
	at org.eclipse.lsp4j.jsonrpc.services.GenericEndpoint.lambda$null$0(GenericEndpoint.java:65)
	... 11 more
Caused by: java.lang.IllegalArgumentException: Illegal character in opaque part at index 26: jar:file:///C:/Users/Parth Panara/AppData/Local/Coursier/cache/v1/https/repo1.maven.org/maven2/org/scala-lang/scala-library/2.13.8/scala-library-2.13.8-sources.jar!/scala/Int.scala
	at java.base/java.net.URI.create(URI.java:883)
	at scala.meta.internal.mtags.MtagsEnrichments$XtensionStringMtags.toAbsolutePath(MtagsEnrichments.scala:139)
	at scala.meta.internal.mtags.MtagsEnrichments$XtensionStringMtags.toAbsolutePath(MtagsEnrichments.scala:137)
	at scala.meta.internal.metals.MetalsEnrichments$XtensionString.toAbsolutePath(MetalsEnrichments.scala:609)
	at scala.meta.internal.metals.MetalsEnrichments$XtensionString.toAbsolutePath(MetalsEnrichments.scala:606)
	at scala.meta.internal.metals.MetalsLanguageServer.didClose(MetalsLanguageServer.scala:1253)
	... 16 more
Caused by: java.net.URISyntaxException: Illegal character in opaque part at index 26: jar:file:///C:/Users/Parth Panara/AppData/Local/Coursier/cache/v1/https/repo1.maven.org/maven2/org/scala-lang/scala-library/2.13.8/scala-library-2.13.8-sources.jar!/scala/Int.scala
	at java.base/java.net.URI$Parser.fail(URI.java:2913)
	at java.base/java.net.URI$Parser.checkChars(URI.java:3084)
	at java.base/java.net.URI$Parser.parse(URI.java:3120)
	at java.base/java.net.URI.<init>(URI.java:600)
	at java.base/java.net.URI.create(URI.java:881)
	... 21 more

2023.03.12 16:34:57 INFO  time: evaluated worksheet 'Work.worksheet.sc' in 0.6s
Mar 12, 2023 4:34:58 PM org.eclipse.lsp4j.jsonrpc.RemoteEndpoint handleCancellation
WARNING: Unmatched cancel notification for request id 235
[31merror[39m: src\test\scala\funsets\Work.worksheet.sc:69:9: 
Not found: singletonSet
val s = singletonSet(3)
        ^^^^^^^^^^^^
[33mwarning[39m: 
Work.worksheet.sc:23 (mdoc generated code) 
 Line is indented too far to the left, or a `}` is missing
    def union(s: IntSet, t: IntSet): IntSet ={


[33mwarning[39m: 
Work.worksheet.sc:40 (mdoc generated code) 
 Line is indented too far to the left, or a `}` is missing
    def filter(s: IntSet, p: Int => Boolean): IntSet ={


[33mwarning[39m: 
Work.worksheet.sc:47 (mdoc generated code) 
 Line is indented too far to the left, or a `}` is missing
    val bound  = 1000


[33mwarning[39m: 
Work.worksheet.sc:51 (mdoc generated code) 
 Line is indented too far to the left, or a `}` is missing
    def forall(s: IntSet, p: Int => Boolean): Boolean = {


[33mwarning[39m: 
Work.worksheet.sc:65 (mdoc generated code) 
 Line is indented too far to the left, or a `}` is missing
    def exists(s: IntSet, p: Int => Boolean): Boolean ={


[33mwarning[39m: 
Work.worksheet.sc:71 (mdoc generated code) 
 Line is indented too far to the left, or a `}` is missing
    def map(s: IntSet, f: Int => Int): IntSet = {(y => exists(s, x => y == f(x)))}


2023.03.12 16:35:06 INFO  time: evaluated worksheet 'Work.worksheet.sc' in 0.42s
2023.03.12 16:46:13 WARN  no build target for: C:\Users\Parth Panara\Desktop\NJIT Learning materials\DS 644 Introduction to Big Data\Projects\Project1\funsets\src\main\scala\funsets\FunSets.scala
2023.03.12 16:46:38 WARN  no build target for: C:\Users\Parth Panara\Desktop\NJIT Learning materials\DS 644 Introduction to Big Data\Projects\Project1\funsets\src\main\scala\funsets\Main.scala
2023.03.12 16:47:38 WARN  no build target for: C:\Users\Parth Panara\Desktop\NJIT Learning materials\DS 644 Introduction to Big Data\Projects\Project1\funsets\src\main\scala\funsets\FunSets.scala
2023.03.12 16:48:03 WARN  no build target for: C:\Users\Parth Panara\Desktop\NJIT Learning materials\DS 644 Introduction to Big Data\Projects\Project1\funsets\src\main\scala\funsets\Main.scala
2023.03.12 16:48:05 WARN  no build target for: C:\Users\Parth Panara\Desktop\NJIT Learning materials\DS 644 Introduction to Big Data\Projects\Project1\funsets\src\main\scala\funsets\FunSets.scala
Exception in thread "pool-9-thread-1" java.lang.InterruptedException
	at scala.meta.internal.metals.FutureCancelToken.checkCanceled(FutureCancelToken.scala:29)
	at scala.meta.internal.pc.CompilerAccess.onCompilerJobQueue$$anonfun$1(CompilerAccess.scala:195)
	at scala.meta.internal.pc.CompilerJobQueue$Job.run(CompilerJobQueue.scala:152)
	at java.base/java.util.concurrent.ThreadPoolExecutor.runWorker(ThreadPoolExecutor.java:1128)
	at java.base/java.util.concurrent.ThreadPoolExecutor$Worker.run(ThreadPoolExecutor.java:628)
	at java.base/java.lang.Thread.run(Thread.java:834)
2023.03.12 17:00:25 WARN  no build target for: C:\Users\Parth Panara\Desktop\NJIT Learning materials\DS 644 Introduction to Big Data\Projects\Project1\funsets\src\main\scala\funsets\Main.scala
2023.03.12 17:03:36 WARN  no build target for: C:\Users\Parth Panara\Desktop\NJIT Learning materials\DS 644 Introduction to Big Data\Projects\Project1\funsets\src\main\scala\common\package.scala
2023.03.12 17:07:34 WARN  no build target for: C:\Users\Parth Panara\Desktop\NJIT Learning materials\DS 644 Introduction to Big Data\Projects\Project1\funsets\src\test\scala\funsets\FunSetsSuite.scala
2023.03.12 17:07:36 WARN  no build target for: C:\Users\Parth Panara\Desktop\NJIT Learning materials\DS 644 Introduction to Big Data\Projects\Project1\funsets\src\test\scala\funsets\FunSetsSuite.scala
2023.03.12 17:07:37 WARN  no build target for: C:\Users\Parth Panara\Desktop\NJIT Learning materials\DS 644 Introduction to Big Data\Projects\Project1\funsets\src\test\scala\funsets\FunSetsSuite.scala
2023.03.12 17:07:42 WARN  no build target for: C:\Users\Parth Panara\Desktop\NJIT Learning materials\DS 644 Introduction to Big Data\Projects\Project1\funsets\src\test\scala\funsets\FunSetsSuite.scala
2023.03.12 17:07:55 WARN  no build target for: C:\Users\Parth Panara\Desktop\NJIT Learning materials\DS 644 Introduction to Big Data\Projects\Project1\funsets\src\test\scala\funsets\FunSetsSuite.scala
2023.03.12 17:07:57 WARN  no build target for: C:\Users\Parth Panara\Desktop\NJIT Learning materials\DS 644 Introduction to Big Data\Projects\Project1\funsets\src\test\scala\funsets\FunSetsSuite.scala
2023.03.12 17:07:58 WARN  no build target for: C:\Users\Parth Panara\Desktop\NJIT Learning materials\DS 644 Introduction to Big Data\Projects\Project1\funsets\src\test\scala\funsets\FunSetsSuite.scala
2023.03.12 17:07:59 INFO  shutting down Metals
2023.03.12 17:08:30 INFO  tracing is disabled for protocol LSP, to enable tracing of incoming and outgoing JSON messages create an empty file at c:\Users\Parth Panara\Desktop\NJIT Learning materials\DS 644 Introduction to Big Data\Projects\Project1\funsets\.metals\lsp.trace.json or C:\Users\Parth Panara\AppData\Local\scalameta\metals\cache\lsp.trace.json
2023.03.12 17:08:32 INFO  logging to file C:\Users\Parth Panara\Desktop\NJIT Learning materials\DS 644 Introduction to Big Data\Projects\Project1\funsets\.metals\metals.log
2023.03.12 17:08:32 INFO  Started: Metals version 0.11.9 in workspace 'C:\Users\Parth Panara\Desktop\NJIT Learning materials\DS 644 Introduction to Big Data\Projects\Project1\funsets' for client Visual Studio Code 1.74.3.
2023.03.12 17:08:34 INFO  time: initialize in 2.76s
2023.03.12 17:08:37 INFO  Attempting to connect to the build server...
2023.03.12 17:08:37 INFO  Bloop uses C:\Program Files\Java\jdk-11 defined at C:\Users\Parth Panara\.bloop\bloop.json
2023.03.12 17:08:37 INFO  skipping build import with status 'Installed'
2023.03.12 17:08:37 INFO  tracing is disabled for protocol BSP, to enable tracing of incoming and outgoing JSON messages create an empty file at C:\Users\Parth Panara\Desktop\NJIT Learning materials\DS 644 Introduction to Big Data\Projects\Project1\funsets\.metals\bsp.trace.json or C:\Users\Parth Panara\AppData\Local\scalameta\metals\cache\bsp.trace.json
2023.03.12 17:08:40 INFO  Attempting to connect to the build server...
2023.03.12 17:08:40 INFO  Bloop uses C:\Program Files\Java\jdk-11 defined at C:\Users\Parth Panara\.bloop\bloop.json
2023.03.12 17:08:40 INFO  tracing is disabled for protocol BSP, to enable tracing of incoming and outgoing JSON messages create an empty file at C:\Users\Parth Panara\Desktop\NJIT Learning materials\DS 644 Introduction to Big Data\Projects\Project1\funsets\project\.metals\bsp.trace.json or C:\Users\Parth Panara\AppData\Local\scalameta\metals\cache\bsp.trace.json
2023.03.12 17:08:40 INFO  time: Connected to build server in 4.22s
2023.03.12 17:08:40 INFO  Connected to Build server: Bloop v1.5.4
2023.03.12 17:08:41 INFO  no build target found for C:\Users\Parth Panara\Desktop\NJIT Learning materials\DS 644 Introduction to Big Data\Projects\Project1\funsets\src\test\scala\funsets\FunSetsSuite.scala. Using presentation compiler with project's scala-library version: 3.2.0
2023.03.12 17:08:41 INFO  time: code lens generation in 3.84s
2023.03.12 17:08:43 INFO  time: Imported build in 1.32s
2023.03.12 17:09:02 INFO  time: indexed workspace in 19s
2023.03.12 17:09:06 INFO  compiling funsets-test (1 scala source)
2023.03.12 17:09:20 INFO  time: compiled funsets-test in 14s
2023.03.12 17:09:31 INFO  time: evaluated worksheet 'Work.worksheet.sc' in 10s
2023.03.12 17:09:33 INFO  time: evaluated worksheet 'Work.worksheet.sc' in 1.94s
2023.03.12 17:09:44 INFO  compiling funsets (1 scala source)
2023.03.12 17:09:44 INFO  Deduplicating compilation of funsets from bsp client 'Metals 0.11.9' (since 1m 4.625s)
2023.03.12 17:09:44 INFO  compiling funsets (1 scala source)
2023.03.12 17:09:48 INFO  time: compiled funsets in 3.66s
2023.03.12 17:09:49 INFO  tracing is disabled for protocol dap-server, to enable tracing of incoming and outgoing JSON messages create an empty file at C:\Users\Parth Panara\Desktop\NJIT Learning materials\DS 644 Introduction to Big Data\Projects\Project1\funsets\.metals\dap-server.trace.json or C:\Users\Parth Panara\AppData\Local\scalameta\metals\cache\dap-server.trace.json
2023.03.12 17:09:50 INFO  tracing is disabled for protocol dap-client, to enable tracing of incoming and outgoing JSON messages create an empty file at C:\Users\Parth Panara\Desktop\NJIT Learning materials\DS 644 Introduction to Big Data\Projects\Project1\funsets\.metals\dap-client.trace.json or C:\Users\Parth Panara\AppData\Local\scalameta\metals\cache\dap-client.trace.json
2023.03.12 17:09:50 INFO  Starting debug proxy for [funsets.FunSetsSuite(string take)]
2023.03.12 17:09:51 INFO  time: evaluated worksheet 'Work.worksheet.sc' in 2.12s
2023.03.12 17:09:59 INFO  Trying to attach to remote debuggee VM kubernetes.docker.internal:53300 .
2023.03.12 17:09:59 INFO  Attaching to debuggee VM succeeded.
2023.03.12 17:10:01 INFO  Canceling debug proxy for [funsets.FunSetsSuite(string take)]
2023.03.12 17:10:01 INFO  Closing debug server tcp://0.0.0.0:53291
2023.03.12 17:11:42 INFO  tracing is disabled for protocol dap-server, to enable tracing of incoming and outgoing JSON messages create an empty file at C:\Users\Parth Panara\Desktop\NJIT Learning materials\DS 644 Introduction to Big Data\Projects\Project1\funsets\.metals\dap-server.trace.json or C:\Users\Parth Panara\AppData\Local\scalameta\metals\cache\dap-server.trace.json
2023.03.12 17:11:42 INFO  tracing is disabled for protocol dap-client, to enable tracing of incoming and outgoing JSON messages create an empty file at C:\Users\Parth Panara\Desktop\NJIT Learning materials\DS 644 Introduction to Big Data\Projects\Project1\funsets\.metals\dap-client.trace.json or C:\Users\Parth Panara\AppData\Local\scalameta\metals\cache\dap-client.trace.json
2023.03.12 17:11:43 INFO  Starting debug proxy for [funsets.FunSetsSuite(contains is implemented)]
2023.03.12 17:11:46 INFO  Trying to attach to remote debuggee VM kubernetes.docker.internal:53330 .
2023.03.12 17:11:46 INFO  Attaching to debuggee VM succeeded.
2023.03.12 17:11:47 INFO  Canceling debug proxy for [funsets.FunSetsSuite(contains is implemented)]
2023.03.12 17:11:47 INFO  Closing debug server tcp://0.0.0.0:53324
2023.03.12 17:12:01 INFO  tracing is disabled for protocol dap-server, to enable tracing of incoming and outgoing JSON messages create an empty file at C:\Users\Parth Panara\Desktop\NJIT Learning materials\DS 644 Introduction to Big Data\Projects\Project1\funsets\.metals\dap-server.trace.json or C:\Users\Parth Panara\AppData\Local\scalameta\metals\cache\dap-server.trace.json
2023.03.12 17:12:01 INFO  tracing is disabled for protocol dap-client, to enable tracing of incoming and outgoing JSON messages create an empty file at C:\Users\Parth Panara\Desktop\NJIT Learning materials\DS 644 Introduction to Big Data\Projects\Project1\funsets\.metals\dap-client.trace.json or C:\Users\Parth Panara\AppData\Local\scalameta\metals\cache\dap-client.trace.json
2023.03.12 17:12:01 INFO  Starting debug proxy for [funsets.FunSetsSuite(adding ints)]
2023.03.12 17:12:04 INFO  Trying to attach to remote debuggee VM kubernetes.docker.internal:53349 .
2023.03.12 17:12:04 INFO  Attaching to debuggee VM succeeded.
2023.03.12 17:12:05 INFO  Canceling debug proxy for [funsets.FunSetsSuite(adding ints)]
2023.03.12 17:12:05 INFO  Closing debug server tcp://0.0.0.0:53343
2023.03.12 17:14:02 INFO  Deduplicating compilation of funsets-test from bsp client 'Metals 0.11.9' (since 5m 21.923s)
2023.03.12 17:14:02 INFO  compiling funsets-test (1 scala source)
2023.03.12 17:14:02 INFO  compiling funsets-test (1 scala source)
2023.03.12 17:14:04 INFO  time: compiled funsets-test in 2.26s
2023.03.12 17:14:04 INFO  tracing is disabled for protocol dap-server, to enable tracing of incoming and outgoing JSON messages create an empty file at C:\Users\Parth Panara\Desktop\NJIT Learning materials\DS 644 Introduction to Big Data\Projects\Project1\funsets\.metals\dap-server.trace.json or C:\Users\Parth Panara\AppData\Local\scalameta\metals\cache\dap-server.trace.json
2023.03.12 17:14:04 INFO  tracing is disabled for protocol dap-client, to enable tracing of incoming and outgoing JSON messages create an empty file at C:\Users\Parth Panara\Desktop\NJIT Learning materials\DS 644 Introduction to Big Data\Projects\Project1\funsets\.metals\dap-client.trace.json or C:\Users\Parth Panara\AppData\Local\scalameta\metals\cache\dap-client.trace.json
2023.03.12 17:14:04 INFO  Starting debug proxy for [funsets.FunSetsSuite()]
2023.03.12 17:14:07 INFO  Trying to attach to remote debuggee VM kubernetes.docker.internal:53390 .
2023.03.12 17:14:07 INFO  Attaching to debuggee VM succeeded.
2023.03.12 17:14:09 INFO  Canceling debug proxy for [funsets.FunSetsSuite()]
2023.03.12 17:14:09 INFO  Closing debug server tcp://0.0.0.0:53383
Mar 12, 2023 5:20:18 PM org.eclipse.lsp4j.jsonrpc.RemoteEndpoint handleCancellation
WARNING: Unmatched cancel notification for request id 198
Mar 12, 2023 5:21:14 PM org.eclipse.lsp4j.jsonrpc.RemoteEndpoint handleNotification
WARNING: Notification threw an exception: {
  "jsonrpc": "2.0",
  "method": "textDocument/didOpen",
  "params": {
    "textDocument": {
      "uri": "jar:file%3A///C%3A/Users/Parth%20Panara/AppData/Local/Coursier/cache/v1/https/repo1.maven.org/maven2/org/scalatest/scalatest-funsuite_2.13/3.2.15/scalatest-funsuite_2.13-3.2.15-sources.jar%21/org/scalatest/funsuite/AnyFunSuiteLike.scala",
      "languageId": "scala",
      "version": 1,
      "text": "/*\n * Copyright 2001-2013 Artima, Inc.\n *\n * Licensed under the Apache License, Version 2.0 (the \"License\");\n * you may not use this file except in compliance with the License.\n * You may obtain a copy of the License at\n *\n *     http://www.apache.org/licenses/LICENSE-2.0\n *\n * Unless required by applicable law or agreed to in writing, software\n * distributed under the License is distributed on an \"AS IS\" BASIS,\n * WITHOUT WARRANTIES OR CONDITIONS OF ANY KIND, either express or implied.\n * See the License for the specific language governing permissions and\n * limitations under the License.\n */\npackage org.scalatest.funsuite\n\nimport org.scalactic.source\nimport org.scalatest._\nimport Suite.autoTagClassAnnotations\n\n/**\n  * Implementation trait for class \u003ccode\u003eAnyFunSpec\u003c/code\u003e, which\n  * facilitates a \u0026ldquo;behavior-driven\u0026rdquo; style of development (BDD),\n  * in which tests are combined with text that specifies the behavior the tests\n  * verify.\n  *\n  * \u003cp\u003e\n  * \u003ca href\u003d\"AnyFunSpec.html\"\u003e\u003ccode\u003eFunSpec\u003c/code\u003e\u003c/a\u003e is a class, not a trait,\n  * to minimize compile time given there is a slight compiler overhead to\n  * mixing in traits compared to extending classes. If you need to mix the\n  * behavior of \u003ccode\u003eAnyFunSpec\u003c/code\u003e into some other class, you can use this\n  * trait instead, because class \u003ccode\u003eAnyFunSpec\u003c/code\u003e does nothing more than\n  * extend this trait and add a nice \u003ccode\u003etoString\u003c/code\u003e implementation.\n  * \u003c/p\u003e\n  *\n  * \u003cp\u003e\n  * See the documentation of the class for a \u003ca href\u003d\"AnyFunSpec.html\"\u003edetailed\n  * overview of \u003ccode\u003eAnyFunSpec\u003c/code\u003e\u003c/a\u003e.\n  * \u003c/p\u003e\n  *\n  * @author Bill Venners\n  */\n@Finders(Array(\"org.scalatest.finders.FunSuiteFinder\"))\n//SCALATESTJS-ONLY @scala.scalajs.reflect.annotation.EnableReflectiveInstantiation\n//SCALATESTNATIVE-ONLY @scala.scalanative.reflect.annotation.EnableReflectiveInstantiation\ntrait AnyFunSuiteLike extends TestSuite with TestRegistration with Informing with Notifying with Alerting with Documenting { thisSuite \u003d\u003e\n\n  private final val engine \u003d new Engine(Resources.concurrentFunSuiteMod, \"FunSuite\")\n  import engine._\n\n  /**\n    * Returns an \u003ccode\u003eInformer\u003c/code\u003e that during test execution will forward strings passed to its\n    * \u003ccode\u003eapply\u003c/code\u003e method to the current reporter. If invoked in a constructor, it\n    * will register the passed string for forwarding later during test execution. If invoked from inside a scope,\n    * it will forward the information to the current reporter immediately.  If invoked from inside a test function,\n    * it will record the information and forward it to the current reporter only after the test completed, as \u003ccode\u003erecordedEvents\u003c/code\u003e\n    * of the test completed event, such as \u003ccode\u003eTestSucceeded\u003c/code\u003e. If invoked at any other time, it will print to the standard output.\n    * This method can be called safely by any thread.\n    */\n  protected def info: Informer \u003d atomicInformer.get\n\n  /**\n    * Returns a \u003ccode\u003eNotifier\u003c/code\u003e that during test execution will forward strings passed to its\n    * \u003ccode\u003eapply\u003c/code\u003e method to the current reporter. If invoked in a constructor, it\n    * will register the passed string for forwarding later during test execution. If invoked while this\n    * \u003ccode\u003eAnyFunSuite\u003c/code\u003e is being executed, such as from inside a test function, it will forward the information to\n    * the current reporter immediately. If invoked at any other time, it will\n    * print to the standard output. This method can be called safely by any thread.\n    */\n  protected def note: Notifier \u003d atomicNotifier.get\n\n  /**\n    * Returns an \u003ccode\u003eAlerter\u003c/code\u003e that during test execution will forward strings passed to its\n    * \u003ccode\u003eapply\u003c/code\u003e method to the current reporter. If invoked in a constructor, it\n    * will register the passed string for forwarding later during test execution. If invoked while this\n    * \u003ccode\u003eAnyFunSuite\u003c/code\u003e is being executed, such as from inside a test function, it will forward the information to\n    * the current reporter immediately. If invoked at any other time, it will\n    * print to the standard output. This method can be called safely by any thread.\n    */\n  protected def alert: Alerter \u003d atomicAlerter.get\n\n  /**\n    * Returns a \u003ccode\u003eDocumenter\u003c/code\u003e that during test execution will forward strings passed to its\n    * \u003ccode\u003eapply\u003c/code\u003e method to the current reporter. If invoked in a constructor, it\n    * will register the passed string for forwarding later during test execution. If invoked from inside a scope,\n    * it will forward the information to the current reporter immediately.  If invoked from inside a test function,\n    * it will record the information and forward it to the current reporter only after the test completed, as \u003ccode\u003erecordedEvents\u003c/code\u003e\n    * of the test completed event, such as \u003ccode\u003eTestSucceeded\u003c/code\u003e. If invoked at any other time, it will print to the standard output.\n    * This method can be called safely by any thread.\n    */\n  protected def markup: Documenter \u003d atomicDocumenter.get\n\n  private final def registerTestImpl(testText: String, testTags: Tag*)(testFun: \u003d\u003e Any /* Assertion */, pos: source.Position): Unit \u003d {\n    // SKIP-SCALATESTJS-START\n    val stackDepthAdjustment \u003d -1\n    // SKIP-SCALATESTJS-END\n    //SCALATESTJS-ONLY val stackDepthAdjustment \u003d -4\n    engine.registerTest(testText, Transformer(() \u003d\u003e testFun), Resources.testCannotBeNestedInsideAnotherTest, \"AnyFunSuiteLike.scala\", \"registerTest\", 4, stackDepthAdjustment, None, None, Some(pos), None, testTags: _*)\n  }\n\n  // SKIP-DOTTY-START\n  final def registerTest(testText: String, testTags: Tag*)(testFun: \u003d\u003e Any /* Assertion */)(implicit pos: source.Position): Unit \u003d {\n    registerTestImpl(testText, testTags: _*)(testFun, pos)\n  }\n  // SKIP-DOTTY-END\n  //DOTTY-ONLY inline def registerTest(testText: String, testTags: Tag*)(testFun: \u003d\u003e Any /* Assertion */)(implicit pos: source.Position): Unit \u003d {\n  //DOTTY-ONLY   ${ source.Position.withPosition[Unit](\u0027{(pos: source.Position) \u003d\u003e registerTestImpl(testText, testTags: _*)(testFun, pos) }) } \n  //DOTTY-ONLY }\n\n  private final def registerIgnoredTestImpl(testText: String, testTags: Tag*)(testFun: \u003d\u003e Any /* Assertion */, pos: source.Position): Unit \u003d {\n    // SKIP-SCALATESTJS-START\n    val stackDepthAdjustment \u003d -1\n    // SKIP-SCALATESTJS-END\n    //SCALATESTJS-ONLY val stackDepthAdjustment \u003d -4\n    engine.registerIgnoredTest(testText, Transformer(() \u003d\u003e testFun), Resources.testCannotBeNestedInsideAnotherTest, \"AnyFunSuiteLike.scala\", \"registerIgnoredTest\", 4, stackDepthAdjustment, None, Some(pos), testTags: _*)\n  }\n\n  // SKIP-DOTTY-START\n  final def registerIgnoredTest(testText: String, testTags: Tag*)(testFun: \u003d\u003e Any /* Assertion */)(implicit pos: source.Position): Unit \u003d {\n    registerIgnoredTestImpl(testText, testTags: _*)(testFun, pos)\n  }\n  // SKIP-DOTTY-END\n  //DOTTY-ONLY inline def registerIgnoredTest(testText: String, testTags: Tag*)(testFun: \u003d\u003e Any /* Assertion */)(implicit pos: source.Position): Unit \u003d {\n  //DOTTY-ONLY   ${ source.Position.withPosition[Unit](\u0027{(pos: source.Position) \u003d\u003e registerIgnoredTestImpl(testText, testTags: _*)(testFun, pos) }) } \n  //DOTTY-ONLY }\n\n  private final def testImpl(testName: String, testTags: Tag*)(testFun: \u003d\u003e Any /* Assertion */, pos: source.Position): Unit \u003d {\n    // SKIP-SCALATESTJS-START\n    val stackDepth \u003d 4\n    val stackDepthAdjustment \u003d -2\n    // SKIP-SCALATESTJS-END\n    //SCALATESTJS-ONLY val stackDepth \u003d 6\n    //SCALATESTJS-ONLY val stackDepthAdjustment \u003d -6\n    engine.registerTest(testName, Transformer(() \u003d\u003e testFun), Resources.testCannotAppearInsideAnotherTest, \"FunSuiteLike.scala\", \"test\", stackDepth, stackDepthAdjustment, None, None, Some(pos), None, testTags: _*)\n  }\n\n  /**\n    * Register a test with the specified name, optional tags, and function value that takes no arguments.\n    * This method will register the test for later execution via an invocation of one of the \u003ccode\u003erun\u003c/code\u003e\n    * methods. The passed test name must not have been registered previously on\n    * this \u003ccode\u003eAnyFunSuite\u003c/code\u003e instance.\n    *\n    * @param testName the name of the test\n    * @param testTags the optional list of tags for this test\n    * @param testFun the test function\n    * @throws TestRegistrationClosedException if invoked after \u003ccode\u003erun\u003c/code\u003e has been invoked on this suite\n    * @throws DuplicateTestNameException if a test with the same name has been registered previously\n    * @throws NotAllowedException if \u003ccode\u003etestName\u003c/code\u003e had been registered previously\n    * @throws NullArgumentException if \u003ccode\u003etestName\u003c/code\u003e or any passed test tag is \u003ccode\u003enull\u003c/code\u003e\n    */\n  // SKIP-DOTTY-START\n  protected def test(testName: String, testTags: Tag*)(testFun: \u003d\u003e Any /* Assertion */)(implicit pos: source.Position): Unit \u003d {\n    testImpl(testName, testTags: _*)(testFun, pos)\n  }\n  // SKIP-DOTTY-END\n  //DOTTY-ONLY inline def test(testName: String, testTags: Tag*)(testFun: \u003d\u003e Any /* Assertion */): Unit \u003d {\n  //DOTTY-ONLY   ${ source.Position.withPosition[Unit](\u0027{(pos: source.Position) \u003d\u003e testImpl(testName, testTags: _*)(testFun, pos) }) } \n  //DOTTY-ONLY }\n\n  private final def ignoreImpl(testName: String, testTags: Tag*)(testFun: \u003d\u003e Any /* Assertion */, pos: source.Position): Unit \u003d {\n    // SKIP-SCALATESTJS-START\n    val stackDepth \u003d 4\n    val stackDepthAdjustment \u003d -3\n    // SKIP-SCALATESTJS-END\n    //SCALATESTJS-ONLY val stackDepth \u003d 6\n    //SCALATESTJS-ONLY val stackDepthAdjustment \u003d -7\n    engine.registerIgnoredTest(testName, Transformer(() \u003d\u003e testFun), Resources.ignoreCannotAppearInsideATest, \"FunSuiteLike.scala\", \"ignore\", stackDepth, stackDepthAdjustment, None, Some(pos), testTags: _*)\n  }\n\n  /**\n    * Register a test to ignore, which has the specified name, optional tags, and function value that takes no arguments.\n    * This method will register the test for later ignoring via an invocation of one of the \u003ccode\u003erun\u003c/code\u003e\n    * methods. This method exists to make it easy to ignore an existing test by changing the call to \u003ccode\u003etest\u003c/code\u003e\n    * to \u003ccode\u003eignore\u003c/code\u003e without deleting or commenting out the actual test code. The test will not be run, but a\n    * report will be sent that indicates the test was ignored. The passed test name must not have been registered previously on\n    * this \u003ccode\u003eAnyFunSuite\u003c/code\u003e instance.\n    *\n    * @param testName the name of the test\n    * @param testTags the optional list of tags for this test\n    * @param testFun the test function\n    * @throws TestRegistrationClosedException if invoked after \u003ccode\u003erun\u003c/code\u003e has been invoked on this suite\n    * @throws DuplicateTestNameException if a test with the same name has been registered previously\n    * @throws NotAllowedException if \u003ccode\u003etestName\u003c/code\u003e had been registered previously\n    */\n  // SKIP-DOTTY-START\n  protected def ignore(testName: String, testTags: Tag*)(testFun: \u003d\u003e Any /* Assertion */)(implicit pos: source.Position): Unit \u003d {\n    ignoreImpl(testName, testTags: _*)(testFun, pos)\n  }\n  // SKIP-DOTTY-END\n  //DOTTY-ONLY inline def ignore(testName: String, testTags: Tag*)(testFun: \u003d\u003e Any /* Assertion */): Unit \u003d {\n  //DOTTY-ONLY   ${ source.Position.withPosition[Unit](\u0027{(pos: source.Position) \u003d\u003e ignoreImpl(testName, testTags: _*)(testFun, pos) }) } \n  //DOTTY-ONLY }\n\n  /**\n    * An immutable \u003ccode\u003eSet\u003c/code\u003e of test names. If this \u003ccode\u003eAnyFunSuite\u003c/code\u003e contains no tests, this method returns an empty \u003ccode\u003eSet\u003c/code\u003e.\n    *\n    * \u003cp\u003e\n    * This trait\u0027s implementation of this method will return a set that contains the names of all registered tests. The set\u0027s iterator will\n    * return those names in the order in which the tests were registered.\n    * \u003c/p\u003e\n    */\n  override def testNames: Set[String] \u003d {\n    InsertionOrderSet(atomic.get.testNamesList)\n  }\n\n  /**\n    * Run a test. This trait\u0027s implementation runs the test registered with the name specified by \u003ccode\u003etestName\u003c/code\u003e.\n    *\n    * @param testName the name of one test to run.\n    * @param args the \u003ccode\u003eArgs\u003c/code\u003e for this run\n    * @return a \u003ccode\u003eStatus\u003c/code\u003e object that indicates when the test started by this method has completed, and whether or not it failed .\n    *\n    * @throws IllegalArgumentException if \u003ccode\u003etestName\u003c/code\u003e is defined but a test with that name does not exist on this \u003ccode\u003eAnyFunSuite\u003c/code\u003e\n    * @throws NullArgumentException if any of \u003ccode\u003etestName\u003c/code\u003e, \u003ccode\u003ereporter\u003c/code\u003e, \u003ccode\u003estopper\u003c/code\u003e, or \u003ccode\u003econfigMap\u003c/code\u003e\n    *     is \u003ccode\u003enull\u003c/code\u003e.\n    */\n  protected override def runTest(testName: String, args: Args): Status \u003d {\n\n    def invokeWithFixture(theTest: TestLeaf): Outcome \u003d {\n      val theConfigMap \u003d args.configMap\n      val testData \u003d testDataFor(testName, theConfigMap)\n      withFixture(\n        new NoArgTest {\n          val name \u003d testData.name\n          def apply(): Outcome \u003d { theTest.testFun() }\n          val configMap \u003d testData.configMap\n          val scopes \u003d testData.scopes\n          val text \u003d testData.text\n          val tags \u003d testData.tags\n          val pos \u003d testData.pos\n        }\n      )\n    }\n\n    runTestImpl(thisSuite, testName, args, true, invokeWithFixture)\n  }\n\n  /**\n    * A \u003ccode\u003eMap\u003c/code\u003e whose keys are \u003ccode\u003eString\u003c/code\u003e names of tagged tests and whose associated values are\n    * the \u003ccode\u003eSet\u003c/code\u003e of tags for the test. If this \u003ccode\u003eAnyFunSuite\u003c/code\u003e contains no tags, this method returns an empty \u003ccode\u003eMap\u003c/code\u003e.\n    *\n    * \u003cp\u003e\n    * This trait\u0027s implementation returns tags that were passed as strings contained in \u003ccode\u003eTag\u003c/code\u003e objects passed to\n    * methods \u003ccode\u003etest\u003c/code\u003e and \u003ccode\u003eignore\u003c/code\u003e.\n    * \u003c/p\u003e\n    *\n    * \u003cp\u003e\n    * In addition, this trait\u0027s implementation will also auto-tag tests with class level annotations.\n    * For example, if you annotate \u003ccode\u003e@Ignore\u003c/code\u003e at the class level, all test methods in the class will be auto-annotated with\n    * \u003ccode\u003eorg.scalatest.Ignore\u003c/code\u003e.\n    * \u003c/p\u003e\n    */\n  override def tags: Map[String, Set[String]] \u003d autoTagClassAnnotations(atomic.get.tagsMap, this)\n\n  /**\n    * Run zero to many of this \u003ccode\u003eAnyFunSuite\u003c/code\u003e\u0027s tests.\n    *\n    * @param testName an optional name of one test to run. If \u003ccode\u003eNone\u003c/code\u003e, all relevant tests should be run.\n    *                 I.e., \u003ccode\u003eNone\u003c/code\u003e acts like a wildcard that means run all relevant tests in this \u003ccode\u003eSuite\u003c/code\u003e.\n    * @param args the \u003ccode\u003eArgs\u003c/code\u003e for this run\n    * @return a \u003ccode\u003eStatus\u003c/code\u003e object that indicates when all tests started by this method have completed, and whether or not a failure occurred.\n    *\n    * @throws NullArgumentException if any of the passed parameters is \u003ccode\u003enull\u003c/code\u003e.\n    * @throws IllegalArgumentException if \u003ccode\u003etestName\u003c/code\u003e is defined, but no test with the specified test name\n    *     exists in this \u003ccode\u003eSuite\u003c/code\u003e\n    */\n  protected override def runTests(testName: Option[String], args: Args): Status \u003d {\n    runTestsImpl(thisSuite, testName, args, info, true, runTest)\n  }\n\n  override def run(testName: Option[String], args: Args): Status \u003d {\n    runImpl(thisSuite, testName, args, super.run)\n  }\n\n  /**\n    * Registers shared tests.\n    *\n    * \u003cp\u003e\n    * This method enables the following syntax for shared tests in a \u003ccode\u003eAnyFunSuite\u003c/code\u003e:\n    * \u003c/p\u003e\n    *\n    * \u003cpre class\u003d\"stHighlight\"\u003e\n    * testsFor(nonEmptyStack(lastValuePushed))\n    * \u003c/pre\u003e\n    *\n    * \u003cp\u003e\n    * This method just provides syntax sugar intended to make the intent of the code clearer.\n    * Because the parameter passed to it is\n    * type \u003ccode\u003eUnit\u003c/code\u003e, the expression will be evaluated before being passed, which\n    * is sufficient to register the shared tests. For examples of shared tests, see the\n    * \u003ca href\u003d\"#sharedTests\"\u003eShared tests section\u003c/a\u003e in the main documentation for this trait.\n    * \u003c/p\u003e\n    */\n  protected def testsFor(unit: Unit): Unit \u003d {}\n\n  /**\n   * \u003cstrong\u003eThe \u003ccode\u003estyleName\u003c/code\u003e lifecycle method has been deprecated and will be removed in a future version of ScalaTest.\u003c/strong\u003e\n   *\n   * \u003cp\u003eThis method was used to support the chosen styles feature, which was deactivated in 3.1.0. The internal modularization of ScalaTest in 3.2.0\n   * will replace chosen styles as the tool to encourage consistency across a project. We do not plan a replacement for \u003ccode\u003estyleName\u003c/code\u003e.\u003c/p\u003e\n   */\n  @deprecated(\"The styleName lifecycle method has been deprecated and will be removed in a future version of ScalaTest with no replacement.\", \"3.1.0\")\n  final override val styleName: String \u003d \"org.scalatest.FunSuite\"\n\n  // Inherits scaladoc\n  override def testDataFor(testName: String, theConfigMap: ConfigMap \u003d ConfigMap.empty): TestData \u003d createTestDataFor(testName, theConfigMap, this)\n\n  /**\n    * Returns a user friendly string for this suite, composed of the\n    * simple name of the class (possibly simplified further by removing dollar signs if added by the Scala interpeter) and, if this suite\n    * contains nested suites, the result of invoking \u003ccode\u003etoString\u003c/code\u003e on each\n    * of the nested suites, separated by commas and surrounded by parentheses.\n    *\n    * @return a user-friendly string for this suite\n    */\n  override def toString: String \u003d Suite.suiteToString(None, this)\n}\n"
    }
  }
}
java.lang.RuntimeException: java.lang.reflect.InvocationTargetException
	at org.eclipse.lsp4j.jsonrpc.services.GenericEndpoint.lambda$null$0(GenericEndpoint.java:67)
	at org.eclipse.lsp4j.jsonrpc.services.GenericEndpoint.notify(GenericEndpoint.java:152)
	at org.eclipse.lsp4j.jsonrpc.RemoteEndpoint.handleNotification(RemoteEndpoint.java:220)
	at org.eclipse.lsp4j.jsonrpc.RemoteEndpoint.consume(RemoteEndpoint.java:187)
	at org.eclipse.lsp4j.jsonrpc.json.StreamMessageProducer.handleMessage(StreamMessageProducer.java:194)
	at org.eclipse.lsp4j.jsonrpc.json.StreamMessageProducer.listen(StreamMessageProducer.java:94)
	at org.eclipse.lsp4j.jsonrpc.json.ConcurrentMessageProcessor.run(ConcurrentMessageProcessor.java:113)
	at java.base/java.util.concurrent.Executors$RunnableAdapter.call(Executors.java:515)
	at java.base/java.util.concurrent.FutureTask.run(FutureTask.java:264)
	at java.base/java.util.concurrent.ThreadPoolExecutor.runWorker(ThreadPoolExecutor.java:1128)
	at java.base/java.util.concurrent.ThreadPoolExecutor$Worker.run(ThreadPoolExecutor.java:628)
	at java.base/java.lang.Thread.run(Thread.java:834)
Caused by: java.lang.reflect.InvocationTargetException
	at java.base/jdk.internal.reflect.NativeMethodAccessorImpl.invoke0(Native Method)
	at java.base/jdk.internal.reflect.NativeMethodAccessorImpl.invoke(NativeMethodAccessorImpl.java:62)
	at java.base/jdk.internal.reflect.DelegatingMethodAccessorImpl.invoke(DelegatingMethodAccessorImpl.java:43)
	at java.base/java.lang.reflect.Method.invoke(Method.java:566)
	at org.eclipse.lsp4j.jsonrpc.services.GenericEndpoint.lambda$null$0(GenericEndpoint.java:65)
	... 11 more
Caused by: java.lang.IllegalArgumentException: Illegal character in opaque part at index 26: jar:file:///C:/Users/Parth Panara/AppData/Local/Coursier/cache/v1/https/repo1.maven.org/maven2/org/scalatest/scalatest-funsuite_2.13/3.2.15/scalatest-funsuite_2.13-3.2.15-sources.jar!/org/scalatest/funsuite/AnyFunSuiteLike.scala
	at java.base/java.net.URI.create(URI.java:883)
	at scala.meta.internal.mtags.MtagsEnrichments$XtensionStringMtags.toAbsolutePath(MtagsEnrichments.scala:139)
	at scala.meta.internal.mtags.MtagsEnrichments$XtensionStringMtags.toAbsolutePath(MtagsEnrichments.scala:137)
	at scala.meta.internal.metals.MetalsEnrichments$XtensionString.toAbsolutePath(MetalsEnrichments.scala:609)
	at scala.meta.internal.metals.MetalsEnrichments$XtensionString.toAbsolutePath(MetalsEnrichments.scala:606)
	at scala.meta.internal.metals.MetalsLanguageServer.didOpen(MetalsLanguageServer.scala:1077)
	... 16 more
Caused by: java.net.URISyntaxException: Illegal character in opaque part at index 26: jar:file:///C:/Users/Parth Panara/AppData/Local/Coursier/cache/v1/https/repo1.maven.org/maven2/org/scalatest/scalatest-funsuite_2.13/3.2.15/scalatest-funsuite_2.13-3.2.15-sources.jar!/org/scalatest/funsuite/AnyFunSuiteLike.scala
	at java.base/java.net.URI$Parser.fail(URI.java:2913)
	at java.base/java.net.URI$Parser.checkChars(URI.java:3084)
	at java.base/java.net.URI$Parser.parse(URI.java:3120)
	at java.base/java.net.URI.<init>(URI.java:600)
	at java.base/java.net.URI.create(URI.java:881)
	... 21 more

Mar 12, 2023 5:21:14 PM org.eclipse.lsp4j.jsonrpc.RemoteEndpoint handleNotification
WARNING: Notification threw an exception: {
  "jsonrpc": "2.0",
  "method": "textDocument/didClose",
  "params": {
    "textDocument": {
      "uri": "jar:file%3A///C%3A/Users/Parth%20Panara/AppData/Local/Coursier/cache/v1/https/repo1.maven.org/maven2/org/scalatest/scalatest-funsuite_2.13/3.2.15/scalatest-funsuite_2.13-3.2.15-sources.jar%21/org/scalatest/funsuite/AnyFunSuiteLike.scala"
    }
  }
}
java.lang.RuntimeException: java.lang.reflect.InvocationTargetException
	at org.eclipse.lsp4j.jsonrpc.services.GenericEndpoint.lambda$null$0(GenericEndpoint.java:67)
	at org.eclipse.lsp4j.jsonrpc.services.GenericEndpoint.notify(GenericEndpoint.java:152)
	at org.eclipse.lsp4j.jsonrpc.RemoteEndpoint.handleNotification(RemoteEndpoint.java:220)
	at org.eclipse.lsp4j.jsonrpc.RemoteEndpoint.consume(RemoteEndpoint.java:187)
	at org.eclipse.lsp4j.jsonrpc.json.StreamMessageProducer.handleMessage(StreamMessageProducer.java:194)
	at org.eclipse.lsp4j.jsonrpc.json.StreamMessageProducer.listen(StreamMessageProducer.java:94)
	at org.eclipse.lsp4j.jsonrpc.json.ConcurrentMessageProcessor.run(ConcurrentMessageProcessor.java:113)
	at java.base/java.util.concurrent.Executors$RunnableAdapter.call(Executors.java:515)
	at java.base/java.util.concurrent.FutureTask.run(FutureTask.java:264)
	at java.base/java.util.concurrent.ThreadPoolExecutor.runWorker(ThreadPoolExecutor.java:1128)
	at java.base/java.util.concurrent.ThreadPoolExecutor$Worker.run(ThreadPoolExecutor.java:628)
	at java.base/java.lang.Thread.run(Thread.java:834)
Caused by: java.lang.reflect.InvocationTargetException
	at java.base/jdk.internal.reflect.NativeMethodAccessorImpl.invoke0(Native Method)
	at java.base/jdk.internal.reflect.NativeMethodAccessorImpl.invoke(NativeMethodAccessorImpl.java:62)
	at java.base/jdk.internal.reflect.DelegatingMethodAccessorImpl.invoke(DelegatingMethodAccessorImpl.java:43)
	at java.base/java.lang.reflect.Method.invoke(Method.java:566)
	at org.eclipse.lsp4j.jsonrpc.services.GenericEndpoint.lambda$null$0(GenericEndpoint.java:65)
	... 11 more
Caused by: java.lang.IllegalArgumentException: Illegal character in opaque part at index 26: jar:file:///C:/Users/Parth Panara/AppData/Local/Coursier/cache/v1/https/repo1.maven.org/maven2/org/scalatest/scalatest-funsuite_2.13/3.2.15/scalatest-funsuite_2.13-3.2.15-sources.jar!/org/scalatest/funsuite/AnyFunSuiteLike.scala
	at java.base/java.net.URI.create(URI.java:883)
	at scala.meta.internal.mtags.MtagsEnrichments$XtensionStringMtags.toAbsolutePath(MtagsEnrichments.scala:139)
	at scala.meta.internal.mtags.MtagsEnrichments$XtensionStringMtags.toAbsolutePath(MtagsEnrichments.scala:137)
	at scala.meta.internal.metals.MetalsEnrichments$XtensionString.toAbsolutePath(MetalsEnrichments.scala:609)
	at scala.meta.internal.metals.MetalsEnrichments$XtensionString.toAbsolutePath(MetalsEnrichments.scala:606)
	at scala.meta.internal.metals.MetalsLanguageServer.didClose(MetalsLanguageServer.scala:1253)
	... 16 more
Caused by: java.net.URISyntaxException: Illegal character in opaque part at index 26: jar:file:///C:/Users/Parth Panara/AppData/Local/Coursier/cache/v1/https/repo1.maven.org/maven2/org/scalatest/scalatest-funsuite_2.13/3.2.15/scalatest-funsuite_2.13-3.2.15-sources.jar!/org/scalatest/funsuite/AnyFunSuiteLike.scala
	at java.base/java.net.URI$Parser.fail(URI.java:2913)
	at java.base/java.net.URI$Parser.checkChars(URI.java:3084)
	at java.base/java.net.URI$Parser.parse(URI.java:3120)
	at java.base/java.net.URI.<init>(URI.java:600)
	at java.base/java.net.URI.create(URI.java:881)
	... 21 more

Mar 12, 2023 5:21:15 PM org.eclipse.lsp4j.jsonrpc.RemoteEndpoint handleNotification
WARNING: Notification threw an exception: {
  "jsonrpc": "2.0",
  "method": "textDocument/didOpen",
  "params": {
    "textDocument": {
      "uri": "jar:file%3A///C%3A/Users/Parth%20Panara/AppData/Local/Coursier/cache/v1/https/repo1.maven.org/maven2/org/scalatest/scalatest-funsuite_2.13/3.2.15/scalatest-funsuite_2.13-3.2.15-sources.jar%21/org/scalatest/funsuite/AnyFunSuiteLike.scala",
      "languageId": "scala",
      "version": 1,
      "text": "/*\n * Copyright 2001-2013 Artima, Inc.\n *\n * Licensed under the Apache License, Version 2.0 (the \"License\");\n * you may not use this file except in compliance with the License.\n * You may obtain a copy of the License at\n *\n *     http://www.apache.org/licenses/LICENSE-2.0\n *\n * Unless required by applicable law or agreed to in writing, software\n * distributed under the License is distributed on an \"AS IS\" BASIS,\n * WITHOUT WARRANTIES OR CONDITIONS OF ANY KIND, either express or implied.\n * See the License for the specific language governing permissions and\n * limitations under the License.\n */\npackage org.scalatest.funsuite\n\nimport org.scalactic.source\nimport org.scalatest._\nimport Suite.autoTagClassAnnotations\n\n/**\n  * Implementation trait for class \u003ccode\u003eAnyFunSpec\u003c/code\u003e, which\n  * facilitates a \u0026ldquo;behavior-driven\u0026rdquo; style of development (BDD),\n  * in which tests are combined with text that specifies the behavior the tests\n  * verify.\n  *\n  * \u003cp\u003e\n  * \u003ca href\u003d\"AnyFunSpec.html\"\u003e\u003ccode\u003eFunSpec\u003c/code\u003e\u003c/a\u003e is a class, not a trait,\n  * to minimize compile time given there is a slight compiler overhead to\n  * mixing in traits compared to extending classes. If you need to mix the\n  * behavior of \u003ccode\u003eAnyFunSpec\u003c/code\u003e into some other class, you can use this\n  * trait instead, because class \u003ccode\u003eAnyFunSpec\u003c/code\u003e does nothing more than\n  * extend this trait and add a nice \u003ccode\u003etoString\u003c/code\u003e implementation.\n  * \u003c/p\u003e\n  *\n  * \u003cp\u003e\n  * See the documentation of the class for a \u003ca href\u003d\"AnyFunSpec.html\"\u003edetailed\n  * overview of \u003ccode\u003eAnyFunSpec\u003c/code\u003e\u003c/a\u003e.\n  * \u003c/p\u003e\n  *\n  * @author Bill Venners\n  */\n@Finders(Array(\"org.scalatest.finders.FunSuiteFinder\"))\n//SCALATESTJS-ONLY @scala.scalajs.reflect.annotation.EnableReflectiveInstantiation\n//SCALATESTNATIVE-ONLY @scala.scalanative.reflect.annotation.EnableReflectiveInstantiation\ntrait AnyFunSuiteLike extends TestSuite with TestRegistration with Informing with Notifying with Alerting with Documenting { thisSuite \u003d\u003e\n\n  private final val engine \u003d new Engine(Resources.concurrentFunSuiteMod, \"FunSuite\")\n  import engine._\n\n  /**\n    * Returns an \u003ccode\u003eInformer\u003c/code\u003e that during test execution will forward strings passed to its\n    * \u003ccode\u003eapply\u003c/code\u003e method to the current reporter. If invoked in a constructor, it\n    * will register the passed string for forwarding later during test execution. If invoked from inside a scope,\n    * it will forward the information to the current reporter immediately.  If invoked from inside a test function,\n    * it will record the information and forward it to the current reporter only after the test completed, as \u003ccode\u003erecordedEvents\u003c/code\u003e\n    * of the test completed event, such as \u003ccode\u003eTestSucceeded\u003c/code\u003e. If invoked at any other time, it will print to the standard output.\n    * This method can be called safely by any thread.\n    */\n  protected def info: Informer \u003d atomicInformer.get\n\n  /**\n    * Returns a \u003ccode\u003eNotifier\u003c/code\u003e that during test execution will forward strings passed to its\n    * \u003ccode\u003eapply\u003c/code\u003e method to the current reporter. If invoked in a constructor, it\n    * will register the passed string for forwarding later during test execution. If invoked while this\n    * \u003ccode\u003eAnyFunSuite\u003c/code\u003e is being executed, such as from inside a test function, it will forward the information to\n    * the current reporter immediately. If invoked at any other time, it will\n    * print to the standard output. This method can be called safely by any thread.\n    */\n  protected def note: Notifier \u003d atomicNotifier.get\n\n  /**\n    * Returns an \u003ccode\u003eAlerter\u003c/code\u003e that during test execution will forward strings passed to its\n    * \u003ccode\u003eapply\u003c/code\u003e method to the current reporter. If invoked in a constructor, it\n    * will register the passed string for forwarding later during test execution. If invoked while this\n    * \u003ccode\u003eAnyFunSuite\u003c/code\u003e is being executed, such as from inside a test function, it will forward the information to\n    * the current reporter immediately. If invoked at any other time, it will\n    * print to the standard output. This method can be called safely by any thread.\n    */\n  protected def alert: Alerter \u003d atomicAlerter.get\n\n  /**\n    * Returns a \u003ccode\u003eDocumenter\u003c/code\u003e that during test execution will forward strings passed to its\n    * \u003ccode\u003eapply\u003c/code\u003e method to the current reporter. If invoked in a constructor, it\n    * will register the passed string for forwarding later during test execution. If invoked from inside a scope,\n    * it will forward the information to the current reporter immediately.  If invoked from inside a test function,\n    * it will record the information and forward it to the current reporter only after the test completed, as \u003ccode\u003erecordedEvents\u003c/code\u003e\n    * of the test completed event, such as \u003ccode\u003eTestSucceeded\u003c/code\u003e. If invoked at any other time, it will print to the standard output.\n    * This method can be called safely by any thread.\n    */\n  protected def markup: Documenter \u003d atomicDocumenter.get\n\n  private final def registerTestImpl(testText: String, testTags: Tag*)(testFun: \u003d\u003e Any /* Assertion */, pos: source.Position): Unit \u003d {\n    // SKIP-SCALATESTJS-START\n    val stackDepthAdjustment \u003d -1\n    // SKIP-SCALATESTJS-END\n    //SCALATESTJS-ONLY val stackDepthAdjustment \u003d -4\n    engine.registerTest(testText, Transformer(() \u003d\u003e testFun), Resources.testCannotBeNestedInsideAnotherTest, \"AnyFunSuiteLike.scala\", \"registerTest\", 4, stackDepthAdjustment, None, None, Some(pos), None, testTags: _*)\n  }\n\n  // SKIP-DOTTY-START\n  final def registerTest(testText: String, testTags: Tag*)(testFun: \u003d\u003e Any /* Assertion */)(implicit pos: source.Position): Unit \u003d {\n    registerTestImpl(testText, testTags: _*)(testFun, pos)\n  }\n  // SKIP-DOTTY-END\n  //DOTTY-ONLY inline def registerTest(testText: String, testTags: Tag*)(testFun: \u003d\u003e Any /* Assertion */)(implicit pos: source.Position): Unit \u003d {\n  //DOTTY-ONLY   ${ source.Position.withPosition[Unit](\u0027{(pos: source.Position) \u003d\u003e registerTestImpl(testText, testTags: _*)(testFun, pos) }) } \n  //DOTTY-ONLY }\n\n  private final def registerIgnoredTestImpl(testText: String, testTags: Tag*)(testFun: \u003d\u003e Any /* Assertion */, pos: source.Position): Unit \u003d {\n    // SKIP-SCALATESTJS-START\n    val stackDepthAdjustment \u003d -1\n    // SKIP-SCALATESTJS-END\n    //SCALATESTJS-ONLY val stackDepthAdjustment \u003d -4\n    engine.registerIgnoredTest(testText, Transformer(() \u003d\u003e testFun), Resources.testCannotBeNestedInsideAnotherTest, \"AnyFunSuiteLike.scala\", \"registerIgnoredTest\", 4, stackDepthAdjustment, None, Some(pos), testTags: _*)\n  }\n\n  // SKIP-DOTTY-START\n  final def registerIgnoredTest(testText: String, testTags: Tag*)(testFun: \u003d\u003e Any /* Assertion */)(implicit pos: source.Position): Unit \u003d {\n    registerIgnoredTestImpl(testText, testTags: _*)(testFun, pos)\n  }\n  // SKIP-DOTTY-END\n  //DOTTY-ONLY inline def registerIgnoredTest(testText: String, testTags: Tag*)(testFun: \u003d\u003e Any /* Assertion */)(implicit pos: source.Position): Unit \u003d {\n  //DOTTY-ONLY   ${ source.Position.withPosition[Unit](\u0027{(pos: source.Position) \u003d\u003e registerIgnoredTestImpl(testText, testTags: _*)(testFun, pos) }) } \n  //DOTTY-ONLY }\n\n  private final def testImpl(testName: String, testTags: Tag*)(testFun: \u003d\u003e Any /* Assertion */, pos: source.Position): Unit \u003d {\n    // SKIP-SCALATESTJS-START\n    val stackDepth \u003d 4\n    val stackDepthAdjustment \u003d -2\n    // SKIP-SCALATESTJS-END\n    //SCALATESTJS-ONLY val stackDepth \u003d 6\n    //SCALATESTJS-ONLY val stackDepthAdjustment \u003d -6\n    engine.registerTest(testName, Transformer(() \u003d\u003e testFun), Resources.testCannotAppearInsideAnotherTest, \"FunSuiteLike.scala\", \"test\", stackDepth, stackDepthAdjustment, None, None, Some(pos), None, testTags: _*)\n  }\n\n  /**\n    * Register a test with the specified name, optional tags, and function value that takes no arguments.\n    * This method will register the test for later execution via an invocation of one of the \u003ccode\u003erun\u003c/code\u003e\n    * methods. The passed test name must not have been registered previously on\n    * this \u003ccode\u003eAnyFunSuite\u003c/code\u003e instance.\n    *\n    * @param testName the name of the test\n    * @param testTags the optional list of tags for this test\n    * @param testFun the test function\n    * @throws TestRegistrationClosedException if invoked after \u003ccode\u003erun\u003c/code\u003e has been invoked on this suite\n    * @throws DuplicateTestNameException if a test with the same name has been registered previously\n    * @throws NotAllowedException if \u003ccode\u003etestName\u003c/code\u003e had been registered previously\n    * @throws NullArgumentException if \u003ccode\u003etestName\u003c/code\u003e or any passed test tag is \u003ccode\u003enull\u003c/code\u003e\n    */\n  // SKIP-DOTTY-START\n  protected def test(testName: String, testTags: Tag*)(testFun: \u003d\u003e Any /* Assertion */)(implicit pos: source.Position): Unit \u003d {\n    testImpl(testName, testTags: _*)(testFun, pos)\n  }\n  // SKIP-DOTTY-END\n  //DOTTY-ONLY inline def test(testName: String, testTags: Tag*)(testFun: \u003d\u003e Any /* Assertion */): Unit \u003d {\n  //DOTTY-ONLY   ${ source.Position.withPosition[Unit](\u0027{(pos: source.Position) \u003d\u003e testImpl(testName, testTags: _*)(testFun, pos) }) } \n  //DOTTY-ONLY }\n\n  private final def ignoreImpl(testName: String, testTags: Tag*)(testFun: \u003d\u003e Any /* Assertion */, pos: source.Position): Unit \u003d {\n    // SKIP-SCALATESTJS-START\n    val stackDepth \u003d 4\n    val stackDepthAdjustment \u003d -3\n    // SKIP-SCALATESTJS-END\n    //SCALATESTJS-ONLY val stackDepth \u003d 6\n    //SCALATESTJS-ONLY val stackDepthAdjustment \u003d -7\n    engine.registerIgnoredTest(testName, Transformer(() \u003d\u003e testFun), Resources.ignoreCannotAppearInsideATest, \"FunSuiteLike.scala\", \"ignore\", stackDepth, stackDepthAdjustment, None, Some(pos), testTags: _*)\n  }\n\n  /**\n    * Register a test to ignore, which has the specified name, optional tags, and function value that takes no arguments.\n    * This method will register the test for later ignoring via an invocation of one of the \u003ccode\u003erun\u003c/code\u003e\n    * methods. This method exists to make it easy to ignore an existing test by changing the call to \u003ccode\u003etest\u003c/code\u003e\n    * to \u003ccode\u003eignore\u003c/code\u003e without deleting or commenting out the actual test code. The test will not be run, but a\n    * report will be sent that indicates the test was ignored. The passed test name must not have been registered previously on\n    * this \u003ccode\u003eAnyFunSuite\u003c/code\u003e instance.\n    *\n    * @param testName the name of the test\n    * @param testTags the optional list of tags for this test\n    * @param testFun the test function\n    * @throws TestRegistrationClosedException if invoked after \u003ccode\u003erun\u003c/code\u003e has been invoked on this suite\n    * @throws DuplicateTestNameException if a test with the same name has been registered previously\n    * @throws NotAllowedException if \u003ccode\u003etestName\u003c/code\u003e had been registered previously\n    */\n  // SKIP-DOTTY-START\n  protected def ignore(testName: String, testTags: Tag*)(testFun: \u003d\u003e Any /* Assertion */)(implicit pos: source.Position): Unit \u003d {\n    ignoreImpl(testName, testTags: _*)(testFun, pos)\n  }\n  // SKIP-DOTTY-END\n  //DOTTY-ONLY inline def ignore(testName: String, testTags: Tag*)(testFun: \u003d\u003e Any /* Assertion */): Unit \u003d {\n  //DOTTY-ONLY   ${ source.Position.withPosition[Unit](\u0027{(pos: source.Position) \u003d\u003e ignoreImpl(testName, testTags: _*)(testFun, pos) }) } \n  //DOTTY-ONLY }\n\n  /**\n    * An immutable \u003ccode\u003eSet\u003c/code\u003e of test names. If this \u003ccode\u003eAnyFunSuite\u003c/code\u003e contains no tests, this method returns an empty \u003ccode\u003eSet\u003c/code\u003e.\n    *\n    * \u003cp\u003e\n    * This trait\u0027s implementation of this method will return a set that contains the names of all registered tests. The set\u0027s iterator will\n    * return those names in the order in which the tests were registered.\n    * \u003c/p\u003e\n    */\n  override def testNames: Set[String] \u003d {\n    InsertionOrderSet(atomic.get.testNamesList)\n  }\n\n  /**\n    * Run a test. This trait\u0027s implementation runs the test registered with the name specified by \u003ccode\u003etestName\u003c/code\u003e.\n    *\n    * @param testName the name of one test to run.\n    * @param args the \u003ccode\u003eArgs\u003c/code\u003e for this run\n    * @return a \u003ccode\u003eStatus\u003c/code\u003e object that indicates when the test started by this method has completed, and whether or not it failed .\n    *\n    * @throws IllegalArgumentException if \u003ccode\u003etestName\u003c/code\u003e is defined but a test with that name does not exist on this \u003ccode\u003eAnyFunSuite\u003c/code\u003e\n    * @throws NullArgumentException if any of \u003ccode\u003etestName\u003c/code\u003e, \u003ccode\u003ereporter\u003c/code\u003e, \u003ccode\u003estopper\u003c/code\u003e, or \u003ccode\u003econfigMap\u003c/code\u003e\n    *     is \u003ccode\u003enull\u003c/code\u003e.\n    */\n  protected override def runTest(testName: String, args: Args): Status \u003d {\n\n    def invokeWithFixture(theTest: TestLeaf): Outcome \u003d {\n      val theConfigMap \u003d args.configMap\n      val testData \u003d testDataFor(testName, theConfigMap)\n      withFixture(\n        new NoArgTest {\n          val name \u003d testData.name\n          def apply(): Outcome \u003d { theTest.testFun() }\n          val configMap \u003d testData.configMap\n          val scopes \u003d testData.scopes\n          val text \u003d testData.text\n          val tags \u003d testData.tags\n          val pos \u003d testData.pos\n        }\n      )\n    }\n\n    runTestImpl(thisSuite, testName, args, true, invokeWithFixture)\n  }\n\n  /**\n    * A \u003ccode\u003eMap\u003c/code\u003e whose keys are \u003ccode\u003eString\u003c/code\u003e names of tagged tests and whose associated values are\n    * the \u003ccode\u003eSet\u003c/code\u003e of tags for the test. If this \u003ccode\u003eAnyFunSuite\u003c/code\u003e contains no tags, this method returns an empty \u003ccode\u003eMap\u003c/code\u003e.\n    *\n    * \u003cp\u003e\n    * This trait\u0027s implementation returns tags that were passed as strings contained in \u003ccode\u003eTag\u003c/code\u003e objects passed to\n    * methods \u003ccode\u003etest\u003c/code\u003e and \u003ccode\u003eignore\u003c/code\u003e.\n    * \u003c/p\u003e\n    *\n    * \u003cp\u003e\n    * In addition, this trait\u0027s implementation will also auto-tag tests with class level annotations.\n    * For example, if you annotate \u003ccode\u003e@Ignore\u003c/code\u003e at the class level, all test methods in the class will be auto-annotated with\n    * \u003ccode\u003eorg.scalatest.Ignore\u003c/code\u003e.\n    * \u003c/p\u003e\n    */\n  override def tags: Map[String, Set[String]] \u003d autoTagClassAnnotations(atomic.get.tagsMap, this)\n\n  /**\n    * Run zero to many of this \u003ccode\u003eAnyFunSuite\u003c/code\u003e\u0027s tests.\n    *\n    * @param testName an optional name of one test to run. If \u003ccode\u003eNone\u003c/code\u003e, all relevant tests should be run.\n    *                 I.e., \u003ccode\u003eNone\u003c/code\u003e acts like a wildcard that means run all relevant tests in this \u003ccode\u003eSuite\u003c/code\u003e.\n    * @param args the \u003ccode\u003eArgs\u003c/code\u003e for this run\n    * @return a \u003ccode\u003eStatus\u003c/code\u003e object that indicates when all tests started by this method have completed, and whether or not a failure occurred.\n    *\n    * @throws NullArgumentException if any of the passed parameters is \u003ccode\u003enull\u003c/code\u003e.\n    * @throws IllegalArgumentException if \u003ccode\u003etestName\u003c/code\u003e is defined, but no test with the specified test name\n    *     exists in this \u003ccode\u003eSuite\u003c/code\u003e\n    */\n  protected override def runTests(testName: Option[String], args: Args): Status \u003d {\n    runTestsImpl(thisSuite, testName, args, info, true, runTest)\n  }\n\n  override def run(testName: Option[String], args: Args): Status \u003d {\n    runImpl(thisSuite, testName, args, super.run)\n  }\n\n  /**\n    * Registers shared tests.\n    *\n    * \u003cp\u003e\n    * This method enables the following syntax for shared tests in a \u003ccode\u003eAnyFunSuite\u003c/code\u003e:\n    * \u003c/p\u003e\n    *\n    * \u003cpre class\u003d\"stHighlight\"\u003e\n    * testsFor(nonEmptyStack(lastValuePushed))\n    * \u003c/pre\u003e\n    *\n    * \u003cp\u003e\n    * This method just provides syntax sugar intended to make the intent of the code clearer.\n    * Because the parameter passed to it is\n    * type \u003ccode\u003eUnit\u003c/code\u003e, the expression will be evaluated before being passed, which\n    * is sufficient to register the shared tests. For examples of shared tests, see the\n    * \u003ca href\u003d\"#sharedTests\"\u003eShared tests section\u003c/a\u003e in the main documentation for this trait.\n    * \u003c/p\u003e\n    */\n  protected def testsFor(unit: Unit): Unit \u003d {}\n\n  /**\n   * \u003cstrong\u003eThe \u003ccode\u003estyleName\u003c/code\u003e lifecycle method has been deprecated and will be removed in a future version of ScalaTest.\u003c/strong\u003e\n   *\n   * \u003cp\u003eThis method was used to support the chosen styles feature, which was deactivated in 3.1.0. The internal modularization of ScalaTest in 3.2.0\n   * will replace chosen styles as the tool to encourage consistency across a project. We do not plan a replacement for \u003ccode\u003estyleName\u003c/code\u003e.\u003c/p\u003e\n   */\n  @deprecated(\"The styleName lifecycle method has been deprecated and will be removed in a future version of ScalaTest with no replacement.\", \"3.1.0\")\n  final override val styleName: String \u003d \"org.scalatest.FunSuite\"\n\n  // Inherits scaladoc\n  override def testDataFor(testName: String, theConfigMap: ConfigMap \u003d ConfigMap.empty): TestData \u003d createTestDataFor(testName, theConfigMap, this)\n\n  /**\n    * Returns a user friendly string for this suite, composed of the\n    * simple name of the class (possibly simplified further by removing dollar signs if added by the Scala interpeter) and, if this suite\n    * contains nested suites, the result of invoking \u003ccode\u003etoString\u003c/code\u003e on each\n    * of the nested suites, separated by commas and surrounded by parentheses.\n    *\n    * @return a user-friendly string for this suite\n    */\n  override def toString: String \u003d Suite.suiteToString(None, this)\n}\n"
    }
  }
}
java.lang.RuntimeException: java.lang.reflect.InvocationTargetException
	at org.eclipse.lsp4j.jsonrpc.services.GenericEndpoint.lambda$null$0(GenericEndpoint.java:67)
	at org.eclipse.lsp4j.jsonrpc.services.GenericEndpoint.notify(GenericEndpoint.java:152)
	at org.eclipse.lsp4j.jsonrpc.RemoteEndpoint.handleNotification(RemoteEndpoint.java:220)
	at org.eclipse.lsp4j.jsonrpc.RemoteEndpoint.consume(RemoteEndpoint.java:187)
	at org.eclipse.lsp4j.jsonrpc.json.StreamMessageProducer.handleMessage(StreamMessageProducer.java:194)
	at org.eclipse.lsp4j.jsonrpc.json.StreamMessageProducer.listen(StreamMessageProducer.java:94)
	at org.eclipse.lsp4j.jsonrpc.json.ConcurrentMessageProcessor.run(ConcurrentMessageProcessor.java:113)
	at java.base/java.util.concurrent.Executors$RunnableAdapter.call(Executors.java:515)
	at java.base/java.util.concurrent.FutureTask.run(FutureTask.java:264)
	at java.base/java.util.concurrent.ThreadPoolExecutor.runWorker(ThreadPoolExecutor.java:1128)
	at java.base/java.util.concurrent.ThreadPoolExecutor$Worker.run(ThreadPoolExecutor.java:628)
	at java.base/java.lang.Thread.run(Thread.java:834)
Caused by: java.lang.reflect.InvocationTargetException
	at java.base/jdk.internal.reflect.NativeMethodAccessorImpl.invoke0(Native Method)
	at java.base/jdk.internal.reflect.NativeMethodAccessorImpl.invoke(NativeMethodAccessorImpl.java:62)
	at java.base/jdk.internal.reflect.DelegatingMethodAccessorImpl.invoke(DelegatingMethodAccessorImpl.java:43)
	at java.base/java.lang.reflect.Method.invoke(Method.java:566)
	at org.eclipse.lsp4j.jsonrpc.services.GenericEndpoint.lambda$null$0(GenericEndpoint.java:65)
	... 11 more
Caused by: java.lang.IllegalArgumentException: Illegal character in opaque part at index 26: jar:file:///C:/Users/Parth Panara/AppData/Local/Coursier/cache/v1/https/repo1.maven.org/maven2/org/scalatest/scalatest-funsuite_2.13/3.2.15/scalatest-funsuite_2.13-3.2.15-sources.jar!/org/scalatest/funsuite/AnyFunSuiteLike.scala
	at java.base/java.net.URI.create(URI.java:883)
	at scala.meta.internal.mtags.MtagsEnrichments$XtensionStringMtags.toAbsolutePath(MtagsEnrichments.scala:139)
	at scala.meta.internal.mtags.MtagsEnrichments$XtensionStringMtags.toAbsolutePath(MtagsEnrichments.scala:137)
	at scala.meta.internal.metals.MetalsEnrichments$XtensionString.toAbsolutePath(MetalsEnrichments.scala:609)
	at scala.meta.internal.metals.MetalsEnrichments$XtensionString.toAbsolutePath(MetalsEnrichments.scala:606)
	at scala.meta.internal.metals.MetalsLanguageServer.didOpen(MetalsLanguageServer.scala:1077)
	... 16 more
Caused by: java.net.URISyntaxException: Illegal character in opaque part at index 26: jar:file:///C:/Users/Parth Panara/AppData/Local/Coursier/cache/v1/https/repo1.maven.org/maven2/org/scalatest/scalatest-funsuite_2.13/3.2.15/scalatest-funsuite_2.13-3.2.15-sources.jar!/org/scalatest/funsuite/AnyFunSuiteLike.scala
	at java.base/java.net.URI$Parser.fail(URI.java:2913)
	at java.base/java.net.URI$Parser.checkChars(URI.java:3084)
	at java.base/java.net.URI$Parser.parse(URI.java:3120)
	at java.base/java.net.URI.<init>(URI.java:600)
	at java.base/java.net.URI.create(URI.java:881)
	... 21 more

Mar 12, 2023 5:21:15 PM org.eclipse.lsp4j.jsonrpc.RemoteEndpoint handleNotification
WARNING: Notification threw an exception: {
  "jsonrpc": "2.0",
  "method": "textDocument/didClose",
  "params": {
    "textDocument": {
      "uri": "jar:file%3A///C%3A/Users/Parth%20Panara/AppData/Local/Coursier/cache/v1/https/repo1.maven.org/maven2/org/scalatest/scalatest-funsuite_2.13/3.2.15/scalatest-funsuite_2.13-3.2.15-sources.jar%21/org/scalatest/funsuite/AnyFunSuiteLike.scala"
    }
  }
}
java.lang.RuntimeException: java.lang.reflect.InvocationTargetException
	at org.eclipse.lsp4j.jsonrpc.services.GenericEndpoint.lambda$null$0(GenericEndpoint.java:67)
	at org.eclipse.lsp4j.jsonrpc.services.GenericEndpoint.notify(GenericEndpoint.java:152)
	at org.eclipse.lsp4j.jsonrpc.RemoteEndpoint.handleNotification(RemoteEndpoint.java:220)
	at org.eclipse.lsp4j.jsonrpc.RemoteEndpoint.consume(RemoteEndpoint.java:187)
	at org.eclipse.lsp4j.jsonrpc.json.StreamMessageProducer.handleMessage(StreamMessageProducer.java:194)
	at org.eclipse.lsp4j.jsonrpc.json.StreamMessageProducer.listen(StreamMessageProducer.java:94)
	at org.eclipse.lsp4j.jsonrpc.json.ConcurrentMessageProcessor.run(ConcurrentMessageProcessor.java:113)
	at java.base/java.util.concurrent.Executors$RunnableAdapter.call(Executors.java:515)
	at java.base/java.util.concurrent.FutureTask.run(FutureTask.java:264)
	at java.base/java.util.concurrent.ThreadPoolExecutor.runWorker(ThreadPoolExecutor.java:1128)
	at java.base/java.util.concurrent.ThreadPoolExecutor$Worker.run(ThreadPoolExecutor.java:628)
	at java.base/java.lang.Thread.run(Thread.java:834)
Caused by: java.lang.reflect.InvocationTargetException
	at java.base/jdk.internal.reflect.NativeMethodAccessorImpl.invoke0(Native Method)
	at java.base/jdk.internal.reflect.NativeMethodAccessorImpl.invoke(NativeMethodAccessorImpl.java:62)
	at java.base/jdk.internal.reflect.DelegatingMethodAccessorImpl.invoke(DelegatingMethodAccessorImpl.java:43)
	at java.base/java.lang.reflect.Method.invoke(Method.java:566)
	at org.eclipse.lsp4j.jsonrpc.services.GenericEndpoint.lambda$null$0(GenericEndpoint.java:65)
	... 11 more
Caused by: java.lang.IllegalArgumentException: Illegal character in opaque part at index 26: jar:file:///C:/Users/Parth Panara/AppData/Local/Coursier/cache/v1/https/repo1.maven.org/maven2/org/scalatest/scalatest-funsuite_2.13/3.2.15/scalatest-funsuite_2.13-3.2.15-sources.jar!/org/scalatest/funsuite/AnyFunSuiteLike.scala
	at java.base/java.net.URI.create(URI.java:883)
	at scala.meta.internal.mtags.MtagsEnrichments$XtensionStringMtags.toAbsolutePath(MtagsEnrichments.scala:139)
	at scala.meta.internal.mtags.MtagsEnrichments$XtensionStringMtags.toAbsolutePath(MtagsEnrichments.scala:137)
	at scala.meta.internal.metals.MetalsEnrichments$XtensionString.toAbsolutePath(MetalsEnrichments.scala:609)
	at scala.meta.internal.metals.MetalsEnrichments$XtensionString.toAbsolutePath(MetalsEnrichments.scala:606)
	at scala.meta.internal.metals.MetalsLanguageServer.didClose(MetalsLanguageServer.scala:1253)
	... 16 more
Caused by: java.net.URISyntaxException: Illegal character in opaque part at index 26: jar:file:///C:/Users/Parth Panara/AppData/Local/Coursier/cache/v1/https/repo1.maven.org/maven2/org/scalatest/scalatest-funsuite_2.13/3.2.15/scalatest-funsuite_2.13-3.2.15-sources.jar!/org/scalatest/funsuite/AnyFunSuiteLike.scala
	at java.base/java.net.URI$Parser.fail(URI.java:2913)
	at java.base/java.net.URI$Parser.checkChars(URI.java:3084)
	at java.base/java.net.URI$Parser.parse(URI.java:3120)
	at java.base/java.net.URI.<init>(URI.java:600)
	at java.base/java.net.URI.create(URI.java:881)
	... 21 more

2023.03.12 17:22:42 INFO  compiling funsets-test (1 scala source)
2023.03.12 17:22:44 INFO  time: compiled funsets-test in 1.71s
2023.03.12 17:22:49 INFO  tracing is disabled for protocol dap-server, to enable tracing of incoming and outgoing JSON messages create an empty file at C:\Users\Parth Panara\Desktop\NJIT Learning materials\DS 644 Introduction to Big Data\Projects\Project1\funsets\.metals\dap-server.trace.json or C:\Users\Parth Panara\AppData\Local\scalameta\metals\cache\dap-server.trace.json
2023.03.12 17:22:49 INFO  tracing is disabled for protocol dap-client, to enable tracing of incoming and outgoing JSON messages create an empty file at C:\Users\Parth Panara\Desktop\NJIT Learning materials\DS 644 Introduction to Big Data\Projects\Project1\funsets\.metals\dap-client.trace.json or C:\Users\Parth Panara\AppData\Local\scalameta\metals\cache\dap-client.trace.json
2023.03.12 17:22:49 INFO  Starting debug proxy for [funsets.FunSetsSuite()]
2023.03.12 17:22:52 INFO  Trying to attach to remote debuggee VM kubernetes.docker.internal:53539 .
2023.03.12 17:22:52 INFO  Attaching to debuggee VM succeeded.
2023.03.12 17:22:54 INFO  Canceling debug proxy for [funsets.FunSetsSuite()]
2023.03.12 17:22:54 INFO  Closing debug server tcp://0.0.0.0:53533
Exception in thread "pool-5-thread-1" java.lang.InterruptedException
	at scala.meta.internal.metals.FutureCancelToken.checkCanceled(FutureCancelToken.scala:29)
	at scala.meta.internal.pc.CompilerAccess.$anonfun$onCompilerJobQueue$1(CompilerAccess.scala:195)
	at scala.meta.internal.pc.CompilerJobQueue$Job.run(CompilerJobQueue.scala:152)
	at java.base/java.util.concurrent.ThreadPoolExecutor.runWorker(ThreadPoolExecutor.java:1128)
	at java.base/java.util.concurrent.ThreadPoolExecutor$Worker.run(ThreadPoolExecutor.java:628)
	at java.base/java.lang.Thread.run(Thread.java:834)
2023.03.12 17:28:12 INFO  compiling funsets-test (1 scala source)
2023.03.12 17:28:12 INFO  time: compiled funsets-test in 0.7s
Mar 12, 2023 5:28:13 PM org.eclipse.lsp4j.jsonrpc.RemoteEndpoint fallbackResponseError
SEVERE: Internal error: scala.meta.internal.metals.debug.DebugProvider$WorkspaceErrorsException$: Cannot run class, since the workspace has errors.
java.util.concurrent.CompletionException: scala.meta.internal.metals.debug.DebugProvider$WorkspaceErrorsException$: Cannot run class, since the workspace has errors.
	at java.base/java.util.concurrent.CompletableFuture.encodeThrowable(CompletableFuture.java:331)
	at java.base/java.util.concurrent.CompletableFuture.completeThrowable(CompletableFuture.java:346)
	at java.base/java.util.concurrent.CompletableFuture$UniAccept.tryFire(CompletableFuture.java:704)
	at java.base/java.util.concurrent.CompletableFuture.postComplete(CompletableFuture.java:506)
	at java.base/java.util.concurrent.CompletableFuture.completeExceptionally(CompletableFuture.java:2088)
	at scala.concurrent.java8.FuturesConvertersImpl$CF.apply(FutureConvertersImpl.scala:29)
	at scala.concurrent.java8.FuturesConvertersImpl$CF.apply(FutureConvertersImpl.scala:26)
	at scala.concurrent.impl.Promise$Transformation.run(Promise.scala:484)
	at scala.concurrent.ExecutionContext$parasitic$.execute(ExecutionContext.scala:222)
	at scala.concurrent.impl.Promise$Transformation.submitWithValue(Promise.scala:429)
	at scala.concurrent.impl.Promise$DefaultPromise.submitWithValue(Promise.scala:338)
	at scala.concurrent.impl.Promise$DefaultPromise.tryComplete0(Promise.scala:285)
	at scala.concurrent.impl.Promise$Transformation.run(Promise.scala:504)
	at java.base/java.util.concurrent.ThreadPoolExecutor.runWorker(ThreadPoolExecutor.java:1128)
	at java.base/java.util.concurrent.ThreadPoolExecutor$Worker.run(ThreadPoolExecutor.java:628)
	at java.base/java.lang.Thread.run(Thread.java:834)
Caused by: scala.meta.internal.metals.debug.DebugProvider$WorkspaceErrorsException$: Cannot run class, since the workspace has errors.
	at scala.meta.internal.metals.debug.DebugProvider$WorkspaceErrorsException$.<clinit>(DebugProvider.scala:873)
	at scala.meta.internal.metals.debug.DebugProvider.ensureNoWorkspaceErrors(DebugProvider.scala:383)
	at scala.meta.internal.metals.debug.DebugProvider.$anonfun$resolveTestSelectionParams$3(DebugProvider.scala:606)
	at scala.concurrent.impl.Promise$Transformation.run(Promise.scala:470)
	... 3 more

2023.03.12 17:28:12 INFO  compiling funsets-test (1 scala source)
2023.03.12 17:28:14 INFO  time: compiled funsets-test in 0.77s
2023.03.12 17:29:25 INFO  compiling funsets-test (1 scala source)
2023.03.12 17:29:25 INFO  time: compiled funsets-test in 0.56s
Mar 12, 2023 5:29:26 PM org.eclipse.lsp4j.jsonrpc.RemoteEndpoint fallbackResponseError
SEVERE: Internal error: scala.meta.internal.metals.debug.DebugProvider$WorkspaceErrorsException$: Cannot run class, since the workspace has errors.
java.util.concurrent.CompletionException: scala.meta.internal.metals.debug.DebugProvider$WorkspaceErrorsException$: Cannot run class, since the workspace has errors.
	at java.base/java.util.concurrent.CompletableFuture.encodeThrowable(CompletableFuture.java:331)
	at java.base/java.util.concurrent.CompletableFuture.completeThrowable(CompletableFuture.java:346)
	at java.base/java.util.concurrent.CompletableFuture$UniAccept.tryFire(CompletableFuture.java:704)
	at java.base/java.util.concurrent.CompletableFuture.postComplete(CompletableFuture.java:506)
	at java.base/java.util.concurrent.CompletableFuture.completeExceptionally(CompletableFuture.java:2088)
	at scala.concurrent.java8.FuturesConvertersImpl$CF.apply(FutureConvertersImpl.scala:29)
	at scala.concurrent.java8.FuturesConvertersImpl$CF.apply(FutureConvertersImpl.scala:26)
	at scala.concurrent.impl.Promise$Transformation.run(Promise.scala:484)
	at scala.concurrent.ExecutionContext$parasitic$.execute(ExecutionContext.scala:222)
	at scala.concurrent.impl.Promise$Transformation.submitWithValue(Promise.scala:429)
	at scala.concurrent.impl.Promise$DefaultPromise.submitWithValue(Promise.scala:338)
	at scala.concurrent.impl.Promise$DefaultPromise.tryComplete0(Promise.scala:285)
	at scala.concurrent.impl.Promise$Transformation.run(Promise.scala:504)
	at java.base/java.util.concurrent.ThreadPoolExecutor.runWorker(ThreadPoolExecutor.java:1128)
	at java.base/java.util.concurrent.ThreadPoolExecutor$Worker.run(ThreadPoolExecutor.java:628)
	at java.base/java.lang.Thread.run(Thread.java:834)
Caused by: scala.meta.internal.metals.debug.DebugProvider$WorkspaceErrorsException$: Cannot run class, since the workspace has errors.
	at scala.meta.internal.metals.debug.DebugProvider$WorkspaceErrorsException$.<clinit>(DebugProvider.scala:873)
	at scala.meta.internal.metals.debug.DebugProvider.ensureNoWorkspaceErrors(DebugProvider.scala:383)
	at scala.meta.internal.metals.debug.DebugProvider.$anonfun$resolveTestSelectionParams$3(DebugProvider.scala:606)
	at scala.concurrent.impl.Promise$Transformation.run(Promise.scala:470)
	... 3 more

2023.03.12 17:29:25 INFO  compiling funsets-test (1 scala source)
2023.03.12 17:29:27 INFO  time: compiled funsets-test in 0.73s
2023.03.12 17:37:56 INFO  compiling funsets-test (1 scala source)
2023.03.12 17:37:59 INFO  time: compiled funsets-test in 2.51s
2023.03.12 17:37:59 INFO  tracing is disabled for protocol dap-server, to enable tracing of incoming and outgoing JSON messages create an empty file at C:\Users\Parth Panara\Desktop\NJIT Learning materials\DS 644 Introduction to Big Data\Projects\Project1\funsets\.metals\dap-server.trace.json or C:\Users\Parth Panara\AppData\Local\scalameta\metals\cache\dap-server.trace.json
2023.03.12 17:37:59 INFO  tracing is disabled for protocol dap-client, to enable tracing of incoming and outgoing JSON messages create an empty file at C:\Users\Parth Panara\Desktop\NJIT Learning materials\DS 644 Introduction to Big Data\Projects\Project1\funsets\.metals\dap-client.trace.json or C:\Users\Parth Panara\AppData\Local\scalameta\metals\cache\dap-client.trace.json
2023.03.12 17:38:00 INFO  Starting debug proxy for [funsets.FunSetsSuite()]
2023.03.12 17:38:02 INFO  Trying to attach to remote debuggee VM kubernetes.docker.internal:53744 .
2023.03.12 17:38:02 INFO  Attaching to debuggee VM succeeded.
2023.03.12 17:38:04 INFO  Canceling debug proxy for [funsets.FunSetsSuite()]
2023.03.12 17:38:04 INFO  Closing debug server tcp://0.0.0.0:53738
2023.03.12 17:39:00 INFO  compiling funsets-test (1 scala source)
2023.03.12 17:39:02 INFO  time: compiled funsets-test in 2.07s
2023.03.12 17:39:02 INFO  Deduplicating compilation of funsets from bsp client 'Metals 0.11.9' (since 30m 21.987s)
2023.03.12 17:39:02 INFO  Deduplicating compilation of funsets-test from bsp client 'Metals 0.11.9' (since 30m 22.028s)
2023.03.12 17:39:02 INFO  tracing is disabled for protocol dap-server, to enable tracing of incoming and outgoing JSON messages create an empty file at C:\Users\Parth Panara\Desktop\NJIT Learning materials\DS 644 Introduction to Big Data\Projects\Project1\funsets\.metals\dap-server.trace.json or C:\Users\Parth Panara\AppData\Local\scalameta\metals\cache\dap-server.trace.json
2023.03.12 17:39:02 INFO  tracing is disabled for protocol dap-client, to enable tracing of incoming and outgoing JSON messages create an empty file at C:\Users\Parth Panara\Desktop\NJIT Learning materials\DS 644 Introduction to Big Data\Projects\Project1\funsets\.metals\dap-client.trace.json or C:\Users\Parth Panara\AppData\Local\scalameta\metals\cache\dap-client.trace.json
2023.03.12 17:39:02 INFO  Starting debug proxy for [funsets.FunSetsSuite()]
2023.03.12 17:39:05 INFO  Trying to attach to remote debuggee VM kubernetes.docker.internal:53778 .
2023.03.12 17:39:05 INFO  Attaching to debuggee VM succeeded.
2023.03.12 17:39:06 INFO  Canceling debug proxy for [funsets.FunSetsSuite()]
2023.03.12 17:39:06 INFO  Closing debug server tcp://0.0.0.0:53772
2023.03.12 17:42:55 INFO  Deduplicating compilation of funsets-test from bsp client 'Metals 0.11.9' (since 34m 15.206s)
2023.03.12 17:42:55 INFO  compiling funsets-test (1 scala source)
2023.03.12 17:42:55 INFO  compiling funsets-test (1 scala source)
2023.03.12 17:42:58 INFO  time: compiled funsets-test in 2.52s
2023.03.12 17:42:58 INFO  tracing is disabled for protocol dap-server, to enable tracing of incoming and outgoing JSON messages create an empty file at C:\Users\Parth Panara\Desktop\NJIT Learning materials\DS 644 Introduction to Big Data\Projects\Project1\funsets\.metals\dap-server.trace.json or C:\Users\Parth Panara\AppData\Local\scalameta\metals\cache\dap-server.trace.json
2023.03.12 17:42:58 INFO  tracing is disabled for protocol dap-client, to enable tracing of incoming and outgoing JSON messages create an empty file at C:\Users\Parth Panara\Desktop\NJIT Learning materials\DS 644 Introduction to Big Data\Projects\Project1\funsets\.metals\dap-client.trace.json or C:\Users\Parth Panara\AppData\Local\scalameta\metals\cache\dap-client.trace.json
2023.03.12 17:42:58 INFO  Starting debug proxy for [funsets.FunSetsSuite()]
2023.03.12 17:43:01 INFO  Trying to attach to remote debuggee VM kubernetes.docker.internal:53997 .
2023.03.12 17:43:01 INFO  Attaching to debuggee VM succeeded.
2023.03.12 17:43:02 INFO  Canceling debug proxy for [funsets.FunSetsSuite()]
2023.03.12 17:43:02 INFO  Closing debug server tcp://0.0.0.0:53989
2023.03.12 17:44:31 INFO  tracing is disabled for protocol dap-server, to enable tracing of incoming and outgoing JSON messages create an empty file at C:\Users\Parth Panara\Desktop\NJIT Learning materials\DS 644 Introduction to Big Data\Projects\Project1\funsets\.metals\dap-server.trace.json or C:\Users\Parth Panara\AppData\Local\scalameta\metals\cache\dap-server.trace.json
2023.03.12 17:44:32 INFO  compiling funsets-test (1 scala source)
2023.03.12 17:44:31 INFO  tracing is disabled for protocol dap-client, to enable tracing of incoming and outgoing JSON messages create an empty file at C:\Users\Parth Panara\Desktop\NJIT Learning materials\DS 644 Introduction to Big Data\Projects\Project1\funsets\.metals\dap-client.trace.json or C:\Users\Parth Panara\AppData\Local\scalameta\metals\cache\dap-client.trace.json
2023.03.12 17:44:32 INFO  Starting debug proxy for [funsets.FunSetsSuite()]
2023.03.12 17:44:32 WARN  Could not load snapshot text for C:\Users\Parth Panara\Desktop\NJIT Learning materials\DS 644 Introduction to Big Data\Projects\Project1\funsets\src\test\scala\funsets\FunSetsSuite.scala
2023.03.12 17:44:35 INFO  time: compiled funsets-test in 2.87s
2023.03.12 17:44:36 INFO  Trying to attach to remote debuggee VM kubernetes.docker.internal:54033 .
2023.03.12 17:44:36 INFO  Attaching to debuggee VM succeeded.
2023.03.12 17:44:38 INFO  Canceling debug proxy for [funsets.FunSetsSuite()]
2023.03.12 17:44:38 INFO  Closing debug server tcp://0.0.0.0:54022
2023.03.12 17:46:37 INFO  compiling funsets-test (1 scala source)
2023.03.12 17:46:40 INFO  time: compiled funsets-test in 2.45s
2023.03.12 17:46:40 INFO  Deduplicating compilation of funsets from bsp client 'Metals 0.11.9' (since 38m 0.213s)
2023.03.12 17:46:40 INFO  Deduplicating compilation of funsets-test from bsp client 'Metals 0.11.9' (since 38m 0.268s)
2023.03.12 17:46:40 INFO  tracing is disabled for protocol dap-server, to enable tracing of incoming and outgoing JSON messages create an empty file at C:\Users\Parth Panara\Desktop\NJIT Learning materials\DS 644 Introduction to Big Data\Projects\Project1\funsets\.metals\dap-server.trace.json or C:\Users\Parth Panara\AppData\Local\scalameta\metals\cache\dap-server.trace.json
2023.03.12 17:46:40 INFO  tracing is disabled for protocol dap-client, to enable tracing of incoming and outgoing JSON messages create an empty file at C:\Users\Parth Panara\Desktop\NJIT Learning materials\DS 644 Introduction to Big Data\Projects\Project1\funsets\.metals\dap-client.trace.json or C:\Users\Parth Panara\AppData\Local\scalameta\metals\cache\dap-client.trace.json
2023.03.12 17:46:41 INFO  Starting debug proxy for [funsets.FunSetsSuite()]
2023.03.12 17:46:43 INFO  Trying to attach to remote debuggee VM kubernetes.docker.internal:54100 .
2023.03.12 17:46:43 INFO  Attaching to debuggee VM succeeded.
2023.03.12 17:46:45 INFO  Canceling debug proxy for [funsets.FunSetsSuite()]
2023.03.12 17:46:45 INFO  Closing debug server tcp://0.0.0.0:54094
2023.03.12 17:48:11 INFO  Deduplicating compilation of funsets-test from bsp client 'Metals 0.11.9' (since 39m 31.663s)
2023.03.12 17:48:11 INFO  compiling funsets-test (1 scala source)
2023.03.12 17:48:11 INFO  compiling funsets-test (1 scala source)
2023.03.12 17:48:14 INFO  time: compiled funsets-test in 2.27s
2023.03.12 17:48:14 INFO  tracing is disabled for protocol dap-server, to enable tracing of incoming and outgoing JSON messages create an empty file at C:\Users\Parth Panara\Desktop\NJIT Learning materials\DS 644 Introduction to Big Data\Projects\Project1\funsets\.metals\dap-server.trace.json or C:\Users\Parth Panara\AppData\Local\scalameta\metals\cache\dap-server.trace.json
2023.03.12 17:48:14 INFO  tracing is disabled for protocol dap-client, to enable tracing of incoming and outgoing JSON messages create an empty file at C:\Users\Parth Panara\Desktop\NJIT Learning materials\DS 644 Introduction to Big Data\Projects\Project1\funsets\.metals\dap-client.trace.json or C:\Users\Parth Panara\AppData\Local\scalameta\metals\cache\dap-client.trace.json
2023.03.12 17:48:14 INFO  Starting debug proxy for [funsets.FunSetsSuite()]
2023.03.12 17:48:17 INFO  Trying to attach to remote debuggee VM kubernetes.docker.internal:54148 .
2023.03.12 17:48:17 INFO  Attaching to debuggee VM succeeded.
2023.03.12 17:48:19 INFO  Canceling debug proxy for [funsets.FunSetsSuite()]
2023.03.12 17:48:19 INFO  Closing debug server tcp://0.0.0.0:54136
2023.03.12 17:49:14 INFO  tracing is disabled for protocol dap-server, to enable tracing of incoming and outgoing JSON messages create an empty file at C:\Users\Parth Panara\Desktop\NJIT Learning materials\DS 644 Introduction to Big Data\Projects\Project1\funsets\.metals\dap-server.trace.json or C:\Users\Parth Panara\AppData\Local\scalameta\metals\cache\dap-server.trace.json
2023.03.12 17:49:14 INFO  compiling funsets-test (1 scala source)
2023.03.12 17:49:14 WARN  Could not load snapshot text for C:\Users\Parth Panara\Desktop\NJIT Learning materials\DS 644 Introduction to Big Data\Projects\Project1\funsets\src\test\scala\funsets\FunSetsSuite.scala
2023.03.12 17:49:14 INFO  tracing is disabled for protocol dap-client, to enable tracing of incoming and outgoing JSON messages create an empty file at C:\Users\Parth Panara\Desktop\NJIT Learning materials\DS 644 Introduction to Big Data\Projects\Project1\funsets\.metals\dap-client.trace.json or C:\Users\Parth Panara\AppData\Local\scalameta\metals\cache\dap-client.trace.json
2023.03.12 17:49:15 INFO  Starting debug proxy for [funsets.FunSetsSuite()]
2023.03.12 17:49:17 INFO  time: compiled funsets-test in 3.01s
2023.03.12 17:49:19 INFO  Trying to attach to remote debuggee VM kubernetes.docker.internal:54186 .
2023.03.12 17:49:19 INFO  Attaching to debuggee VM succeeded.
2023.03.12 17:49:20 INFO  Canceling debug proxy for [funsets.FunSetsSuite()]
2023.03.12 17:49:20 INFO  Closing debug server tcp://0.0.0.0:54174
2023.03.12 17:50:14 INFO  compiling funsets-test (1 scala source)
2023.03.12 17:50:16 INFO  time: compiled funsets-test in 2.19s
2023.03.12 17:50:16 INFO  Deduplicating compilation of funsets from bsp client 'Metals 0.11.9' (since 41m 36.087s)
2023.03.12 17:50:16 INFO  Deduplicating compilation of funsets-test from bsp client 'Metals 0.11.9' (since 41m 36.194s)
2023.03.12 17:50:16 INFO  tracing is disabled for protocol dap-server, to enable tracing of incoming and outgoing JSON messages create an empty file at C:\Users\Parth Panara\Desktop\NJIT Learning materials\DS 644 Introduction to Big Data\Projects\Project1\funsets\.metals\dap-server.trace.json or C:\Users\Parth Panara\AppData\Local\scalameta\metals\cache\dap-server.trace.json
2023.03.12 17:50:16 INFO  tracing is disabled for protocol dap-client, to enable tracing of incoming and outgoing JSON messages create an empty file at C:\Users\Parth Panara\Desktop\NJIT Learning materials\DS 644 Introduction to Big Data\Projects\Project1\funsets\.metals\dap-client.trace.json or C:\Users\Parth Panara\AppData\Local\scalameta\metals\cache\dap-client.trace.json
2023.03.12 17:50:16 INFO  Starting debug proxy for [funsets.FunSetsSuite()]
2023.03.12 17:50:19 INFO  Trying to attach to remote debuggee VM kubernetes.docker.internal:54222 .
2023.03.12 17:50:19 INFO  Attaching to debuggee VM succeeded.
2023.03.12 17:50:21 INFO  Canceling debug proxy for [funsets.FunSetsSuite()]
2023.03.12 17:50:21 INFO  Closing debug server tcp://0.0.0.0:54216
2023.03.12 17:50:43 INFO  compiling funsets-test (1 scala source)
2023.03.12 17:50:43 INFO  Deduplicating compilation of funsets-test from bsp client 'Metals 0.11.9' (since 42m 3.096s)
2023.03.12 17:50:43 INFO  compiling funsets-test (1 scala source)
2023.03.12 17:50:45 INFO  time: compiled funsets-test in 2.23s
2023.03.12 17:50:45 INFO  tracing is disabled for protocol dap-server, to enable tracing of incoming and outgoing JSON messages create an empty file at C:\Users\Parth Panara\Desktop\NJIT Learning materials\DS 644 Introduction to Big Data\Projects\Project1\funsets\.metals\dap-server.trace.json or C:\Users\Parth Panara\AppData\Local\scalameta\metals\cache\dap-server.trace.json
2023.03.12 17:50:46 INFO  tracing is disabled for protocol dap-client, to enable tracing of incoming and outgoing JSON messages create an empty file at C:\Users\Parth Panara\Desktop\NJIT Learning materials\DS 644 Introduction to Big Data\Projects\Project1\funsets\.metals\dap-client.trace.json or C:\Users\Parth Panara\AppData\Local\scalameta\metals\cache\dap-client.trace.json
2023.03.12 17:50:46 INFO  Starting debug proxy for [funsets.FunSetsSuite()]
2023.03.12 17:50:49 INFO  Trying to attach to remote debuggee VM kubernetes.docker.internal:54244 .
2023.03.12 17:50:49 INFO  Attaching to debuggee VM succeeded.
2023.03.12 17:50:50 INFO  Canceling debug proxy for [funsets.FunSetsSuite()]
2023.03.12 17:50:50 INFO  Closing debug server tcp://0.0.0.0:54236
2023.03.12 18:03:43 INFO  time: evaluated worksheet 'Work.worksheet.sc' in 0.76s
2023.03.12 18:04:02 INFO  time: evaluated worksheet 'Work.worksheet.sc' in 0.53s
2023.03.12 18:04:13 INFO  time: evaluated worksheet 'Work.worksheet.sc' in 0.68s
2023.03.12 18:04:35 INFO  time: evaluated worksheet 'Work.worksheet.sc' in 1.04s
2023.03.12 19:46:50 INFO  compiling funsets (1 scala source)
2023.03.12 19:46:51 INFO  time: compiled funsets in 1.43s
2023.03.12 19:47:02 INFO  tracing is disabled for protocol dap-server, to enable tracing of incoming and outgoing JSON messages create an empty file at C:\Users\Parth Panara\Desktop\NJIT Learning materials\DS 644 Introduction to Big Data\Projects\Project1\funsets\.metals\dap-server.trace.json or C:\Users\Parth Panara\AppData\Local\scalameta\metals\cache\dap-server.trace.json
2023.03.12 19:47:02 INFO  tracing is disabled for protocol dap-client, to enable tracing of incoming and outgoing JSON messages create an empty file at C:\Users\Parth Panara\Desktop\NJIT Learning materials\DS 644 Introduction to Big Data\Projects\Project1\funsets\.metals\dap-client.trace.json or C:\Users\Parth Panara\AppData\Local\scalameta\metals\cache\dap-client.trace.json
2023.03.12 19:47:02 INFO  Starting debug proxy for [funsets.FunSetsSuite()]
2023.03.12 19:47:06 INFO  Trying to attach to remote debuggee VM kubernetes.docker.internal:55401 .
2023.03.12 19:47:06 INFO  Attaching to debuggee VM succeeded.
2023.03.12 19:47:07 INFO  Canceling debug proxy for [funsets.FunSetsSuite()]
2023.03.12 19:47:07 INFO  Closing debug server tcp://0.0.0.0:55395
2023.03.12 19:55:14 INFO  compiling funsets-test (1 scala source)
2023.03.12 19:55:15 INFO  time: compiled funsets-test in 1.34s
2023.03.12 20:14:52 INFO  Deduplicating compilation of funsets from bsp client 'Metals 0.11.9' (since 3h 6m 12.412s)
2023.03.12 20:14:52 INFO  compiling funsets (1 scala source)
2023.03.12 20:14:52 INFO  compiling funsets (1 scala source)
2023.03.12 20:14:54 INFO  time: compiled funsets in 1.31s
2023.03.12 20:14:54 INFO  tracing is disabled for protocol dap-server, to enable tracing of incoming and outgoing JSON messages create an empty file at C:\Users\Parth Panara\Desktop\NJIT Learning materials\DS 644 Introduction to Big Data\Projects\Project1\funsets\.metals\dap-server.trace.json or C:\Users\Parth Panara\AppData\Local\scalameta\metals\cache\dap-server.trace.json
2023.03.12 20:14:54 INFO  tracing is disabled for protocol dap-client, to enable tracing of incoming and outgoing JSON messages create an empty file at C:\Users\Parth Panara\Desktop\NJIT Learning materials\DS 644 Introduction to Big Data\Projects\Project1\funsets\.metals\dap-client.trace.json or C:\Users\Parth Panara\AppData\Local\scalameta\metals\cache\dap-client.trace.json
2023.03.12 20:14:54 INFO  Starting debug proxy for [funsets.FunSetsSuite()]
2023.03.12 20:14:57 INFO  Trying to attach to remote debuggee VM kubernetes.docker.internal:55669 .
2023.03.12 20:14:57 INFO  Attaching to debuggee VM succeeded.
2023.03.12 20:14:58 INFO  Canceling debug proxy for [funsets.FunSetsSuite()]
2023.03.12 20:14:58 INFO  Closing debug server tcp://0.0.0.0:55660
2023.03.12 20:17:27 INFO  compiling funsets (1 scala source)
2023.03.12 20:17:27 INFO  time: compiled funsets in 0.79s
2023.03.12 20:26:31 INFO  time: evaluated worksheet 'Work.worksheet.sc' in 0.75s
2023.03.12 20:26:57 INFO  time: evaluated worksheet 'Work.worksheet.sc' in 0.79s
2023.03.12 20:27:10 INFO  time: evaluated worksheet 'Work.worksheet.sc' in 0.56s
2023.03.12 20:27:20 INFO  time: evaluated worksheet 'Work.worksheet.sc' in 0.68s
2023.03.12 22:10:58 INFO  compiling funsets-test (1 scala source)
2023.03.12 22:11:02 INFO  time: compiled funsets-test in 3.75s
2023.03.12 22:11:02 INFO  Deduplicating compilation of funsets from bsp client 'Metals 0.11.9' (since 5h 2m 21.825s)
2023.03.12 22:11:02 INFO  Deduplicating compilation of funsets-test from bsp client 'Metals 0.11.9' (since 5h 2m 21.86s)
2023.03.12 22:11:02 INFO  tracing is disabled for protocol dap-server, to enable tracing of incoming and outgoing JSON messages create an empty file at C:\Users\Parth Panara\Desktop\NJIT Learning materials\DS 644 Introduction to Big Data\Projects\Project1\funsets\.metals\dap-server.trace.json or C:\Users\Parth Panara\AppData\Local\scalameta\metals\cache\dap-server.trace.json
2023.03.12 22:11:02 INFO  tracing is disabled for protocol dap-client, to enable tracing of incoming and outgoing JSON messages create an empty file at C:\Users\Parth Panara\Desktop\NJIT Learning materials\DS 644 Introduction to Big Data\Projects\Project1\funsets\.metals\dap-client.trace.json or C:\Users\Parth Panara\AppData\Local\scalameta\metals\cache\dap-client.trace.json
2023.03.12 22:11:03 INFO  Starting debug proxy for [funsets.FunSetsSuite()]
2023.03.12 22:11:07 INFO  Trying to attach to remote debuggee VM kubernetes.docker.internal:56194 .
2023.03.12 22:11:07 INFO  Attaching to debuggee VM succeeded.
2023.03.12 22:11:08 INFO  Canceling debug proxy for [funsets.FunSetsSuite()]
2023.03.12 22:11:08 INFO  Closing debug server tcp://0.0.0.0:56188
2023.03.12 22:12:45 INFO  compiling funsets-test (1 scala source)
2023.03.12 22:12:47 INFO  time: compiled funsets-test in 2.62s
2023.03.12 22:12:48 INFO  tracing is disabled for protocol dap-server, to enable tracing of incoming and outgoing JSON messages create an empty file at C:\Users\Parth Panara\Desktop\NJIT Learning materials\DS 644 Introduction to Big Data\Projects\Project1\funsets\.metals\dap-server.trace.json or C:\Users\Parth Panara\AppData\Local\scalameta\metals\cache\dap-server.trace.json
2023.03.12 22:12:48 INFO  tracing is disabled for protocol dap-client, to enable tracing of incoming and outgoing JSON messages create an empty file at C:\Users\Parth Panara\Desktop\NJIT Learning materials\DS 644 Introduction to Big Data\Projects\Project1\funsets\.metals\dap-client.trace.json or C:\Users\Parth Panara\AppData\Local\scalameta\metals\cache\dap-client.trace.json
2023.03.12 22:12:48 INFO  Starting debug proxy for [funsets.FunSetsSuite()]
2023.03.12 22:12:51 INFO  Trying to attach to remote debuggee VM kubernetes.docker.internal:56219 .
2023.03.12 22:12:51 INFO  Attaching to debuggee VM succeeded.
2023.03.12 22:12:55 INFO  Canceling debug proxy for [funsets.FunSetsSuite()]
2023.03.12 22:12:56 INFO  Closing debug server tcp://0.0.0.0:56213
2023.03.12 22:14:20 INFO  Deduplicating compilation of funsets-test from bsp client 'Metals 0.11.9' (since 5h 5m 40.643s)
2023.03.12 22:14:20 INFO  compiling funsets-test (1 scala source)
2023.03.12 22:14:20 INFO  compiling funsets-test (1 scala source)
2023.03.12 22:14:24 INFO  time: compiled funsets-test in 3.32s
2023.03.12 22:14:24 INFO  tracing is disabled for protocol dap-server, to enable tracing of incoming and outgoing JSON messages create an empty file at C:\Users\Parth Panara\Desktop\NJIT Learning materials\DS 644 Introduction to Big Data\Projects\Project1\funsets\.metals\dap-server.trace.json or C:\Users\Parth Panara\AppData\Local\scalameta\metals\cache\dap-server.trace.json
2023.03.12 22:14:24 INFO  tracing is disabled for protocol dap-client, to enable tracing of incoming and outgoing JSON messages create an empty file at C:\Users\Parth Panara\Desktop\NJIT Learning materials\DS 644 Introduction to Big Data\Projects\Project1\funsets\.metals\dap-client.trace.json or C:\Users\Parth Panara\AppData\Local\scalameta\metals\cache\dap-client.trace.json
2023.03.12 22:14:25 INFO  Starting debug proxy for [funsets.FunSetsSuite()]
2023.03.12 22:14:29 INFO  Trying to attach to remote debuggee VM kubernetes.docker.internal:56245 .
2023.03.12 22:14:29 INFO  Attaching to debuggee VM succeeded.
2023.03.12 22:14:30 INFO  Canceling debug proxy for [funsets.FunSetsSuite()]
2023.03.12 22:14:30 INFO  Closing debug server tcp://0.0.0.0:56237
2023.03.12 22:14:43 INFO  tracing is disabled for protocol dap-server, to enable tracing of incoming and outgoing JSON messages create an empty file at C:\Users\Parth Panara\Desktop\NJIT Learning materials\DS 644 Introduction to Big Data\Projects\Project1\funsets\.metals\dap-server.trace.json or C:\Users\Parth Panara\AppData\Local\scalameta\metals\cache\dap-server.trace.json
2023.03.12 22:14:43 INFO  tracing is disabled for protocol dap-client, to enable tracing of incoming and outgoing JSON messages create an empty file at C:\Users\Parth Panara\Desktop\NJIT Learning materials\DS 644 Introduction to Big Data\Projects\Project1\funsets\.metals\dap-client.trace.json or C:\Users\Parth Panara\AppData\Local\scalameta\metals\cache\dap-client.trace.json
2023.03.12 22:14:43 INFO  Starting debug proxy for [funsets.FunSetsSuite()]
2023.03.12 22:14:46 INFO  Trying to attach to remote debuggee VM kubernetes.docker.internal:56262 .
2023.03.12 22:14:46 INFO  Attaching to debuggee VM succeeded.
2023.03.12 22:14:48 INFO  Canceling debug proxy for [funsets.FunSetsSuite()]
2023.03.12 22:14:48 INFO  Closing debug server tcp://0.0.0.0:56256
2023.03.12 22:15:12 INFO  compiling funsets-test (1 scala source)
2023.03.12 22:15:14 INFO  time: compiled funsets-test in 2.69s
2023.03.12 22:15:14 INFO  Deduplicating compilation of funsets from bsp client 'Metals 0.11.9' (since 5h 6m 34.577s)
2023.03.12 22:15:14 INFO  Deduplicating compilation of funsets-test from bsp client 'Metals 0.11.9' (since 5h 6m 34.642s)
2023.03.12 22:15:15 INFO  tracing is disabled for protocol dap-server, to enable tracing of incoming and outgoing JSON messages create an empty file at C:\Users\Parth Panara\Desktop\NJIT Learning materials\DS 644 Introduction to Big Data\Projects\Project1\funsets\.metals\dap-server.trace.json or C:\Users\Parth Panara\AppData\Local\scalameta\metals\cache\dap-server.trace.json
2023.03.12 22:15:15 INFO  tracing is disabled for protocol dap-client, to enable tracing of incoming and outgoing JSON messages create an empty file at C:\Users\Parth Panara\Desktop\NJIT Learning materials\DS 644 Introduction to Big Data\Projects\Project1\funsets\.metals\dap-client.trace.json or C:\Users\Parth Panara\AppData\Local\scalameta\metals\cache\dap-client.trace.json
2023.03.12 22:15:15 INFO  Starting debug proxy for [funsets.FunSetsSuite()]
2023.03.12 22:15:19 INFO  Trying to attach to remote debuggee VM kubernetes.docker.internal:56283 .
2023.03.12 22:15:19 INFO  Attaching to debuggee VM succeeded.
2023.03.12 22:15:21 INFO  Canceling debug proxy for [funsets.FunSetsSuite()]
2023.03.12 22:15:21 INFO  Closing debug server tcp://0.0.0.0:56277
Mar 12, 2023 10:17:29 PM org.eclipse.lsp4j.jsonrpc.RemoteEndpoint handleCancellation
WARNING: Unmatched cancel notification for request id 2133
2023.03.12 22:17:55 INFO  compiling funsets-test (1 scala source)
2023.03.12 22:17:56 INFO  time: compiled funsets-test in 1.78s
2023.03.12 22:17:56 INFO  Deduplicating compilation of funsets from bsp client 'Metals 0.11.9' (since 5h 9m 16.691s)
2023.03.12 22:17:56 INFO  Deduplicating compilation of funsets-test from bsp client 'Metals 0.11.9' (since 5h 9m 16.744s)
2023.03.12 22:17:57 INFO  tracing is disabled for protocol dap-server, to enable tracing of incoming and outgoing JSON messages create an empty file at C:\Users\Parth Panara\Desktop\NJIT Learning materials\DS 644 Introduction to Big Data\Projects\Project1\funsets\.metals\dap-server.trace.json or C:\Users\Parth Panara\AppData\Local\scalameta\metals\cache\dap-server.trace.json
2023.03.12 22:17:57 INFO  tracing is disabled for protocol dap-client, to enable tracing of incoming and outgoing JSON messages create an empty file at C:\Users\Parth Panara\Desktop\NJIT Learning materials\DS 644 Introduction to Big Data\Projects\Project1\funsets\.metals\dap-client.trace.json or C:\Users\Parth Panara\AppData\Local\scalameta\metals\cache\dap-client.trace.json
2023.03.12 22:17:57 INFO  Starting debug proxy for [funsets.FunSetsSuite()]
2023.03.12 22:18:01 INFO  Trying to attach to remote debuggee VM kubernetes.docker.internal:56316 .
2023.03.12 22:18:01 INFO  Attaching to debuggee VM succeeded.
2023.03.12 22:18:02 INFO  Canceling debug proxy for [funsets.FunSetsSuite()]
2023.03.12 22:18:02 INFO  Closing debug server tcp://0.0.0.0:56310
2023.03.12 22:18:47 INFO  tracing is disabled for protocol dap-server, to enable tracing of incoming and outgoing JSON messages create an empty file at C:\Users\Parth Panara\Desktop\NJIT Learning materials\DS 644 Introduction to Big Data\Projects\Project1\funsets\.metals\dap-server.trace.json or C:\Users\Parth Panara\AppData\Local\scalameta\metals\cache\dap-server.trace.json
2023.03.12 22:18:47 INFO  tracing is disabled for protocol dap-client, to enable tracing of incoming and outgoing JSON messages create an empty file at C:\Users\Parth Panara\Desktop\NJIT Learning materials\DS 644 Introduction to Big Data\Projects\Project1\funsets\.metals\dap-client.trace.json or C:\Users\Parth Panara\AppData\Local\scalameta\metals\cache\dap-client.trace.json
2023.03.12 22:18:47 INFO  Starting debug proxy for [funsets.FunSetsSuite()]
2023.03.12 22:18:50 INFO  Trying to attach to remote debuggee VM kubernetes.docker.internal:56340 .
2023.03.12 22:18:50 INFO  Attaching to debuggee VM succeeded.
2023.03.12 22:18:52 INFO  Canceling debug proxy for [funsets.FunSetsSuite()]
2023.03.12 22:18:52 INFO  Closing debug server tcp://0.0.0.0:56333
2023.03.19 22:44:42 INFO  tracing is disabled for protocol LSP, to enable tracing of incoming and outgoing JSON messages create an empty file at c:\Users\Parth Panara\Desktop\NJIT Learning materials\DS 644 Introduction to Big Data\Projects\Project1\funsets\.metals\lsp.trace.json or C:\Users\Parth Panara\AppData\Local\scalameta\metals\cache\lsp.trace.json
2023.03.19 22:44:48 INFO  logging to file C:\Users\Parth Panara\Desktop\NJIT Learning materials\DS 644 Introduction to Big Data\Projects\Project1\funsets\.metals\metals.log
2023.03.19 22:44:48 INFO  Started: Metals version 0.11.9 in workspace 'C:\Users\Parth Panara\Desktop\NJIT Learning materials\DS 644 Introduction to Big Data\Projects\Project1\funsets' for client Visual Studio Code 1.74.3.
2023.03.19 22:44:59 INFO  time: initialize in 11s
2023.03.19 22:45:04 INFO  Attempting to connect to the build server...
2023.03.19 22:45:04 INFO  Bloop uses C:\Program Files\Java\jdk-11 defined at C:\Users\Parth Panara\.bloop\bloop.json
2023.03.19 22:45:04 INFO  skipping build import with status 'Installed'
2023.03.19 22:45:33 INFO  tracing is disabled for protocol BSP, to enable tracing of incoming and outgoing JSON messages create an empty file at C:\Users\Parth Panara\Desktop\NJIT Learning materials\DS 644 Introduction to Big Data\Projects\Project1\funsets\.metals\bsp.trace.json or C:\Users\Parth Panara\AppData\Local\scalameta\metals\cache\bsp.trace.json
2023.03.19 22:45:34 INFO  no build target found for C:\Users\Parth Panara\Desktop\NJIT Learning materials\DS 644 Introduction to Big Data\Projects\Project1\funsets\src\main\scala\funsets\FunSets.scala. Using presentation compiler with project's scala-library version: 3.2.0
2023.03.19 22:45:36 INFO  Attempting to connect to the build server...
2023.03.19 22:45:36 INFO  Bloop uses C:\Program Files\Java\jdk-11 defined at C:\Users\Parth Panara\.bloop\bloop.json
2023.03.19 22:45:36 INFO  tracing is disabled for protocol BSP, to enable tracing of incoming and outgoing JSON messages create an empty file at C:\Users\Parth Panara\Desktop\NJIT Learning materials\DS 644 Introduction to Big Data\Projects\Project1\funsets\project\.metals\bsp.trace.json or C:\Users\Parth Panara\AppData\Local\scalameta\metals\cache\bsp.trace.json
2023.03.19 22:45:36 INFO  time: Connected to build server in 32s
2023.03.19 22:45:36 INFO  Connected to Build server: Bloop v1.5.4
2023.03.19 22:45:40 INFO  time: Imported build in 3.76s
2023.03.19 22:45:55 INFO  time: code lens generation in 49s
2023.03.19 22:46:11 INFO  time: indexed workspace in 30s
2023.03.19 23:45:44 INFO  shutting down Metals
2023.03.19 23:45:45 INFO  Shut down connection with build server.
2023.03.19 23:45:45 INFO  Shut down connection with build server.
